{"/home/joe/Documents/dev/data-structures/binary-heap/binaryHeap.js":{"path":"/home/joe/Documents/dev/data-structures/binary-heap/binaryHeap.js","statementMap":{"0":{"start":{"line":2,"column":2},"end":{"line":2,"column":20}},"1":{"start":{"line":3,"column":2},"end":{"line":3,"column":37}},"2":{"start":{"line":6,"column":0},"end":{"line":113,"column":2}},"3":{"start":{"line":9,"column":4},"end":{"line":9,"column":31}},"4":{"start":{"line":11,"column":4},"end":{"line":11,"column":43}},"5":{"start":{"line":16,"column":17},"end":{"line":16,"column":32}},"6":{"start":{"line":18,"column":14},"end":{"line":18,"column":32}},"7":{"start":{"line":21,"column":4},"end":{"line":24,"column":5}},"8":{"start":{"line":22,"column":6},"end":{"line":22,"column":28}},"9":{"start":{"line":23,"column":6},"end":{"line":23,"column":23}},"10":{"start":{"line":25,"column":4},"end":{"line":25,"column":18}},"11":{"start":{"line":29,"column":19},"end":{"line":29,"column":38}},"12":{"start":{"line":32,"column":4},"end":{"line":46,"column":5}},"13":{"start":{"line":33,"column":6},"end":{"line":33,"column":44}},"14":{"start":{"line":33,"column":35},"end":{"line":33,"column":44}},"15":{"start":{"line":36,"column":18},"end":{"line":36,"column":36}},"16":{"start":{"line":39,"column":6},"end":{"line":39,"column":33}},"17":{"start":{"line":39,"column":27},"end":{"line":39,"column":33}},"18":{"start":{"line":42,"column":6},"end":{"line":42,"column":28}},"19":{"start":{"line":43,"column":6},"end":{"line":43,"column":23}},"20":{"start":{"line":44,"column":6},"end":{"line":44,"column":23}},"21":{"start":{"line":45,"column":6},"end":{"line":45,"column":12}},"22":{"start":{"line":50,"column":4},"end":{"line":50,"column":31}},"23":{"start":{"line":55,"column":20},"end":{"line":55,"column":35}},"24":{"start":{"line":55,"column":45},"end":{"line":55,"column":72}},"25":{"start":{"line":57,"column":4},"end":{"line":71,"column":5}},"26":{"start":{"line":59,"column":22},"end":{"line":59,"column":49}},"27":{"start":{"line":60,"column":15},"end":{"line":60,"column":36}},"28":{"start":{"line":63,"column":6},"end":{"line":64,"column":14}},"29":{"start":{"line":64,"column":8},"end":{"line":64,"column":14}},"30":{"start":{"line":68,"column":6},"end":{"line":68,"column":38}},"31":{"start":{"line":69,"column":6},"end":{"line":69,"column":31}},"32":{"start":{"line":70,"column":6},"end":{"line":70,"column":18}},"33":{"start":{"line":76,"column":19},"end":{"line":76,"column":38}},"34":{"start":{"line":77,"column":14},"end":{"line":77,"column":29}},"35":{"start":{"line":78,"column":16},"end":{"line":78,"column":43}},"36":{"start":{"line":80,"column":4},"end":{"line":111,"column":5}},"37":{"start":{"line":83,"column":22},"end":{"line":83,"column":33}},"38":{"start":{"line":83,"column":45},"end":{"line":83,"column":56}},"39":{"start":{"line":86,"column":17},"end":{"line":86,"column":21}},"40":{"start":{"line":88,"column":6},"end":{"line":95,"column":7}},"41":{"start":{"line":90,"column":8},"end":{"line":91,"column":49}},"42":{"start":{"line":93,"column":8},"end":{"line":94,"column":25}},"43":{"start":{"line":94,"column":10},"end":{"line":94,"column":25}},"44":{"start":{"line":97,"column":6},"end":{"line":102,"column":7}},"45":{"start":{"line":98,"column":21},"end":{"line":98,"column":42}},"46":{"start":{"line":99,"column":22},"end":{"line":99,"column":48}},"47":{"start":{"line":100,"column":8},"end":{"line":101,"column":25}},"48":{"start":{"line":101,"column":10},"end":{"line":101,"column":25}},"49":{"start":{"line":105,"column":6},"end":{"line":105,"column":30}},"50":{"start":{"line":105,"column":24},"end":{"line":105,"column":30}},"51":{"start":{"line":108,"column":6},"end":{"line":108,"column":43}},"52":{"start":{"line":109,"column":6},"end":{"line":109,"column":35}},"53":{"start":{"line":110,"column":6},"end":{"line":110,"column":15}},"54":{"start":{"line":115,"column":0},"end":{"line":115,"column":28}}},"fnMap":{"0":{"name":"BinaryHeap","decl":{"start":{"line":1,"column":9},"end":{"line":1,"column":19}},"loc":{"start":{"line":1,"column":34},"end":{"line":4,"column":1}},"line":1},"1":{"name":"(anonymous_1)","decl":{"start":{"line":7,"column":8},"end":{"line":7,"column":9}},"loc":{"start":{"line":7,"column":26},"end":{"line":12,"column":3}},"line":7},"2":{"name":"(anonymous_2)","decl":{"start":{"line":14,"column":7},"end":{"line":14,"column":8}},"loc":{"start":{"line":14,"column":18},"end":{"line":26,"column":3}},"line":14},"3":{"name":"(anonymous_3)","decl":{"start":{"line":28,"column":10},"end":{"line":28,"column":11}},"loc":{"start":{"line":28,"column":25},"end":{"line":47,"column":3}},"line":28},"4":{"name":"(anonymous_4)","decl":{"start":{"line":49,"column":8},"end":{"line":49,"column":9}},"loc":{"start":{"line":49,"column":19},"end":{"line":51,"column":3}},"line":49},"5":{"name":"(anonymous_5)","decl":{"start":{"line":53,"column":12},"end":{"line":53,"column":13}},"loc":{"start":{"line":53,"column":24},"end":{"line":72,"column":3}},"line":53},"6":{"name":"(anonymous_6)","decl":{"start":{"line":74,"column":12},"end":{"line":74,"column":13}},"loc":{"start":{"line":74,"column":24},"end":{"line":112,"column":3}},"line":74}},"branchMap":{"0":{"loc":{"start":{"line":21,"column":4},"end":{"line":24,"column":5}},"type":"if","locations":[{"start":{"line":21,"column":4},"end":{"line":24,"column":5}},{"start":{"line":21,"column":4},"end":{"line":24,"column":5}}],"line":21},"1":{"loc":{"start":{"line":33,"column":6},"end":{"line":33,"column":44}},"type":"if","locations":[{"start":{"line":33,"column":6},"end":{"line":33,"column":44}},{"start":{"line":33,"column":6},"end":{"line":33,"column":44}}],"line":33},"2":{"loc":{"start":{"line":39,"column":6},"end":{"line":39,"column":33}},"type":"if","locations":[{"start":{"line":39,"column":6},"end":{"line":39,"column":33}},{"start":{"line":39,"column":6},"end":{"line":39,"column":33}}],"line":39},"3":{"loc":{"start":{"line":63,"column":6},"end":{"line":64,"column":14}},"type":"if","locations":[{"start":{"line":63,"column":6},"end":{"line":64,"column":14}},{"start":{"line":63,"column":6},"end":{"line":64,"column":14}}],"line":63},"4":{"loc":{"start":{"line":88,"column":6},"end":{"line":95,"column":7}},"type":"if","locations":[{"start":{"line":88,"column":6},"end":{"line":95,"column":7}},{"start":{"line":88,"column":6},"end":{"line":95,"column":7}}],"line":88},"5":{"loc":{"start":{"line":93,"column":8},"end":{"line":94,"column":25}},"type":"if","locations":[{"start":{"line":93,"column":8},"end":{"line":94,"column":25}},{"start":{"line":93,"column":8},"end":{"line":94,"column":25}}],"line":93},"6":{"loc":{"start":{"line":97,"column":6},"end":{"line":102,"column":7}},"type":"if","locations":[{"start":{"line":97,"column":6},"end":{"line":102,"column":7}},{"start":{"line":97,"column":6},"end":{"line":102,"column":7}}],"line":97},"7":{"loc":{"start":{"line":100,"column":8},"end":{"line":101,"column":25}},"type":"if","locations":[{"start":{"line":100,"column":8},"end":{"line":101,"column":25}},{"start":{"line":100,"column":8},"end":{"line":101,"column":25}}],"line":100},"8":{"loc":{"start":{"line":100,"column":27},"end":{"line":100,"column":65}},"type":"cond-expr","locations":[{"start":{"line":100,"column":42},"end":{"line":100,"column":51}},{"start":{"line":100,"column":54},"end":{"line":100,"column":65}}],"line":100},"9":{"loc":{"start":{"line":105,"column":6},"end":{"line":105,"column":30}},"type":"if","locations":[{"start":{"line":105,"column":6},"end":{"line":105,"column":30}},{"start":{"line":105,"column":6},"end":{"line":105,"column":30}}],"line":105}},"s":{"0":2,"1":2,"2":1,"3":17,"4":17,"5":6,"6":6,"7":6,"8":0,"9":0,"10":6,"11":0,"12":0,"13":0,"14":0,"15":0,"16":0,"17":0,"18":0,"19":0,"20":0,"21":0,"22":6,"23":17,"24":17,"25":17,"26":17,"27":17,"28":17,"29":7,"30":10,"31":10,"32":10,"33":0,"34":0,"35":0,"36":0,"37":0,"38":0,"39":0,"40":0,"41":0,"42":0,"43":0,"44":0,"45":0,"46":0,"47":0,"48":0,"49":0,"50":0,"51":0,"52":0,"53":0,"54":1},"f":{"0":2,"1":17,"2":6,"3":0,"4":6,"5":17,"6":0},"b":{"0":[0,6],"1":[0,0],"2":[0,0],"3":[7,10],"4":[0,0],"5":[0,0],"6":[0,0],"7":[0,0],"8":[0,0],"9":[0,0]},"_coverageSchema":"332fd63041d2c1bcb487cc26dd0d5f7d97098a6c","hash":"7a1988c0cd79d025c9c025eb0ddd6f7c064cc78c","contentHash":"961fd60576fe397e7293a1439f06b50b_10.2.0"},"/home/joe/Documents/dev/data-structures/bitwise/bitwise-basics.js":{"path":"/home/joe/Documents/dev/data-structures/bitwise/bitwise-basics.js","statementMap":{"0":{"start":{"line":1,"column":19},"end":{"line":3,"column":1}},"1":{"start":{"line":2,"column":2},"end":{"line":2,"column":29}},"2":{"start":{"line":4,"column":0},"end":{"line":4,"column":18}},"3":{"start":{"line":6,"column":18},"end":{"line":8,"column":1}},"4":{"start":{"line":7,"column":2},"end":{"line":7,"column":29}},"5":{"start":{"line":9,"column":0},"end":{"line":9,"column":17}},"6":{"start":{"line":11,"column":19},"end":{"line":13,"column":1}},"7":{"start":{"line":12,"column":2},"end":{"line":12,"column":29}},"8":{"start":{"line":14,"column":0},"end":{"line":14,"column":18}},"9":{"start":{"line":16,"column":19},"end":{"line":18,"column":1}},"10":{"start":{"line":17,"column":2},"end":{"line":17,"column":32}},"11":{"start":{"line":19,"column":0},"end":{"line":19,"column":14}},"12":{"start":{"line":21,"column":25},"end":{"line":23,"column":1}},"13":{"start":{"line":22,"column":2},"end":{"line":22,"column":33}},"14":{"start":{"line":24,"column":0},"end":{"line":24,"column":23}},"15":{"start":{"line":26,"column":41},"end":{"line":28,"column":1}},"16":{"start":{"line":27,"column":2},"end":{"line":27,"column":33}},"17":{"start":{"line":29,"column":0},"end":{"line":29,"column":39}},"18":{"start":{"line":31,"column":34},"end":{"line":33,"column":1}},"19":{"start":{"line":32,"column":2},"end":{"line":32,"column":34}},"20":{"start":{"line":35,"column":15},"end":{"line":37,"column":1}},"21":{"start":{"line":36,"column":2},"end":{"line":36,"column":18}},"22":{"start":{"line":39,"column":14},"end":{"line":41,"column":1}},"23":{"start":{"line":40,"column":2},"end":{"line":40,"column":24}},"24":{"start":{"line":43,"column":16},"end":{"line":45,"column":1}},"25":{"start":{"line":44,"column":2},"end":{"line":44,"column":33}},"26":{"start":{"line":48,"column":15},"end":{"line":50,"column":1}},"27":{"start":{"line":49,"column":2},"end":{"line":49,"column":22}},"28":{"start":{"line":52,"column":19},"end":{"line":54,"column":1}},"29":{"start":{"line":53,"column":2},"end":{"line":53,"column":13}},"30":{"start":{"line":56,"column":0},"end":{"line":69,"column":2}}},"fnMap":{"0":{"name":"(anonymous_0)","decl":{"start":{"line":1,"column":19},"end":{"line":1,"column":20}},"loc":{"start":{"line":1,"column":29},"end":{"line":3,"column":1}},"line":1},"1":{"name":"(anonymous_1)","decl":{"start":{"line":6,"column":18},"end":{"line":6,"column":19}},"loc":{"start":{"line":6,"column":28},"end":{"line":8,"column":1}},"line":6},"2":{"name":"(anonymous_2)","decl":{"start":{"line":11,"column":19},"end":{"line":11,"column":20}},"loc":{"start":{"line":11,"column":29},"end":{"line":13,"column":1}},"line":11},"3":{"name":"(anonymous_3)","decl":{"start":{"line":16,"column":19},"end":{"line":16,"column":20}},"loc":{"start":{"line":16,"column":26},"end":{"line":18,"column":1}},"line":16},"4":{"name":"(anonymous_4)","decl":{"start":{"line":21,"column":25},"end":{"line":21,"column":26}},"loc":{"start":{"line":21,"column":38},"end":{"line":23,"column":1}},"line":21},"5":{"name":"(anonymous_5)","decl":{"start":{"line":26,"column":41},"end":{"line":26,"column":42}},"loc":{"start":{"line":26,"column":54},"end":{"line":28,"column":1}},"line":26},"6":{"name":"(anonymous_6)","decl":{"start":{"line":31,"column":34},"end":{"line":31,"column":35}},"loc":{"start":{"line":31,"column":47},"end":{"line":33,"column":1}},"line":31},"7":{"name":"(anonymous_7)","decl":{"start":{"line":35,"column":15},"end":{"line":35,"column":16}},"loc":{"start":{"line":35,"column":22},"end":{"line":37,"column":1}},"line":35},"8":{"name":"(anonymous_8)","decl":{"start":{"line":39,"column":14},"end":{"line":39,"column":15}},"loc":{"start":{"line":39,"column":21},"end":{"line":41,"column":1}},"line":39},"9":{"name":"(anonymous_9)","decl":{"start":{"line":43,"column":16},"end":{"line":43,"column":17}},"loc":{"start":{"line":43,"column":25},"end":{"line":45,"column":1}},"line":43},"10":{"name":"(anonymous_10)","decl":{"start":{"line":48,"column":15},"end":{"line":48,"column":16}},"loc":{"start":{"line":48,"column":25},"end":{"line":50,"column":1}},"line":48},"11":{"name":"(anonymous_11)","decl":{"start":{"line":52,"column":19},"end":{"line":52,"column":20}},"loc":{"start":{"line":52,"column":26},"end":{"line":54,"column":1}},"line":52}},"branchMap":{},"s":{"0":1,"1":2,"2":1,"3":1,"4":2,"5":1,"6":1,"7":2,"8":1,"9":1,"10":2,"11":1,"12":1,"13":2,"14":1,"15":1,"16":2,"17":1,"18":1,"19":2,"20":1,"21":2,"22":1,"23":2,"24":1,"25":4,"26":1,"27":6,"28":1,"29":2,"30":1},"f":{"0":2,"1":2,"2":2,"3":2,"4":2,"5":2,"6":2,"7":2,"8":2,"9":4,"10":6,"11":2},"b":{},"_coverageSchema":"332fd63041d2c1bcb487cc26dd0d5f7d97098a6c","hash":"1ebd32b345ed715f3db51cd26d83f0db4e003927","contentHash":"37cd361a7dcdb303c0728b3eb56fa66c_10.2.0"},"/home/joe/Documents/dev/data-structures/bitwise/bitwise-rgb-hex-binary.js":{"path":"/home/joe/Documents/dev/data-structures/bitwise/bitwise-rgb-hex-binary.js","statementMap":{"0":{"start":{"line":2,"column":17},"end":{"line":7,"column":1}},"1":{"start":{"line":3,"column":14},"end":{"line":3,"column":34}},"2":{"start":{"line":4,"column":2},"end":{"line":6,"column":22}},"3":{"start":{"line":5,"column":4},"end":{"line":5,"column":52}},"4":{"start":{"line":10,"column":17},"end":{"line":15,"column":1}},"5":{"start":{"line":11,"column":14},"end":{"line":11,"column":34}},"6":{"start":{"line":12,"column":2},"end":{"line":14,"column":41}},"7":{"start":{"line":13,"column":4},"end":{"line":13,"column":51}},"8":{"start":{"line":18,"column":17},"end":{"line":24,"column":1}},"9":{"start":{"line":19,"column":15},"end":{"line":19,"column":33}},"10":{"start":{"line":20,"column":12},"end":{"line":20,"column":22}},"11":{"start":{"line":21,"column":12},"end":{"line":21,"column":28}},"12":{"start":{"line":22,"column":12},"end":{"line":22,"column":23}},"13":{"start":{"line":23,"column":2},"end":{"line":23,"column":19}},"14":{"start":{"line":27,"column":17},"end":{"line":32,"column":1}},"15":{"start":{"line":28,"column":12},"end":{"line":28,"column":21}},"16":{"start":{"line":29,"column":12},"end":{"line":29,"column":27}},"17":{"start":{"line":30,"column":12},"end":{"line":30,"column":22}},"18":{"start":{"line":31,"column":2},"end":{"line":31,"column":19}},"19":{"start":{"line":34,"column":0},"end":{"line":39,"column":2}}},"fnMap":{"0":{"name":"(anonymous_0)","decl":{"start":{"line":2,"column":17},"end":{"line":2,"column":18}},"loc":{"start":{"line":2,"column":32},"end":{"line":7,"column":1}},"line":2},"1":{"name":"(anonymous_1)","decl":{"start":{"line":4,"column":10},"end":{"line":4,"column":11}},"loc":{"start":{"line":4,"column":17},"end":{"line":6,"column":3}},"line":4},"2":{"name":"(anonymous_2)","decl":{"start":{"line":10,"column":17},"end":{"line":10,"column":18}},"loc":{"start":{"line":10,"column":32},"end":{"line":15,"column":1}},"line":10},"3":{"name":"(anonymous_3)","decl":{"start":{"line":12,"column":10},"end":{"line":12,"column":11}},"loc":{"start":{"line":12,"column":19},"end":{"line":14,"column":3}},"line":12},"4":{"name":"(anonymous_4)","decl":{"start":{"line":18,"column":17},"end":{"line":18,"column":18}},"loc":{"start":{"line":18,"column":28},"end":{"line":24,"column":1}},"line":18},"5":{"name":"(anonymous_5)","decl":{"start":{"line":27,"column":17},"end":{"line":27,"column":18}},"loc":{"start":{"line":27,"column":28},"end":{"line":32,"column":1}},"line":27}},"branchMap":{},"s":{"0":1,"1":3,"2":3,"3":3,"4":1,"5":3,"6":3,"7":3,"8":1,"9":3,"10":3,"11":3,"12":3,"13":3,"14":1,"15":3,"16":3,"17":3,"18":3,"19":1},"f":{"0":3,"1":3,"2":3,"3":3,"4":3,"5":3},"b":{},"_coverageSchema":"332fd63041d2c1bcb487cc26dd0d5f7d97098a6c","hash":"b27a64f0620d8ff9a3666c9659fa2b34a339985d","contentHash":"4c9a64d708bd2d4f123339ead84e9fc3_10.2.0"},"/home/joe/Documents/dev/data-structures/graph/graphNode.js":{"path":"/home/joe/Documents/dev/data-structures/graph/graphNode.js","statementMap":{"0":{"start":{"line":3,"column":4},"end":{"line":3,"column":21}},"1":{"start":{"line":4,"column":4},"end":{"line":4,"column":23}},"2":{"start":{"line":5,"column":4},"end":{"line":5,"column":24}},"3":{"start":{"line":9,"column":4},"end":{"line":14,"column":5}},"4":{"start":{"line":10,"column":6},"end":{"line":10,"column":50}},"5":{"start":{"line":11,"column":11},"end":{"line":14,"column":5}},"6":{"start":{"line":12,"column":6},"end":{"line":12,"column":27}},"7":{"start":{"line":13,"column":6},"end":{"line":13,"column":28}},"8":{"start":{"line":15,"column":4},"end":{"line":15,"column":26}},"9":{"start":{"line":19,"column":4},"end":{"line":19,"column":26}},"10":{"start":{"line":23,"column":4},"end":{"line":23,"column":22}},"11":{"start":{"line":27,"column":4},"end":{"line":27,"column":21}},"12":{"start":{"line":31,"column":0},"end":{"line":31,"column":22}}},"fnMap":{"0":{"name":"(anonymous_0)","decl":{"start":{"line":2,"column":2},"end":{"line":2,"column":3}},"loc":{"start":{"line":2,"column":27},"end":{"line":6,"column":3}},"line":2},"1":{"name":"(anonymous_1)","decl":{"start":{"line":8,"column":2},"end":{"line":8,"column":3}},"loc":{"start":{"line":8,"column":20},"end":{"line":16,"column":3}},"line":8},"2":{"name":"(anonymous_2)","decl":{"start":{"line":18,"column":2},"end":{"line":18,"column":3}},"loc":{"start":{"line":18,"column":17},"end":{"line":20,"column":3}},"line":18},"3":{"name":"(anonymous_3)","decl":{"start":{"line":22,"column":2},"end":{"line":22,"column":3}},"loc":{"start":{"line":22,"column":13},"end":{"line":24,"column":3}},"line":22},"4":{"name":"(anonymous_4)","decl":{"start":{"line":26,"column":2},"end":{"line":26,"column":3}},"loc":{"start":{"line":26,"column":13},"end":{"line":28,"column":3}},"line":26}},"branchMap":{"0":{"loc":{"start":{"line":9,"column":4},"end":{"line":14,"column":5}},"type":"if","locations":[{"start":{"line":9,"column":4},"end":{"line":14,"column":5}},{"start":{"line":9,"column":4},"end":{"line":14,"column":5}}],"line":9},"1":{"loc":{"start":{"line":9,"column":8},"end":{"line":9,"column":56}},"type":"binary-expr","locations":[{"start":{"line":9,"column":8},"end":{"line":9,"column":35}},{"start":{"line":9,"column":39},"end":{"line":9,"column":56}}],"line":9},"2":{"loc":{"start":{"line":11,"column":11},"end":{"line":14,"column":5}},"type":"if","locations":[{"start":{"line":11,"column":11},"end":{"line":14,"column":5}},{"start":{"line":11,"column":11},"end":{"line":14,"column":5}}],"line":11},"3":{"loc":{"start":{"line":11,"column":15},"end":{"line":11,"column":63}},"type":"binary-expr","locations":[{"start":{"line":11,"column":15},"end":{"line":11,"column":42}},{"start":{"line":11,"column":46},"end":{"line":11,"column":63}}],"line":11}},"s":{"0":114,"1":114,"2":114,"3":35,"4":1,"5":34,"6":31,"7":31,"8":4,"9":30,"10":28,"11":0,"12":1},"f":{"0":114,"1":35,"2":30,"3":28,"4":0},"b":{"0":[1,34],"1":[35,1],"2":[31,3],"3":[34,34]},"_coverageSchema":"332fd63041d2c1bcb487cc26dd0d5f7d97098a6c","hash":"b0064feb9c1f0bfe85d3c3a53ecbfb4463fb5c5e","contentHash":"3a8c645d98c2dd2e979f0c20c48196f6_10.2.0"},"/home/joe/Documents/dev/data-structures/graph-traversing/breadth-first-search.js":{"path":"/home/joe/Documents/dev/data-structures/graph-traversing/breadth-first-search.js","statementMap":{"0":{"start":{"line":12,"column":12},"end":{"line":44,"column":1}},"1":{"start":{"line":14,"column":15},"end":{"line":14,"column":17}},"2":{"start":{"line":15,"column":2},"end":{"line":15,"column":19}},"3":{"start":{"line":16,"column":15},"end":{"line":16,"column":27}},"4":{"start":{"line":19,"column":22},"end":{"line":19,"column":29}},"5":{"start":{"line":20,"column":21},"end":{"line":20,"column":23}},"6":{"start":{"line":23,"column":2},"end":{"line":40,"column":3}},"7":{"start":{"line":26,"column":20},"end":{"line":26,"column":32}},"8":{"start":{"line":29,"column":4},"end":{"line":29,"column":34}},"9":{"start":{"line":32,"column":4},"end":{"line":39,"column":7}},"10":{"start":{"line":35,"column":6},"end":{"line":38,"column":7}},"11":{"start":{"line":36,"column":8},"end":{"line":36,"column":31}},"12":{"start":{"line":37,"column":8},"end":{"line":37,"column":24}},"13":{"start":{"line":43,"column":2},"end":{"line":43,"column":20}},"14":{"start":{"line":46,"column":0},"end":{"line":46,"column":21}}},"fnMap":{"0":{"name":"(anonymous_0)","decl":{"start":{"line":12,"column":12},"end":{"line":12,"column":13}},"loc":{"start":{"line":12,"column":23},"end":{"line":44,"column":1}},"line":12},"1":{"name":"(anonymous_1)","decl":{"start":{"line":32,"column":30},"end":{"line":32,"column":31}},"loc":{"start":{"line":32,"column":40},"end":{"line":39,"column":5}},"line":32}},"branchMap":{"0":{"loc":{"start":{"line":35,"column":6},"end":{"line":38,"column":7}},"type":"if","locations":[{"start":{"line":35,"column":6},"end":{"line":38,"column":7}},{"start":{"line":35,"column":6},"end":{"line":38,"column":7}}],"line":35}},"s":{"0":1,"1":6,"2":6,"3":6,"4":6,"5":6,"6":6,"7":14,"8":14,"9":14,"10":8,"11":8,"12":8,"13":6,"14":1},"f":{"0":6,"1":8},"b":{"0":[8,0]},"_coverageSchema":"332fd63041d2c1bcb487cc26dd0d5f7d97098a6c","hash":"43763c62c689a1884b530b02b2f136b87deb0ff7","contentHash":"9ca040eab1537bbc3e86168ec312e270_10.2.0"},"/home/joe/Documents/dev/data-structures/graph-traversing/depth-first-search-imperative.js":{"path":"/home/joe/Documents/dev/data-structures/graph-traversing/depth-first-search-imperative.js","statementMap":{"0":{"start":{"line":1,"column":12},"end":{"line":22,"column":1}},"1":{"start":{"line":2,"column":16},"end":{"line":2,"column":23}},"2":{"start":{"line":3,"column":18},"end":{"line":3,"column":20}},"3":{"start":{"line":4,"column":17},"end":{"line":4,"column":22}},"4":{"start":{"line":6,"column":2},"end":{"line":17,"column":3}},"5":{"start":{"line":7,"column":4},"end":{"line":7,"column":27}},"6":{"start":{"line":8,"column":4},"end":{"line":10,"column":5}},"7":{"start":{"line":9,"column":6},"end":{"line":9,"column":22}},"8":{"start":{"line":11,"column":4},"end":{"line":16,"column":5}},"9":{"start":{"line":12,"column":6},"end":{"line":12,"column":29}},"10":{"start":{"line":13,"column":6},"end":{"line":15,"column":9}},"11":{"start":{"line":14,"column":8},"end":{"line":14,"column":22}},"12":{"start":{"line":19,"column":2},"end":{"line":21,"column":3}},"13":{"start":{"line":20,"column":4},"end":{"line":20,"column":17}},"14":{"start":{"line":24,"column":0},"end":{"line":24,"column":21}}},"fnMap":{"0":{"name":"(anonymous_0)","decl":{"start":{"line":1,"column":12},"end":{"line":1,"column":13}},"loc":{"start":{"line":1,"column":34},"end":{"line":22,"column":1}},"line":1},"1":{"name":"(anonymous_1)","decl":{"start":{"line":13,"column":33},"end":{"line":13,"column":34}},"loc":{"start":{"line":13,"column":40},"end":{"line":15,"column":7}},"line":13}},"branchMap":{"0":{"loc":{"start":{"line":8,"column":4},"end":{"line":10,"column":5}},"type":"if","locations":[{"start":{"line":8,"column":4},"end":{"line":10,"column":5}},{"start":{"line":8,"column":4},"end":{"line":10,"column":5}}],"line":8},"1":{"loc":{"start":{"line":11,"column":4},"end":{"line":16,"column":5}},"type":"if","locations":[{"start":{"line":11,"column":4},"end":{"line":16,"column":5}},{"start":{"line":11,"column":4},"end":{"line":16,"column":5}}],"line":11},"2":{"loc":{"start":{"line":19,"column":2},"end":{"line":21,"column":3}},"type":"if","locations":[{"start":{"line":19,"column":2},"end":{"line":21,"column":3}},{"start":{"line":19,"column":2},"end":{"line":21,"column":3}}],"line":19}},"s":{"0":1,"1":9,"2":9,"3":9,"4":9,"5":28,"6":28,"7":7,"8":21,"9":21,"10":21,"11":23,"12":2,"13":2,"14":1},"f":{"0":9,"1":23},"b":{"0":[7,21],"1":[21,0],"2":[2,0]},"_coverageSchema":"332fd63041d2c1bcb487cc26dd0d5f7d97098a6c","hash":"20f7f76d1459479cc9676b94df4206def349ebb6","contentHash":"bf87dc761dd09f9c931578cb520cef51_10.2.0"},"/home/joe/Documents/dev/data-structures/graph-traversing/depth-first-search-recursive.js":{"path":"/home/joe/Documents/dev/data-structures/graph-traversing/depth-first-search-recursive.js","statementMap":{"0":{"start":{"line":8,"column":12},"end":{"line":35,"column":1}},"1":{"start":{"line":9,"column":2},"end":{"line":11,"column":3}},"2":{"start":{"line":10,"column":4},"end":{"line":10,"column":37}},"3":{"start":{"line":14,"column":2},"end":{"line":16,"column":3}},"4":{"start":{"line":15,"column":4},"end":{"line":15,"column":17}},"5":{"start":{"line":19,"column":20},"end":{"line":19,"column":40}},"6":{"start":{"line":22,"column":2},"end":{"line":32,"column":3}},"7":{"start":{"line":23,"column":4},"end":{"line":23,"column":25}},"8":{"start":{"line":26,"column":4},"end":{"line":26,"column":34}},"9":{"start":{"line":29,"column":4},"end":{"line":31,"column":5}},"10":{"start":{"line":30,"column":6},"end":{"line":30,"column":19}},"11":{"start":{"line":34,"column":2},"end":{"line":34,"column":15}},"12":{"start":{"line":37,"column":0},"end":{"line":37,"column":21}}},"fnMap":{"0":{"name":"(anonymous_0)","decl":{"start":{"line":8,"column":12},"end":{"line":8,"column":13}},"loc":{"start":{"line":8,"column":34},"end":{"line":35,"column":1}},"line":8}},"branchMap":{"0":{"loc":{"start":{"line":9,"column":2},"end":{"line":11,"column":3}},"type":"if","locations":[{"start":{"line":9,"column":2},"end":{"line":11,"column":3}},{"start":{"line":9,"column":2},"end":{"line":11,"column":3}}],"line":9},"1":{"loc":{"start":{"line":9,"column":6},"end":{"line":9,"column":26}},"type":"binary-expr","locations":[{"start":{"line":9,"column":6},"end":{"line":9,"column":16}},{"start":{"line":9,"column":20},"end":{"line":9,"column":26}}],"line":9},"2":{"loc":{"start":{"line":14,"column":2},"end":{"line":16,"column":3}},"type":"if","locations":[{"start":{"line":14,"column":2},"end":{"line":16,"column":3}},{"start":{"line":14,"column":2},"end":{"line":16,"column":3}}],"line":14},"3":{"loc":{"start":{"line":29,"column":4},"end":{"line":31,"column":5}},"type":"if","locations":[{"start":{"line":29,"column":4},"end":{"line":31,"column":5}},{"start":{"line":29,"column":4},"end":{"line":31,"column":5}}],"line":29}},"s":{"0":1,"1":28,"2":0,"3":28,"4":7,"5":21,"6":21,"7":19,"8":19,"9":19,"10":11,"11":10,"12":1},"f":{"0":28},"b":{"0":[0,28],"1":[28,28],"2":[7,21],"3":[11,8]},"_coverageSchema":"332fd63041d2c1bcb487cc26dd0d5f7d97098a6c","hash":"ecdedb083bd8313b18d1269120ef1209b5cd25f2","contentHash":"a7c1b8d9514ad5f3cd9850f0e2ecd158_10.2.0"},"/home/joe/Documents/dev/data-structures/hash-table/hash-table.js":{"path":"/home/joe/Documents/dev/data-structures/hash-table/hash-table.js","statementMap":{"0":{"start":{"line":3,"column":4},"end":{"line":3,"column":23}},"1":{"start":{"line":4,"column":4},"end":{"line":4,"column":27}},"2":{"start":{"line":8,"column":17},"end":{"line":8,"column":49}},"3":{"start":{"line":11,"column":4},"end":{"line":15,"column":5}},"4":{"start":{"line":12,"column":6},"end":{"line":12,"column":48}},"5":{"start":{"line":14,"column":6},"end":{"line":14,"column":31}},"6":{"start":{"line":17,"column":4},"end":{"line":22,"column":5}},"7":{"start":{"line":18,"column":21},"end":{"line":18,"column":43}},"8":{"start":{"line":19,"column":6},"end":{"line":21,"column":7}},"9":{"start":{"line":20,"column":8},"end":{"line":20,"column":57}},"10":{"start":{"line":23,"column":4},"end":{"line":23,"column":43}},"11":{"start":{"line":24,"column":4},"end":{"line":24,"column":22}},"12":{"start":{"line":28,"column":17},"end":{"line":28,"column":49}},"13":{"start":{"line":29,"column":4},"end":{"line":31,"column":5}},"14":{"start":{"line":30,"column":6},"end":{"line":30,"column":34}},"15":{"start":{"line":32,"column":4},"end":{"line":37,"column":5}},"16":{"start":{"line":33,"column":21},"end":{"line":33,"column":43}},"17":{"start":{"line":34,"column":6},"end":{"line":36,"column":7}},"18":{"start":{"line":35,"column":8},"end":{"line":35,"column":22}},"19":{"start":{"line":41,"column":17},"end":{"line":41,"column":49}},"20":{"start":{"line":42,"column":4},"end":{"line":44,"column":5}},"21":{"start":{"line":43,"column":6},"end":{"line":43,"column":34}},"22":{"start":{"line":45,"column":4},"end":{"line":50,"column":5}},"23":{"start":{"line":46,"column":6},"end":{"line":49,"column":7}},"24":{"start":{"line":47,"column":8},"end":{"line":47,"column":44}},"25":{"start":{"line":48,"column":8},"end":{"line":48,"column":32}},"26":{"start":{"line":55,"column":16},"end":{"line":63,"column":1}},"27":{"start":{"line":56,"column":13},"end":{"line":56,"column":14}},"28":{"start":{"line":57,"column":2},"end":{"line":61,"column":3}},"29":{"start":{"line":58,"column":4},"end":{"line":58,"column":52}},"30":{"start":{"line":59,"column":4},"end":{"line":59,"column":17}},"31":{"start":{"line":60,"column":4},"end":{"line":60,"column":26}},"32":{"start":{"line":62,"column":2},"end":{"line":62,"column":20}},"33":{"start":{"line":65,"column":0},"end":{"line":65,"column":27}}},"fnMap":{"0":{"name":"(anonymous_0)","decl":{"start":{"line":2,"column":2},"end":{"line":2,"column":3}},"loc":{"start":{"line":2,"column":16},"end":{"line":5,"column":3}},"line":2},"1":{"name":"(anonymous_1)","decl":{"start":{"line":7,"column":2},"end":{"line":7,"column":3}},"loc":{"start":{"line":7,"column":21},"end":{"line":25,"column":3}},"line":7},"2":{"name":"(anonymous_2)","decl":{"start":{"line":27,"column":2},"end":{"line":27,"column":3}},"loc":{"start":{"line":27,"column":16},"end":{"line":38,"column":3}},"line":27},"3":{"name":"(anonymous_3)","decl":{"start":{"line":40,"column":2},"end":{"line":40,"column":3}},"loc":{"start":{"line":40,"column":14},"end":{"line":51,"column":3}},"line":40},"4":{"name":"(anonymous_4)","decl":{"start":{"line":55,"column":16},"end":{"line":55,"column":17}},"loc":{"start":{"line":55,"column":30},"end":{"line":63,"column":1}},"line":55}},"branchMap":{"0":{"loc":{"start":{"line":11,"column":4},"end":{"line":15,"column":5}},"type":"if","locations":[{"start":{"line":11,"column":4},"end":{"line":15,"column":5}},{"start":{"line":11,"column":4},"end":{"line":15,"column":5}}],"line":11},"1":{"loc":{"start":{"line":19,"column":6},"end":{"line":21,"column":7}},"type":"if","locations":[{"start":{"line":19,"column":6},"end":{"line":21,"column":7}},{"start":{"line":19,"column":6},"end":{"line":21,"column":7}}],"line":19},"2":{"loc":{"start":{"line":29,"column":4},"end":{"line":31,"column":5}},"type":"if","locations":[{"start":{"line":29,"column":4},"end":{"line":31,"column":5}},{"start":{"line":29,"column":4},"end":{"line":31,"column":5}}],"line":29},"3":{"loc":{"start":{"line":34,"column":6},"end":{"line":36,"column":7}},"type":"if","locations":[{"start":{"line":34,"column":6},"end":{"line":36,"column":7}},{"start":{"line":34,"column":6},"end":{"line":36,"column":7}}],"line":34},"4":{"loc":{"start":{"line":42,"column":4},"end":{"line":44,"column":5}},"type":"if","locations":[{"start":{"line":42,"column":4},"end":{"line":44,"column":5}},{"start":{"line":42,"column":4},"end":{"line":44,"column":5}}],"line":42},"5":{"loc":{"start":{"line":46,"column":6},"end":{"line":49,"column":7}},"type":"if","locations":[{"start":{"line":46,"column":6},"end":{"line":49,"column":7}},{"start":{"line":46,"column":6},"end":{"line":49,"column":7}}],"line":46}},"s":{"0":6,"1":6,"2":20,"3":20,"4":8,"5":12,"6":20,"7":9,"8":9,"9":4,"10":16,"11":16,"12":7,"13":7,"14":3,"15":4,"16":5,"17":5,"18":4,"19":7,"20":7,"21":3,"22":4,"23":5,"24":4,"25":4,"26":1,"27":34,"28":34,"29":120,"30":120,"31":120,"32":34,"33":1},"f":{"0":6,"1":20,"2":7,"3":7,"4":34},"b":{"0":[8,12],"1":[4,5],"2":[3,4],"3":[4,1],"4":[3,4],"5":[4,1]},"_coverageSchema":"332fd63041d2c1bcb487cc26dd0d5f7d97098a6c","hash":"da4d3bdeab0af25a78747340b9008018a0ed1eca","contentHash":"44e711b760296cccf5d23025f5d961a6_10.2.0"},"/home/joe/Documents/dev/data-structures/linked-list/linkedList.js":{"path":"/home/joe/Documents/dev/data-structures/linked-list/linkedList.js","statementMap":{"0":{"start":{"line":8,"column":4},"end":{"line":8,"column":21}},"1":{"start":{"line":9,"column":4},"end":{"line":9,"column":21}},"2":{"start":{"line":14,"column":4},"end":{"line":14,"column":21}},"3":{"start":{"line":19,"column":4},"end":{"line":19,"column":21}},"4":{"start":{"line":24,"column":4},"end":{"line":27,"column":6}},"5":{"start":{"line":32,"column":17},"end":{"line":32,"column":38}},"6":{"start":{"line":35,"column":4},"end":{"line":39,"column":5}},"7":{"start":{"line":36,"column":6},"end":{"line":36,"column":23}},"8":{"start":{"line":38,"column":6},"end":{"line":38,"column":33}},"9":{"start":{"line":41,"column":4},"end":{"line":41,"column":21}},"10":{"start":{"line":42,"column":4},"end":{"line":42,"column":16}},"11":{"start":{"line":51,"column":19},"end":{"line":51,"column":33}},"12":{"start":{"line":52,"column":18},"end":{"line":52,"column":19}},"13":{"start":{"line":55,"column":4},"end":{"line":57,"column":5}},"14":{"start":{"line":56,"column":6},"end":{"line":56,"column":19}},"15":{"start":{"line":60,"column":4},"end":{"line":70,"column":5}},"16":{"start":{"line":63,"column":6},"end":{"line":65,"column":7}},"17":{"start":{"line":64,"column":8},"end":{"line":64,"column":21}},"18":{"start":{"line":68,"column":6},"end":{"line":68,"column":31}},"19":{"start":{"line":69,"column":6},"end":{"line":69,"column":16}},"20":{"start":{"line":72,"column":4},"end":{"line":72,"column":20}},"21":{"start":{"line":81,"column":21},"end":{"line":81,"column":38}},"22":{"start":{"line":82,"column":21},"end":{"line":82,"column":42}},"23":{"start":{"line":85,"column":4},"end":{"line":87,"column":5}},"24":{"start":{"line":86,"column":6},"end":{"line":86,"column":19}},"25":{"start":{"line":90,"column":4},"end":{"line":101,"column":5}},"26":{"start":{"line":91,"column":6},"end":{"line":91,"column":32}},"27":{"start":{"line":94,"column":11},"end":{"line":101,"column":5}},"28":{"start":{"line":95,"column":6},"end":{"line":95,"column":27}},"29":{"start":{"line":96,"column":6},"end":{"line":96,"column":36}},"30":{"start":{"line":100,"column":6},"end":{"line":100,"column":36}},"31":{"start":{"line":111,"column":21},"end":{"line":111,"column":38}},"32":{"start":{"line":112,"column":21},"end":{"line":112,"column":42}},"33":{"start":{"line":113,"column":17},"end":{"line":113,"column":38}},"34":{"start":{"line":116,"column":4},"end":{"line":118,"column":5}},"35":{"start":{"line":117,"column":6},"end":{"line":117,"column":19}},"36":{"start":{"line":120,"column":4},"end":{"line":130,"column":5}},"37":{"start":{"line":121,"column":6},"end":{"line":121,"column":23}},"38":{"start":{"line":122,"column":6},"end":{"line":122,"column":27}},"39":{"start":{"line":125,"column":6},"end":{"line":127,"column":7}},"40":{"start":{"line":126,"column":8},"end":{"line":126,"column":25}},"41":{"start":{"line":128,"column":6},"end":{"line":128,"column":27}},"42":{"start":{"line":129,"column":6},"end":{"line":129,"column":27}},"43":{"start":{"line":131,"column":4},"end":{"line":131,"column":16}},"44":{"start":{"line":135,"column":0},"end":{"line":135,"column":28}}},"fnMap":{"0":{"name":"(anonymous_0)","decl":{"start":{"line":7,"column":2},"end":{"line":7,"column":3}},"loc":{"start":{"line":7,"column":16},"end":{"line":10,"column":3}},"line":7},"1":{"name":"(anonymous_1)","decl":{"start":{"line":13,"column":2},"end":{"line":13,"column":3}},"loc":{"start":{"line":13,"column":12},"end":{"line":15,"column":3}},"line":13},"2":{"name":"(anonymous_2)","decl":{"start":{"line":18,"column":2},"end":{"line":18,"column":3}},"loc":{"start":{"line":18,"column":12},"end":{"line":20,"column":3}},"line":18},"3":{"name":"(anonymous_3)","decl":{"start":{"line":23,"column":2},"end":{"line":23,"column":3}},"loc":{"start":{"line":23,"column":19},"end":{"line":28,"column":3}},"line":23},"4":{"name":"(anonymous_4)","decl":{"start":{"line":31,"column":2},"end":{"line":31,"column":3}},"loc":{"start":{"line":31,"column":15},"end":{"line":43,"column":3}},"line":31},"5":{"name":"(anonymous_5)","decl":{"start":{"line":50,"column":2},"end":{"line":50,"column":3}},"loc":{"start":{"line":50,"column":15},"end":{"line":73,"column":3}},"line":50},"6":{"name":"(anonymous_6)","decl":{"start":{"line":80,"column":2},"end":{"line":80,"column":3}},"loc":{"start":{"line":80,"column":18},"end":{"line":102,"column":3}},"line":80},"7":{"name":"(anonymous_7)","decl":{"start":{"line":110,"column":2},"end":{"line":110,"column":3}},"loc":{"start":{"line":110,"column":25},"end":{"line":132,"column":3}},"line":110}},"branchMap":{"0":{"loc":{"start":{"line":35,"column":4},"end":{"line":39,"column":5}},"type":"if","locations":[{"start":{"line":35,"column":4},"end":{"line":39,"column":5}},{"start":{"line":35,"column":4},"end":{"line":39,"column":5}}],"line":35},"1":{"loc":{"start":{"line":55,"column":4},"end":{"line":57,"column":5}},"type":"if","locations":[{"start":{"line":55,"column":4},"end":{"line":57,"column":5}},{"start":{"line":55,"column":4},"end":{"line":57,"column":5}}],"line":55},"2":{"loc":{"start":{"line":63,"column":6},"end":{"line":65,"column":7}},"type":"if","locations":[{"start":{"line":63,"column":6},"end":{"line":65,"column":7}},{"start":{"line":63,"column":6},"end":{"line":65,"column":7}}],"line":63},"3":{"loc":{"start":{"line":85,"column":4},"end":{"line":87,"column":5}},"type":"if","locations":[{"start":{"line":85,"column":4},"end":{"line":87,"column":5}},{"start":{"line":85,"column":4},"end":{"line":87,"column":5}}],"line":85},"4":{"loc":{"start":{"line":90,"column":4},"end":{"line":101,"column":5}},"type":"if","locations":[{"start":{"line":90,"column":4},"end":{"line":101,"column":5}},{"start":{"line":90,"column":4},"end":{"line":101,"column":5}}],"line":90},"5":{"loc":{"start":{"line":94,"column":11},"end":{"line":101,"column":5}},"type":"if","locations":[{"start":{"line":94,"column":11},"end":{"line":101,"column":5}},{"start":{"line":94,"column":11},"end":{"line":101,"column":5}}],"line":94},"6":{"loc":{"start":{"line":116,"column":4},"end":{"line":118,"column":5}},"type":"if","locations":[{"start":{"line":116,"column":4},"end":{"line":118,"column":5}},{"start":{"line":116,"column":4},"end":{"line":118,"column":5}}],"line":116},"7":{"loc":{"start":{"line":120,"column":4},"end":{"line":130,"column":5}},"type":"if","locations":[{"start":{"line":120,"column":4},"end":{"line":130,"column":5}},{"start":{"line":120,"column":4},"end":{"line":130,"column":5}}],"line":120},"8":{"loc":{"start":{"line":125,"column":6},"end":{"line":127,"column":7}},"type":"if","locations":[{"start":{"line":125,"column":6},"end":{"line":127,"column":7}},{"start":{"line":125,"column":6},"end":{"line":127,"column":7}}],"line":125}},"s":{"0":37,"1":37,"2":126,"3":45,"4":60,"5":54,"6":54,"7":20,"8":34,"9":54,"10":54,"11":60,"12":60,"13":60,"14":4,"15":56,"16":93,"17":13,"18":80,"19":80,"20":43,"21":8,"22":8,"23":8,"24":4,"25":4,"26":1,"27":3,"28":1,"29":1,"30":2,"31":6,"32":6,"33":6,"34":6,"35":2,"36":4,"37":1,"38":1,"39":3,"40":1,"41":3,"42":3,"43":4,"44":1},"f":{"0":37,"1":126,"2":45,"3":60,"4":54,"5":60,"6":8,"7":6},"b":{"0":[20,34],"1":[4,56],"2":[13,80],"3":[4,4],"4":[1,3],"5":[1,2],"6":[2,4],"7":[1,3],"8":[1,2]},"_coverageSchema":"332fd63041d2c1bcb487cc26dd0d5f7d97098a6c","hash":"1291c58158c014fa2c81ffdfb7e6630272916521","contentHash":"a76ef604f8461104390ce6e4409681fa_10.2.0"},"/home/joe/Documents/dev/data-structures/list/list.js":{"path":"/home/joe/Documents/dev/data-structures/list/list.js","statementMap":{"0":{"start":{"line":9,"column":4},"end":{"line":9,"column":23}},"1":{"start":{"line":10,"column":4},"end":{"line":10,"column":21}},"2":{"start":{"line":27,"column":4},"end":{"line":29,"column":5}},"3":{"start":{"line":28,"column":6},"end":{"line":28,"column":41}},"4":{"start":{"line":38,"column":18},"end":{"line":38,"column":27}},"5":{"start":{"line":39,"column":17},"end":{"line":39,"column":18}},"6":{"start":{"line":41,"column":4},"end":{"line":44,"column":5}},"7":{"start":{"line":42,"column":6},"end":{"line":42,"column":29}},"8":{"start":{"line":43,"column":6},"end":{"line":43,"column":18}},"9":{"start":{"line":46,"column":4},"end":{"line":46,"column":18}},"10":{"start":{"line":55,"column":4},"end":{"line":55,"column":21}},"11":{"start":{"line":64,"column":4},"end":{"line":64,"column":60}},"12":{"start":{"line":64,"column":36},"end":{"line":64,"column":40}},"13":{"start":{"line":88,"column":4},"end":{"line":92,"column":5}},"14":{"start":{"line":89,"column":6},"end":{"line":89,"column":39}},"15":{"start":{"line":89,"column":28},"end":{"line":89,"column":38}},"16":{"start":{"line":91,"column":6},"end":{"line":91,"column":33}},"17":{"start":{"line":91,"column":28},"end":{"line":91,"column":32}},"18":{"start":{"line":94,"column":4},"end":{"line":96,"column":5}},"19":{"start":{"line":95,"column":6},"end":{"line":95,"column":27}},"20":{"start":{"line":98,"column":4},"end":{"line":104,"column":5}},"21":{"start":{"line":99,"column":6},"end":{"line":99,"column":30}},"22":{"start":{"line":100,"column":6},"end":{"line":100,"column":34}},"23":{"start":{"line":102,"column":6},"end":{"line":102,"column":35}},"24":{"start":{"line":103,"column":6},"end":{"line":103,"column":43}},"25":{"start":{"line":106,"column":4},"end":{"line":109,"column":5}},"26":{"start":{"line":107,"column":6},"end":{"line":107,"column":70}},"27":{"start":{"line":108,"column":6},"end":{"line":108,"column":37}},"28":{"start":{"line":111,"column":4},"end":{"line":111,"column":23}},"29":{"start":{"line":127,"column":16},"end":{"line":127,"column":17}},"30":{"start":{"line":129,"column":4},"end":{"line":133,"column":7}},"31":{"start":{"line":130,"column":6},"end":{"line":130,"column":31}},"32":{"start":{"line":131,"column":6},"end":{"line":131,"column":17}},"33":{"start":{"line":132,"column":6},"end":{"line":132,"column":18}},"34":{"start":{"line":143,"column":23},"end":{"line":143,"column":33}},"35":{"start":{"line":145,"column":4},"end":{"line":148,"column":7}},"36":{"start":{"line":146,"column":31},"end":{"line":146,"column":55}},"37":{"start":{"line":147,"column":6},"end":{"line":147,"column":44}},"38":{"start":{"line":150,"column":4},"end":{"line":150,"column":22}},"39":{"start":{"line":160,"column":23},"end":{"line":160,"column":24}},"40":{"start":{"line":161,"column":22},"end":{"line":161,"column":31}},"41":{"start":{"line":163,"column":4},"end":{"line":165,"column":5}},"42":{"start":{"line":164,"column":6},"end":{"line":164,"column":52}},"43":{"start":{"line":167,"column":4},"end":{"line":173,"column":5}},"44":{"start":{"line":168,"column":6},"end":{"line":170,"column":7}},"45":{"start":{"line":169,"column":8},"end":{"line":169,"column":54}},"46":{"start":{"line":171,"column":6},"end":{"line":171,"column":24}},"47":{"start":{"line":172,"column":6},"end":{"line":172,"column":37}},"48":{"start":{"line":175,"column":4},"end":{"line":175,"column":23}},"49":{"start":{"line":185,"column":20},"end":{"line":185,"column":38}},"50":{"start":{"line":186,"column":17},"end":{"line":186,"column":31}},"51":{"start":{"line":188,"column":4},"end":{"line":192,"column":5}},"52":{"start":{"line":189,"column":6},"end":{"line":189,"column":26}},"53":{"start":{"line":191,"column":6},"end":{"line":191,"column":26}},"54":{"start":{"line":194,"column":4},"end":{"line":194,"column":16}},"55":{"start":{"line":206,"column":4},"end":{"line":217,"column":5}},"56":{"start":{"line":208,"column":6},"end":{"line":208,"column":45}},"57":{"start":{"line":210,"column":27},"end":{"line":210,"column":46}},"58":{"start":{"line":211,"column":6},"end":{"line":213,"column":7}},"59":{"start":{"line":212,"column":8},"end":{"line":212,"column":54}},"60":{"start":{"line":215,"column":23},"end":{"line":215,"column":40}},"61":{"start":{"line":216,"column":6},"end":{"line":216,"column":52}},"62":{"start":{"line":219,"column":4},"end":{"line":219,"column":21}},"63":{"start":{"line":229,"column":4},"end":{"line":232,"column":5}},"64":{"start":{"line":230,"column":6},"end":{"line":230,"column":21}},"65":{"start":{"line":231,"column":6},"end":{"line":231,"column":23}},"66":{"start":{"line":233,"column":4},"end":{"line":236,"column":5}},"67":{"start":{"line":234,"column":6},"end":{"line":234,"column":33}},"68":{"start":{"line":235,"column":6},"end":{"line":235,"column":40}},"69":{"start":{"line":238,"column":4},"end":{"line":238,"column":52}},"70":{"start":{"line":239,"column":4},"end":{"line":239,"column":16}},"71":{"start":{"line":250,"column":4},"end":{"line":252,"column":5}},"72":{"start":{"line":251,"column":6},"end":{"line":251,"column":13}},"73":{"start":{"line":253,"column":24},"end":{"line":253,"column":41}},"74":{"start":{"line":255,"column":4},"end":{"line":260,"column":5}},"75":{"start":{"line":256,"column":6},"end":{"line":256,"column":43}},"76":{"start":{"line":257,"column":6},"end":{"line":257,"column":57}},"77":{"start":{"line":259,"column":6},"end":{"line":259,"column":56}},"78":{"start":{"line":270,"column":26},"end":{"line":277,"column":5}},"79":{"start":{"line":271,"column":6},"end":{"line":275,"column":7}},"80":{"start":{"line":272,"column":8},"end":{"line":272,"column":20}},"81":{"start":{"line":273,"column":13},"end":{"line":275,"column":7}},"82":{"start":{"line":274,"column":8},"end":{"line":274,"column":20}},"83":{"start":{"line":276,"column":6},"end":{"line":276,"column":45}},"84":{"start":{"line":279,"column":4},"end":{"line":279,"column":43}},"85":{"start":{"line":288,"column":24},"end":{"line":288,"column":26}},"86":{"start":{"line":289,"column":4},"end":{"line":289,"column":51}},"87":{"start":{"line":289,"column":26},"end":{"line":289,"column":49}},"88":{"start":{"line":290,"column":4},"end":{"line":290,"column":23}},"89":{"start":{"line":295,"column":0},"end":{"line":295,"column":22}}},"fnMap":{"0":{"name":"(anonymous_0)","decl":{"start":{"line":8,"column":2},"end":{"line":8,"column":3}},"loc":{"start":{"line":8,"column":34},"end":{"line":11,"column":3}},"line":8},"1":{"name":"(anonymous_1)","decl":{"start":{"line":26,"column":2},"end":{"line":26,"column":3}},"loc":{"start":{"line":26,"column":28},"end":{"line":30,"column":3}},"line":26},"2":{"name":"(anonymous_2)","decl":{"start":{"line":37,"column":2},"end":{"line":37,"column":3}},"loc":{"start":{"line":37,"column":14},"end":{"line":47,"column":3}},"line":37},"3":{"name":"(anonymous_3)","decl":{"start":{"line":54,"column":2},"end":{"line":54,"column":3}},"loc":{"start":{"line":54,"column":12},"end":{"line":56,"column":3}},"line":54},"4":{"name":"(anonymous_4)","decl":{"start":{"line":63,"column":2},"end":{"line":63,"column":3}},"loc":{"start":{"line":63,"column":12},"end":{"line":65,"column":3}},"line":63},"5":{"name":"(anonymous_5)","decl":{"start":{"line":64,"column":23},"end":{"line":64,"column":24}},"loc":{"start":{"line":64,"column":36},"end":{"line":64,"column":40}},"line":64},"6":{"name":"(anonymous_6)","decl":{"start":{"line":83,"column":2},"end":{"line":83,"column":3}},"loc":{"start":{"line":83,"column":58},"end":{"line":112,"column":3}},"line":83},"7":{"name":"(anonymous_7)","decl":{"start":{"line":89,"column":20},"end":{"line":89,"column":21}},"loc":{"start":{"line":89,"column":28},"end":{"line":89,"column":38}},"line":89},"8":{"name":"(anonymous_8)","decl":{"start":{"line":91,"column":20},"end":{"line":91,"column":21}},"loc":{"start":{"line":91,"column":28},"end":{"line":91,"column":32}},"line":91},"9":{"name":"(anonymous_9)","decl":{"start":{"line":126,"column":2},"end":{"line":126,"column":3}},"loc":{"start":{"line":126,"column":22},"end":{"line":134,"column":3}},"line":126},"10":{"name":"(anonymous_10)","decl":{"start":{"line":129,"column":16},"end":{"line":129,"column":17}},"loc":{"start":{"line":129,"column":30},"end":{"line":133,"column":5}},"line":129},"11":{"name":"(anonymous_11)","decl":{"start":{"line":142,"column":2},"end":{"line":142,"column":3}},"loc":{"start":{"line":142,"column":18},"end":{"line":151,"column":3}},"line":142},"12":{"name":"(anonymous_12)","decl":{"start":{"line":145,"column":17},"end":{"line":145,"column":18}},"loc":{"start":{"line":145,"column":35},"end":{"line":148,"column":5}},"line":145},"13":{"name":"(anonymous_13)","decl":{"start":{"line":159,"column":2},"end":{"line":159,"column":3}},"loc":{"start":{"line":159,"column":19},"end":{"line":176,"column":3}},"line":159},"14":{"name":"(anonymous_14)","decl":{"start":{"line":184,"column":2},"end":{"line":184,"column":3}},"loc":{"start":{"line":184,"column":21},"end":{"line":195,"column":3}},"line":184},"15":{"name":"(anonymous_15)","decl":{"start":{"line":205,"column":2},"end":{"line":205,"column":3}},"loc":{"start":{"line":205,"column":21},"end":{"line":220,"column":3}},"line":205},"16":{"name":"(anonymous_16)","decl":{"start":{"line":228,"column":2},"end":{"line":228,"column":3}},"loc":{"start":{"line":228,"column":24},"end":{"line":240,"column":3}},"line":228},"17":{"name":"(anonymous_17)","decl":{"start":{"line":249,"column":2},"end":{"line":249,"column":3}},"loc":{"start":{"line":249,"column":48},"end":{"line":261,"column":3}},"line":249},"18":{"name":"(anonymous_18)","decl":{"start":{"line":269,"column":2},"end":{"line":269,"column":3}},"loc":{"start":{"line":269,"column":14},"end":{"line":280,"column":3}},"line":269},"19":{"name":"(anonymous_19)","decl":{"start":{"line":270,"column":26},"end":{"line":270,"column":27}},"loc":{"start":{"line":270,"column":43},"end":{"line":277,"column":5}},"line":270},"20":{"name":"(anonymous_20)","decl":{"start":{"line":287,"column":2},"end":{"line":287,"column":3}},"loc":{"start":{"line":287,"column":14},"end":{"line":291,"column":3}},"line":287},"21":{"name":"(anonymous_21)","decl":{"start":{"line":289,"column":17},"end":{"line":289,"column":18}},"loc":{"start":{"line":289,"column":26},"end":{"line":289,"column":49}},"line":289}},"branchMap":{"0":{"loc":{"start":{"line":8,"column":21},"end":{"line":8,"column":32}},"type":"default-arg","locations":[{"start":{"line":8,"column":28},"end":{"line":8,"column":32}}],"line":8},"1":{"loc":{"start":{"line":27,"column":4},"end":{"line":29,"column":5}},"type":"if","locations":[{"start":{"line":27,"column":4},"end":{"line":29,"column":5}},{"start":{"line":27,"column":4},"end":{"line":29,"column":5}}],"line":27},"2":{"loc":{"start":{"line":83,"column":36},"end":{"line":83,"column":56}},"type":"default-arg","locations":[{"start":{"line":83,"column":52},"end":{"line":83,"column":56}}],"line":83},"3":{"loc":{"start":{"line":88,"column":4},"end":{"line":92,"column":5}},"type":"if","locations":[{"start":{"line":88,"column":4},"end":{"line":92,"column":5}},{"start":{"line":88,"column":4},"end":{"line":92,"column":5}}],"line":88},"4":{"loc":{"start":{"line":94,"column":4},"end":{"line":96,"column":5}},"type":"if","locations":[{"start":{"line":94,"column":4},"end":{"line":96,"column":5}},{"start":{"line":94,"column":4},"end":{"line":96,"column":5}}],"line":94},"5":{"loc":{"start":{"line":98,"column":4},"end":{"line":104,"column":5}},"type":"if","locations":[{"start":{"line":98,"column":4},"end":{"line":104,"column":5}},{"start":{"line":98,"column":4},"end":{"line":104,"column":5}}],"line":98},"6":{"loc":{"start":{"line":163,"column":4},"end":{"line":165,"column":5}},"type":"if","locations":[{"start":{"line":163,"column":4},"end":{"line":165,"column":5}},{"start":{"line":163,"column":4},"end":{"line":165,"column":5}}],"line":163},"7":{"loc":{"start":{"line":167,"column":11},"end":{"line":167,"column":52}},"type":"binary-expr","locations":[{"start":{"line":167,"column":11},"end":{"line":167,"column":37}},{"start":{"line":167,"column":41},"end":{"line":167,"column":52}}],"line":167},"8":{"loc":{"start":{"line":168,"column":6},"end":{"line":170,"column":7}},"type":"if","locations":[{"start":{"line":168,"column":6},"end":{"line":170,"column":7}},{"start":{"line":168,"column":6},"end":{"line":170,"column":7}}],"line":168},"9":{"loc":{"start":{"line":188,"column":4},"end":{"line":192,"column":5}},"type":"if","locations":[{"start":{"line":188,"column":4},"end":{"line":192,"column":5}},{"start":{"line":188,"column":4},"end":{"line":192,"column":5}}],"line":188},"10":{"loc":{"start":{"line":206,"column":4},"end":{"line":217,"column":5}},"type":"if","locations":[{"start":{"line":206,"column":4},"end":{"line":217,"column":5}},{"start":{"line":206,"column":4},"end":{"line":217,"column":5}}],"line":206},"11":{"loc":{"start":{"line":211,"column":6},"end":{"line":213,"column":7}},"type":"if","locations":[{"start":{"line":211,"column":6},"end":{"line":213,"column":7}},{"start":{"line":211,"column":6},"end":{"line":213,"column":7}}],"line":211},"12":{"loc":{"start":{"line":229,"column":4},"end":{"line":232,"column":5}},"type":"if","locations":[{"start":{"line":229,"column":4},"end":{"line":232,"column":5}},{"start":{"line":229,"column":4},"end":{"line":232,"column":5}}],"line":229},"13":{"loc":{"start":{"line":233,"column":4},"end":{"line":236,"column":5}},"type":"if","locations":[{"start":{"line":233,"column":4},"end":{"line":236,"column":5}},{"start":{"line":233,"column":4},"end":{"line":236,"column":5}}],"line":233},"14":{"loc":{"start":{"line":250,"column":4},"end":{"line":252,"column":5}},"type":"if","locations":[{"start":{"line":250,"column":4},"end":{"line":252,"column":5}},{"start":{"line":250,"column":4},"end":{"line":252,"column":5}}],"line":250},"15":{"loc":{"start":{"line":255,"column":4},"end":{"line":260,"column":5}},"type":"if","locations":[{"start":{"line":255,"column":4},"end":{"line":260,"column":5}},{"start":{"line":255,"column":4},"end":{"line":260,"column":5}}],"line":255},"16":{"loc":{"start":{"line":271,"column":6},"end":{"line":275,"column":7}},"type":"if","locations":[{"start":{"line":271,"column":6},"end":{"line":275,"column":7}},{"start":{"line":271,"column":6},"end":{"line":275,"column":7}}],"line":271},"17":{"loc":{"start":{"line":273,"column":13},"end":{"line":275,"column":7}},"type":"if","locations":[{"start":{"line":273,"column":13},"end":{"line":275,"column":7}},{"start":{"line":273,"column":13},"end":{"line":275,"column":7}}],"line":273}},"s":{"0":172,"1":172,"2":41,"3":2,"4":3,"5":3,"6":3,"7":5,"8":5,"9":3,"10":1,"11":169,"12":306,"13":177,"14":8,"15":36,"16":169,"17":306,"18":177,"19":37,"20":140,"21":137,"22":137,"23":3,"24":3,"25":140,"26":339,"27":339,"28":140,"29":5,"30":5,"31":22,"32":22,"33":22,"34":2,"35":2,"36":9,"37":9,"38":2,"39":11,"40":11,"41":11,"42":2,"43":9,"44":23,"45":4,"46":19,"47":19,"48":5,"49":168,"50":168,"51":168,"52":131,"53":37,"54":168,"55":5,"56":1,"57":4,"58":1,"59":0,"60":1,"61":1,"62":2,"63":4,"64":1,"65":1,"66":3,"67":0,"68":0,"69":3,"70":3,"71":9,"72":3,"73":6,"74":6,"75":3,"76":3,"77":3,"78":8,"79":30,"80":4,"81":26,"82":4,"83":22,"84":8,"85":1,"86":1,"87":4,"88":1,"89":1},"f":{"0":172,"1":41,"2":3,"3":1,"4":169,"5":306,"6":177,"7":36,"8":306,"9":5,"10":22,"11":2,"12":9,"13":11,"14":168,"15":5,"16":4,"17":9,"18":8,"19":30,"20":1,"21":4},"b":{"0":[170],"1":[2,39],"2":[8],"3":[8,169],"4":[37,140],"5":[137,3],"6":[2,9],"7":[28,23],"8":[4,19],"9":[131,37],"10":[1,4],"11":[0,1],"12":[1,3],"13":[0,3],"14":[3,6],"15":[3,3],"16":[4,26],"17":[4,22]},"_coverageSchema":"332fd63041d2c1bcb487cc26dd0d5f7d97098a6c","hash":"941cfdde7a533e9f60b3c3b531333162fb17edb8","contentHash":"79112ca08b70f3c157634de98d3cea04_10.2.0"},"/home/joe/Documents/dev/data-structures/queue/queue.js":{"path":"/home/joe/Documents/dev/data-structures/queue/queue.js","statementMap":{"0":{"start":{"line":3,"column":4},"end":{"line":3,"column":22}},"1":{"start":{"line":4,"column":4},"end":{"line":4,"column":21}},"2":{"start":{"line":8,"column":20},"end":{"line":11,"column":5}},"3":{"start":{"line":12,"column":4},"end":{"line":18,"column":5}},"4":{"start":{"line":13,"column":6},"end":{"line":13,"column":26}},"5":{"start":{"line":14,"column":6},"end":{"line":14,"column":29}},"6":{"start":{"line":16,"column":6},"end":{"line":16,"column":31}},"7":{"start":{"line":17,"column":6},"end":{"line":17,"column":26}},"8":{"start":{"line":22,"column":4},"end":{"line":26,"column":5}},"9":{"start":{"line":23,"column":20},"end":{"line":23,"column":36}},"10":{"start":{"line":24,"column":6},"end":{"line":24,"column":35}},"11":{"start":{"line":25,"column":6},"end":{"line":25,"column":19}},"12":{"start":{"line":27,"column":4},"end":{"line":27,"column":16}},"13":{"start":{"line":31,"column":4},"end":{"line":33,"column":5}},"14":{"start":{"line":32,"column":6},"end":{"line":32,"column":18}},"15":{"start":{"line":34,"column":4},"end":{"line":34,"column":17}},"16":{"start":{"line":38,"column":0},"end":{"line":38,"column":23}}},"fnMap":{"0":{"name":"(anonymous_0)","decl":{"start":{"line":2,"column":2},"end":{"line":2,"column":3}},"loc":{"start":{"line":2,"column":16},"end":{"line":5,"column":3}},"line":2},"1":{"name":"(anonymous_1)","decl":{"start":{"line":7,"column":2},"end":{"line":7,"column":3}},"loc":{"start":{"line":7,"column":19},"end":{"line":19,"column":3}},"line":7},"2":{"name":"(anonymous_2)","decl":{"start":{"line":21,"column":2},"end":{"line":21,"column":3}},"loc":{"start":{"line":21,"column":12},"end":{"line":28,"column":3}},"line":21},"3":{"name":"(anonymous_3)","decl":{"start":{"line":30,"column":2},"end":{"line":30,"column":3}},"loc":{"start":{"line":30,"column":12},"end":{"line":35,"column":3}},"line":30}},"branchMap":{"0":{"loc":{"start":{"line":12,"column":4},"end":{"line":18,"column":5}},"type":"if","locations":[{"start":{"line":12,"column":4},"end":{"line":18,"column":5}},{"start":{"line":12,"column":4},"end":{"line":18,"column":5}}],"line":12},"1":{"loc":{"start":{"line":22,"column":4},"end":{"line":26,"column":5}},"type":"if","locations":[{"start":{"line":22,"column":4},"end":{"line":26,"column":5}},{"start":{"line":22,"column":4},"end":{"line":26,"column":5}}],"line":22},"2":{"loc":{"start":{"line":31,"column":4},"end":{"line":33,"column":5}},"type":"if","locations":[{"start":{"line":31,"column":4},"end":{"line":33,"column":5}},{"start":{"line":31,"column":4},"end":{"line":33,"column":5}}],"line":31}},"s":{"0":6,"1":6,"2":10,"3":10,"4":4,"5":4,"6":6,"7":6,"8":10,"9":6,"10":6,"11":6,"12":4,"13":2,"14":1,"15":1,"16":1},"f":{"0":6,"1":10,"2":10,"3":2},"b":{"0":[4,6],"1":[6,4],"2":[1,1]},"_coverageSchema":"332fd63041d2c1bcb487cc26dd0d5f7d97098a6c","hash":"4843528c6df70fb1cbd15942f61f74763cde7c8e","contentHash":"b1adfede6f96092f818511083b35d915_10.2.0"},"/home/joe/Documents/dev/data-structures/queue/priority-queue.js":{"path":"/home/joe/Documents/dev/data-structures/queue/priority-queue.js","statementMap":{"0":{"start":{"line":8,"column":4},"end":{"line":8,"column":21}},"1":{"start":{"line":12,"column":4},"end":{"line":15,"column":7}},"2":{"start":{"line":16,"column":4},"end":{"line":16,"column":16}},"3":{"start":{"line":20,"column":4},"end":{"line":22,"column":5}},"4":{"start":{"line":21,"column":6},"end":{"line":21,"column":18}},"5":{"start":{"line":23,"column":4},"end":{"line":23,"column":35}},"6":{"start":{"line":27,"column":4},"end":{"line":29,"column":7}},"7":{"start":{"line":28,"column":6},"end":{"line":28,"column":37}},"8":{"start":{"line":33,"column":4},"end":{"line":33,"column":31}},"9":{"start":{"line":37,"column":0},"end":{"line":37,"column":31}}},"fnMap":{"0":{"name":"(anonymous_0)","decl":{"start":{"line":7,"column":2},"end":{"line":7,"column":3}},"loc":{"start":{"line":7,"column":16},"end":{"line":9,"column":3}},"line":7},"1":{"name":"(anonymous_1)","decl":{"start":{"line":11,"column":2},"end":{"line":11,"column":3}},"loc":{"start":{"line":11,"column":25},"end":{"line":17,"column":3}},"line":11},"2":{"name":"(anonymous_2)","decl":{"start":{"line":19,"column":2},"end":{"line":19,"column":3}},"loc":{"start":{"line":19,"column":12},"end":{"line":24,"column":3}},"line":19},"3":{"name":"(anonymous_3)","decl":{"start":{"line":26,"column":2},"end":{"line":26,"column":3}},"loc":{"start":{"line":26,"column":9},"end":{"line":30,"column":3}},"line":26},"4":{"name":"(anonymous_4)","decl":{"start":{"line":27,"column":21},"end":{"line":27,"column":22}},"loc":{"start":{"line":27,"column":31},"end":{"line":29,"column":5}},"line":27},"5":{"name":"(anonymous_5)","decl":{"start":{"line":32,"column":2},"end":{"line":32,"column":3}},"loc":{"start":{"line":32,"column":12},"end":{"line":34,"column":3}},"line":32}},"branchMap":{"0":{"loc":{"start":{"line":20,"column":4},"end":{"line":22,"column":5}},"type":"if","locations":[{"start":{"line":20,"column":4},"end":{"line":22,"column":5}},{"start":{"line":20,"column":4},"end":{"line":22,"column":5}}],"line":20}},"s":{"0":11,"1":34,"2":34,"3":19,"4":5,"5":14,"6":34,"7":157,"8":7,"9":1},"f":{"0":11,"1":34,"2":19,"3":34,"4":157,"5":7},"b":{"0":[5,14]},"_coverageSchema":"332fd63041d2c1bcb487cc26dd0d5f7d97098a6c","hash":"6893a880c57a670435d22fe025e2d20c23ff8729","contentHash":"ea8e8d922febffa4d14c2f5d8a0721e7_10.2.0"},"/home/joe/Documents/dev/data-structures/rabin-karp/rk.js":{"path":"/home/joe/Documents/dev/data-structures/rabin-karp/rk.js","statementMap":{"0":{"start":{"line":1,"column":18},"end":{"line":1,"column":21}},"1":{"start":{"line":8,"column":19},"end":{"line":15,"column":1}},"2":{"start":{"line":9,"column":13},"end":{"line":9,"column":14}},"3":{"start":{"line":10,"column":2},"end":{"line":13,"column":3}},"4":{"start":{"line":11,"column":22},"end":{"line":11,"column":39}},"5":{"start":{"line":12,"column":4},"end":{"line":12,"column":40}},"6":{"start":{"line":14,"column":2},"end":{"line":14,"column":14}},"7":{"start":{"line":17,"column":23},"end":{"line":27,"column":1}},"8":{"start":{"line":18,"column":16},"end":{"line":18,"column":20}},"9":{"start":{"line":20,"column":2},"end":{"line":25,"column":3}},"10":{"start":{"line":21,"column":4},"end":{"line":24,"column":5}},"11":{"start":{"line":22,"column":6},"end":{"line":22,"column":22}},"12":{"start":{"line":23,"column":6},"end":{"line":23,"column":12}},"13":{"start":{"line":26,"column":2},"end":{"line":26,"column":17}},"14":{"start":{"line":35,"column":24},"end":{"line":59,"column":1}},"15":{"start":{"line":36,"column":18},"end":{"line":36,"column":20}},"16":{"start":{"line":38,"column":18},"end":{"line":38,"column":48}},"17":{"start":{"line":39,"column":23},"end":{"line":39,"column":54}},"18":{"start":{"line":40,"column":36},"end":{"line":40,"column":60}},"19":{"start":{"line":42,"column":21},"end":{"line":42,"column":52}},"20":{"start":{"line":44,"column":2},"end":{"line":56,"column":3}},"21":{"start":{"line":45,"column":4},"end":{"line":51,"column":5}},"22":{"start":{"line":48,"column":6},"end":{"line":50,"column":7}},"23":{"start":{"line":49,"column":8},"end":{"line":49,"column":24}},"24":{"start":{"line":54,"column":22},"end":{"line":54,"column":53}},"25":{"start":{"line":55,"column":4},"end":{"line":55,"column":92}},"26":{"start":{"line":58,"column":2},"end":{"line":58,"column":17}},"27":{"start":{"line":61,"column":12},"end":{"line":61,"column":25}},"28":{"start":{"line":62,"column":15},"end":{"line":62,"column":22}},"29":{"start":{"line":63,"column":16},"end":{"line":63,"column":44}},"30":{"start":{"line":64,"column":0},"end":{"line":64,"column":21}},"31":{"start":{"line":66,"column":0},"end":{"line":66,"column":33}}},"fnMap":{"0":{"name":"(anonymous_0)","decl":{"start":{"line":8,"column":19},"end":{"line":8,"column":20}},"loc":{"start":{"line":8,"column":40},"end":{"line":15,"column":1}},"line":8},"1":{"name":"(anonymous_1)","decl":{"start":{"line":17,"column":23},"end":{"line":17,"column":24}},"loc":{"start":{"line":17,"column":45},"end":{"line":27,"column":1}},"line":17},"2":{"name":"(anonymous_2)","decl":{"start":{"line":35,"column":24},"end":{"line":35,"column":25}},"loc":{"start":{"line":35,"column":41},"end":{"line":59,"column":1}},"line":35}},"branchMap":{"0":{"loc":{"start":{"line":10,"column":21},"end":{"line":10,"column":45}},"type":"binary-expr","locations":[{"start":{"line":10,"column":21},"end":{"line":10,"column":27}},{"start":{"line":10,"column":31},"end":{"line":10,"column":45}}],"line":10},"1":{"loc":{"start":{"line":21,"column":4},"end":{"line":24,"column":5}},"type":"if","locations":[{"start":{"line":21,"column":4},"end":{"line":24,"column":5}},{"start":{"line":21,"column":4},"end":{"line":24,"column":5}}],"line":21},"2":{"loc":{"start":{"line":45,"column":4},"end":{"line":51,"column":5}},"type":"if","locations":[{"start":{"line":45,"column":4},"end":{"line":51,"column":5}},{"start":{"line":45,"column":4},"end":{"line":51,"column":5}}],"line":45},"3":{"loc":{"start":{"line":48,"column":6},"end":{"line":50,"column":7}},"type":"if","locations":[{"start":{"line":48,"column":6},"end":{"line":50,"column":7}},{"start":{"line":48,"column":6},"end":{"line":50,"column":7}}],"line":48}},"s":{"0":1,"1":1,"2":16,"3":16,"4":49,"5":49,"6":16,"7":1,"8":6,"9":6,"10":14,"11":0,"12":0,"13":6,"14":1,"15":8,"16":8,"17":8,"18":8,"19":8,"20":8,"21":110,"22":6,"23":6,"24":110,"25":110,"26":8,"27":1,"28":1,"29":1,"30":1,"31":1},"f":{"0":16,"1":6,"2":8},"b":{"0":[65,50],"1":[0,14],"2":[6,104],"3":[6,0]},"_coverageSchema":"332fd63041d2c1bcb487cc26dd0d5f7d97098a6c","hash":"d17c2ac2b149cbff1767540127c3ba65a8acc1da","contentHash":"9b3b77161957a55d4b34b9cf7a9e78b9_10.2.0"},"/home/joe/Documents/dev/data-structures/search/linearSearch.js":{"path":"/home/joe/Documents/dev/data-structures/search/linearSearch.js","statementMap":{"0":{"start":{"line":3,"column":4},"end":{"line":3,"column":19}},"1":{"start":{"line":7,"column":4},"end":{"line":11,"column":5}},"2":{"start":{"line":8,"column":6},"end":{"line":10,"column":7}},"3":{"start":{"line":9,"column":8},"end":{"line":9,"column":17}},"4":{"start":{"line":12,"column":4},"end":{"line":12,"column":14}},"5":{"start":{"line":16,"column":0},"end":{"line":16,"column":30}}},"fnMap":{"0":{"name":"(anonymous_0)","decl":{"start":{"line":2,"column":2},"end":{"line":2,"column":3}},"loc":{"start":{"line":2,"column":19},"end":{"line":4,"column":3}},"line":2},"1":{"name":"(anonymous_1)","decl":{"start":{"line":6,"column":2},"end":{"line":6,"column":3}},"loc":{"start":{"line":6,"column":18},"end":{"line":13,"column":3}},"line":6}},"branchMap":{"0":{"loc":{"start":{"line":8,"column":6},"end":{"line":10,"column":7}},"type":"if","locations":[{"start":{"line":8,"column":6},"end":{"line":10,"column":7}},{"start":{"line":8,"column":6},"end":{"line":10,"column":7}}],"line":8}},"s":{"0":4,"1":6,"2":14,"3":4,"4":2,"5":1},"f":{"0":4,"1":6},"b":{"0":[4,10]},"_coverageSchema":"332fd63041d2c1bcb487cc26dd0d5f7d97098a6c","hash":"9055c54a9b429c7d94e87bd09eb762c5974f589a","contentHash":"48b66e0e5e615e72d001b39a3684cc66_10.2.0"},"/home/joe/Documents/dev/data-structures/search/binary-search-tree.js":{"path":"/home/joe/Documents/dev/data-structures/search/binary-search-tree.js","statementMap":{"0":{"start":{"line":1,"column":19},"end":{"line":1,"column":55}},"1":{"start":{"line":5,"column":4},"end":{"line":5,"column":21}},"2":{"start":{"line":9,"column":17},"end":{"line":9,"column":19}},"3":{"start":{"line":10,"column":4},"end":{"line":10,"column":23}},"4":{"start":{"line":11,"column":4},"end":{"line":11,"column":21}},"5":{"start":{"line":12,"column":4},"end":{"line":12,"column":22}},"6":{"start":{"line":13,"column":4},"end":{"line":13,"column":16}},"7":{"start":{"line":17,"column":24},"end":{"line":17,"column":44}},"8":{"start":{"line":18,"column":4},"end":{"line":22,"column":5}},"9":{"start":{"line":19,"column":6},"end":{"line":19,"column":30}},"10":{"start":{"line":21,"column":6},"end":{"line":21,"column":31}},"11":{"start":{"line":23,"column":4},"end":{"line":23,"column":21}},"12":{"start":{"line":28,"column":18},"end":{"line":28,"column":35}},"13":{"start":{"line":30,"column":21},"end":{"line":44,"column":5}},"14":{"start":{"line":31,"column":6},"end":{"line":43,"column":7}},"15":{"start":{"line":32,"column":8},"end":{"line":35,"column":9}},"16":{"start":{"line":33,"column":10},"end":{"line":33,"column":35}},"17":{"start":{"line":34,"column":10},"end":{"line":34,"column":17}},"18":{"start":{"line":36,"column":8},"end":{"line":36,"column":29}},"19":{"start":{"line":37,"column":13},"end":{"line":43,"column":7}},"20":{"start":{"line":38,"column":8},"end":{"line":41,"column":9}},"21":{"start":{"line":39,"column":10},"end":{"line":39,"column":34}},"22":{"start":{"line":40,"column":10},"end":{"line":40,"column":17}},"23":{"start":{"line":42,"column":8},"end":{"line":42,"column":28}},"24":{"start":{"line":45,"column":4},"end":{"line":45,"column":24}},"25":{"start":{"line":50,"column":4},"end":{"line":52,"column":5}},"26":{"start":{"line":51,"column":6},"end":{"line":51,"column":18}},"27":{"start":{"line":53,"column":4},"end":{"line":63,"column":5}},"28":{"start":{"line":54,"column":6},"end":{"line":54,"column":60}},"29":{"start":{"line":55,"column":11},"end":{"line":63,"column":5}},"30":{"start":{"line":56,"column":6},"end":{"line":56,"column":62}},"31":{"start":{"line":58,"column":6},"end":{"line":62,"column":8}},"32":{"start":{"line":67,"column":16},"end":{"line":67,"column":21}},"33":{"start":{"line":77,"column":8},"end":{"line":77,"column":34}},"34":{"start":{"line":79,"column":4},"end":{"line":81,"column":5}},"35":{"start":{"line":80,"column":6},"end":{"line":80,"column":19}},"36":{"start":{"line":83,"column":4},"end":{"line":170,"column":5}},"37":{"start":{"line":85,"column":6},"end":{"line":86,"column":52}},"38":{"start":{"line":88,"column":6},"end":{"line":169,"column":7}},"39":{"start":{"line":89,"column":8},"end":{"line":118,"column":9}},"40":{"start":{"line":94,"column":12},"end":{"line":94,"column":41}},"41":{"start":{"line":97,"column":12},"end":{"line":100,"column":13}},"42":{"start":{"line":98,"column":14},"end":{"line":98,"column":46}},"43":{"start":{"line":99,"column":14},"end":{"line":99,"column":46}},"44":{"start":{"line":102,"column":12},"end":{"line":113,"column":13}},"45":{"start":{"line":105,"column":14},"end":{"line":105,"column":57}},"46":{"start":{"line":108,"column":14},"end":{"line":108,"column":50}},"47":{"start":{"line":109,"column":14},"end":{"line":109,"column":48}},"48":{"start":{"line":112,"column":14},"end":{"line":112,"column":50}},"49":{"start":{"line":115,"column":12},"end":{"line":115,"column":36}},"50":{"start":{"line":116,"column":12},"end":{"line":116,"column":18}},"51":{"start":{"line":122,"column":8},"end":{"line":168,"column":9}},"52":{"start":{"line":125,"column":12},"end":{"line":129,"column":13}},"53":{"start":{"line":126,"column":14},"end":{"line":126,"column":33}},"54":{"start":{"line":128,"column":14},"end":{"line":128,"column":34}},"55":{"start":{"line":130,"column":12},"end":{"line":130,"column":18}},"56":{"start":{"line":133,"column":12},"end":{"line":137,"column":13}},"57":{"start":{"line":134,"column":14},"end":{"line":134,"column":41}},"58":{"start":{"line":136,"column":14},"end":{"line":136,"column":42}},"59":{"start":{"line":138,"column":12},"end":{"line":138,"column":18}},"60":{"start":{"line":144,"column":12},"end":{"line":144,"column":39}},"61":{"start":{"line":145,"column":12},"end":{"line":145,"column":40}},"62":{"start":{"line":148,"column":12},"end":{"line":151,"column":13}},"63":{"start":{"line":149,"column":14},"end":{"line":149,"column":46}},"64":{"start":{"line":150,"column":14},"end":{"line":150,"column":46}},"65":{"start":{"line":153,"column":12},"end":{"line":153,"column":55}},"66":{"start":{"line":156,"column":12},"end":{"line":156,"column":46}},"67":{"start":{"line":157,"column":12},"end":{"line":157,"column":44}},"68":{"start":{"line":160,"column":12},"end":{"line":164,"column":13}},"69":{"start":{"line":161,"column":14},"end":{"line":161,"column":40}},"70":{"start":{"line":163,"column":14},"end":{"line":163,"column":41}},"71":{"start":{"line":165,"column":12},"end":{"line":165,"column":18}},"72":{"start":{"line":174,"column":17},"end":{"line":174,"column":26}},"73":{"start":{"line":175,"column":21},"end":{"line":186,"column":5}},"74":{"start":{"line":176,"column":6},"end":{"line":178,"column":7}},"75":{"start":{"line":177,"column":8},"end":{"line":177,"column":21}},"76":{"start":{"line":179,"column":6},"end":{"line":185,"column":7}},"77":{"start":{"line":180,"column":8},"end":{"line":180,"column":20}},"78":{"start":{"line":181,"column":13},"end":{"line":185,"column":7}},"79":{"start":{"line":182,"column":8},"end":{"line":182,"column":36}},"80":{"start":{"line":183,"column":13},"end":{"line":185,"column":7}},"81":{"start":{"line":184,"column":8},"end":{"line":184,"column":37}},"82":{"start":{"line":187,"column":4},"end":{"line":187,"column":28}},"83":{"start":{"line":192,"column":17},"end":{"line":192,"column":26}},"84":{"start":{"line":193,"column":21},"end":{"line":195,"column":5}},"85":{"start":{"line":194,"column":6},"end":{"line":194,"column":61}},"86":{"start":{"line":196,"column":4},"end":{"line":196,"column":26}},"87":{"start":{"line":201,"column":17},"end":{"line":201,"column":26}},"88":{"start":{"line":202,"column":21},"end":{"line":204,"column":5}},"89":{"start":{"line":203,"column":6},"end":{"line":203,"column":63}},"90":{"start":{"line":205,"column":4},"end":{"line":205,"column":28}},"91":{"start":{"line":209,"column":19},"end":{"line":209,"column":20}},"92":{"start":{"line":210,"column":17},"end":{"line":210,"column":26}},"93":{"start":{"line":211,"column":21},"end":{"line":218,"column":5}},"94":{"start":{"line":212,"column":6},"end":{"line":212,"column":31}},"95":{"start":{"line":212,"column":19},"end":{"line":212,"column":31}},"96":{"start":{"line":213,"column":6},"end":{"line":217,"column":7}},"97":{"start":{"line":214,"column":8},"end":{"line":214,"column":55}},"98":{"start":{"line":215,"column":8},"end":{"line":215,"column":41}},"99":{"start":{"line":216,"column":8},"end":{"line":216,"column":42}},"100":{"start":{"line":219,"column":4},"end":{"line":219,"column":24}},"101":{"start":{"line":220,"column":4},"end":{"line":220,"column":20}},"102":{"start":{"line":224,"column":16},"end":{"line":224,"column":17}},"103":{"start":{"line":225,"column":17},"end":{"line":225,"column":26}},"104":{"start":{"line":226,"column":21},"end":{"line":235,"column":5}},"105":{"start":{"line":227,"column":6},"end":{"line":229,"column":7}},"106":{"start":{"line":228,"column":8},"end":{"line":228,"column":20}},"107":{"start":{"line":230,"column":6},"end":{"line":234,"column":7}},"108":{"start":{"line":231,"column":8},"end":{"line":231,"column":16}},"109":{"start":{"line":233,"column":8},"end":{"line":233,"column":51}},"110":{"start":{"line":236,"column":4},"end":{"line":236,"column":19}},"111":{"start":{"line":237,"column":4},"end":{"line":237,"column":17}},"112":{"start":{"line":242,"column":17},"end":{"line":242,"column":26}},"113":{"start":{"line":243,"column":19},"end":{"line":243,"column":21}},"114":{"start":{"line":244,"column":26},"end":{"line":244,"column":28}},"115":{"start":{"line":246,"column":21},"end":{"line":263,"column":5}},"116":{"start":{"line":247,"column":6},"end":{"line":249,"column":7}},"117":{"start":{"line":248,"column":8},"end":{"line":248,"column":20}},"118":{"start":{"line":250,"column":6},"end":{"line":256,"column":7}},"119":{"start":{"line":251,"column":8},"end":{"line":255,"column":9}},"120":{"start":{"line":252,"column":10},"end":{"line":252,"column":39}},"121":{"start":{"line":254,"column":10},"end":{"line":254,"column":43}},"122":{"start":{"line":259,"column":6},"end":{"line":262,"column":7}},"123":{"start":{"line":260,"column":8},"end":{"line":260,"column":39}},"124":{"start":{"line":261,"column":8},"end":{"line":261,"column":40}},"125":{"start":{"line":264,"column":4},"end":{"line":264,"column":22}},"126":{"start":{"line":267,"column":4},"end":{"line":274,"column":5}},"127":{"start":{"line":268,"column":18},"end":{"line":268,"column":36}},"128":{"start":{"line":269,"column":21},"end":{"line":269,"column":22}},"129":{"start":{"line":270,"column":6},"end":{"line":272,"column":7}},"130":{"start":{"line":271,"column":8},"end":{"line":271,"column":35}},"131":{"start":{"line":273,"column":6},"end":{"line":273,"column":70}},"132":{"start":{"line":275,"column":4},"end":{"line":275,"column":25}},"133":{"start":{"line":283,"column":15},"end":{"line":283,"column":24}},"134":{"start":{"line":284,"column":18},"end":{"line":284,"column":24}},"135":{"start":{"line":285,"column":19},"end":{"line":285,"column":21}},"136":{"start":{"line":286,"column":4},"end":{"line":291,"column":5}},"137":{"start":{"line":287,"column":6},"end":{"line":287,"column":30}},"138":{"start":{"line":288,"column":6},"end":{"line":288,"column":41}},"139":{"start":{"line":289,"column":6},"end":{"line":289,"column":43}},"140":{"start":{"line":290,"column":6},"end":{"line":290,"column":27}},"141":{"start":{"line":292,"column":4},"end":{"line":292,"column":18}},"142":{"start":{"line":296,"column":15},"end":{"line":296,"column":24}},"143":{"start":{"line":297,"column":18},"end":{"line":297,"column":24}},"144":{"start":{"line":298,"column":19},"end":{"line":298,"column":21}},"145":{"start":{"line":299,"column":4},"end":{"line":304,"column":5}},"146":{"start":{"line":300,"column":6},"end":{"line":300,"column":30}},"147":{"start":{"line":301,"column":6},"end":{"line":301,"column":43}},"148":{"start":{"line":302,"column":6},"end":{"line":302,"column":41}},"149":{"start":{"line":303,"column":6},"end":{"line":303,"column":27}},"150":{"start":{"line":305,"column":4},"end":{"line":305,"column":18}},"151":{"start":{"line":318,"column":19},"end":{"line":318,"column":21}},"152":{"start":{"line":319,"column":17},"end":{"line":319,"column":26}},"153":{"start":{"line":320,"column":21},"end":{"line":324,"column":5}},"154":{"start":{"line":321,"column":6},"end":{"line":321,"column":30}},"155":{"start":{"line":322,"column":6},"end":{"line":322,"column":39}},"156":{"start":{"line":323,"column":6},"end":{"line":323,"column":41}},"157":{"start":{"line":325,"column":4},"end":{"line":325,"column":19}},"158":{"start":{"line":326,"column":4},"end":{"line":326,"column":18}},"159":{"start":{"line":337,"column":19},"end":{"line":337,"column":21}},"160":{"start":{"line":338,"column":17},"end":{"line":338,"column":26}},"161":{"start":{"line":339,"column":21},"end":{"line":343,"column":5}},"162":{"start":{"line":340,"column":6},"end":{"line":340,"column":39}},"163":{"start":{"line":341,"column":6},"end":{"line":341,"column":30}},"164":{"start":{"line":342,"column":6},"end":{"line":342,"column":41}},"165":{"start":{"line":344,"column":4},"end":{"line":344,"column":19}},"166":{"start":{"line":345,"column":4},"end":{"line":345,"column":18}},"167":{"start":{"line":356,"column":19},"end":{"line":356,"column":21}},"168":{"start":{"line":357,"column":17},"end":{"line":357,"column":26}},"169":{"start":{"line":358,"column":21},"end":{"line":362,"column":5}},"170":{"start":{"line":359,"column":6},"end":{"line":359,"column":39}},"171":{"start":{"line":360,"column":6},"end":{"line":360,"column":41}},"172":{"start":{"line":361,"column":6},"end":{"line":361,"column":30}},"173":{"start":{"line":363,"column":4},"end":{"line":363,"column":19}},"174":{"start":{"line":364,"column":4},"end":{"line":364,"column":18}},"175":{"start":{"line":369,"column":17},"end":{"line":369,"column":26}},"176":{"start":{"line":370,"column":4},"end":{"line":372,"column":5}},"177":{"start":{"line":371,"column":6},"end":{"line":371,"column":18}},"178":{"start":{"line":373,"column":17},"end":{"line":373,"column":33}},"179":{"start":{"line":374,"column":19},"end":{"line":374,"column":39}},"180":{"start":{"line":376,"column":4},"end":{"line":378,"column":5}},"181":{"start":{"line":377,"column":6},"end":{"line":377,"column":28}},"182":{"start":{"line":379,"column":4},"end":{"line":379,"column":16}},"183":{"start":{"line":383,"column":0},"end":{"line":383,"column":34}}},"fnMap":{"0":{"name":"(anonymous_0)","decl":{"start":{"line":4,"column":2},"end":{"line":4,"column":3}},"loc":{"start":{"line":4,"column":16},"end":{"line":6,"column":3}},"line":4},"1":{"name":"(anonymous_1)","decl":{"start":{"line":8,"column":2},"end":{"line":8,"column":3}},"loc":{"start":{"line":8,"column":18},"end":{"line":14,"column":3}},"line":8},"2":{"name":"(anonymous_2)","decl":{"start":{"line":16,"column":2},"end":{"line":16,"column":3}},"loc":{"start":{"line":16,"column":1
[...]
art":{"line":19,"column":2},"end":{"line":21,"column":3}},{"start":{"line":19,"column":2},"end":{"line":21,"column":3}}],"line":19}},"s":{"0":1,"1":24,"2":24,"3":24,"4":24,"5":1,"6":7,"7":7,"8":84,"9":24,"10":24,"11":7,"12":6,"13":1,"14":1},"f":{"0":24,"1":7},"b":{"0":[24,60],"1":[6,1]},"_coverageSchema":"332fd63041d2c1bcb487cc26dd0d5f7d97098a6c","hash":"5cd333d1d3d5c33973a256b731a111a58765b150","contentHash":"53bbd2960175ab6b206a2ca97e77d4a8_10.2.0"},"/home/joe/Documents/dev/data-structures/sorting/quicksort.js":{"path":"/home/joe/Documents/dev/data-structures/sorting/quicksort.js","statementMap":{"0":{"start":{"line":1,"column":21},"end":{"line":93,"column":1}},"1":{"start":{"line":5,"column":15},"end":{"line":15,"column":3}},"2":{"start":{"line":8,"column":16},"end":{"line":8,"column":29}},"3":{"start":{"line":11,"column":4},"end":{"line":11,"column":34}},"4":{"start":{"line":14,"column":4},"end":{"line":14,"column":24}},"5":{"start":{"line":18,"column":20},"end":{"line":49,"column":3}},"6":{"start":{"line":21,"column":23},"end":{"line":21,"column":33}},"7":{"start":{"line":24,"column":16},"end":{"line":24,"column":18}},"8":{"start":{"line":27,"column":4},"end":{"line":27,"column":25}},"9":{"start":{"line":30,"column":4},"end":{"line":41,"column":5}},"10":{"start":{"line":34,"column":6},"end":{"line":40,"column":7}},"11":{"start":{"line":38,"column":8},"end":{"line":38,"column":30}},"12":{"start":{"line":39,"column":8},"end":{"line":39,"column":16}},"13":{"start":{"line":45,"column":4},"end":{"line":45,"column":27}},"14":{"start":{"line":48,"column":4},"end":{"line":48,"column":17}},"15":{"start":{"line":52,"column":2},"end":{"line":92,"column":4}},"16":{"start":{"line":61,"column":18},"end":{"line":61,"column":22}},"17":{"start":{"line":64,"column":6},"end":{"line":66,"column":7}},"18":{"start":{"line":65,"column":8},"end":{"line":65,"column":16}},"19":{"start":{"line":69,"column":6},"end":{"line":71,"column":7}},"20":{"start":{"line":70,"column":8},"end":{"line":70,"column":32}},"21":{"start":{"line":74,"column":6},"end":{"line":87,"column":7}},"22":{"start":{"line":77,"column":8},"end":{"line":77,"column":59}},"23":{"start":{"line":80,"column":26},"end":{"line":80,"column":62}},"24":{"start":{"line":83,"column":8},"end":{"line":83,"column":52}},"25":{"start":{"line":86,"column":8},"end":{"line":86,"column":53}},"26":{"start":{"line":90,"column":6},"end":{"line":90,"column":19}},"27":{"start":{"line":95,"column":0},"end":{"line":95,"column":29}}},"fnMap":{"0":{"name":"(anonymous_0)","decl":{"start":{"line":1,"column":21},"end":{"line":1,"column":22}},"loc":{"start":{"line":1,"column":27},"end":{"line":93,"column":1}},"line":1},"1":{"name":"(anonymous_1)","decl":{"start":{"line":5,"column":15},"end":{"line":5,"column":16}},"loc":{"start":{"line":5,"column":44},"end":{"line":15,"column":3}},"line":5},"2":{"name":"(anonymous_2)","decl":{"start":{"line":18,"column":20},"end":{"line":18,"column":21}},"loc":{"start":{"line":18,"column":46},"end":{"line":49,"column":3}},"line":18},"3":{"name":"(anonymous_3)","decl":{"start":{"line":58,"column":15},"end":{"line":58,"column":16}},"loc":{"start":{"line":58,"column":44},"end":{"line":91,"column":5}},"line":58}},"branchMap":{"0":{"loc":{"start":{"line":34,"column":6},"end":{"line":40,"column":7}},"type":"if","locations":[{"start":{"line":34,"column":6},"end":{"line":40,"column":7}},{"start":{"line":34,"column":6},"end":{"line":40,"column":7}}],"line":34},"1":{"loc":{"start":{"line":64,"column":6},"end":{"line":66,"column":7}},"type":"if","locations":[{"start":{"line":64,"column":6},"end":{"line":66,"column":7}},{"start":{"line":64,"column":6},"end":{"line":66,"column":7}}],"line":64},"2":{"loc":{"start":{"line":69,"column":6},"end":{"line":71,"column":7}},"type":"if","locations":[{"start":{"line":69,"column":6},"end":{"line":71,"column":7}},{"start":{"line":69,"column":6},"end":{"line":71,"column":7}}],"line":69},"3":{"loc":{"start":{"line":74,"column":6},"end":{"line":87,"column":7}},"type":"if","locations":[{"start":{"line":74,"column":6},"end":{"line":87,"column":7}},{"start":{"line":74,"column":6},"end":{"line":87,"column":7}}],"line":74}},"s":{"0":1,"1":1,"2":38,"3":38,"4":38,"5":1,"6":6,"7":6,"8":6,"9":6,"10":34,"11":26,"12":26,"13":6,"14":6,"15":1,"16":13,"17":13,"18":1,"19":13,"20":1,"21":13,"22":6,"23":6,"24":6,"25":6,"26":13,"27":1},"f":{"0":1,"1":38,"2":6,"3":13},"b":{"0":[26,8],"1":[1,12],"2":[1,12],"3":[6,7]},"_coverageSchema":"332fd63041d2c1bcb487cc26dd0d5f7d97098a6c","hash":"f6b5306068c675bac5802a288ca634ca7b4789c3","contentHash":"4c94b2000a7046acbbc0d433965d95f7_10.2.0"},"/home/joe/Documents/dev/data-structures/sorting/quick-recursive.js":{"path":"/home/joe/Documents/dev/data-structures/sorting/quick-recursive.js","statementMap":{"0":{"start":{"line":1,"column":18},"end":{"line":19,"column":1}},"1":{"start":{"line":3,"column":2},"end":{"line":5,"column":3}},"2":{"start":{"line":4,"column":4},"end":{"line":4,"column":15}},"3":{"start":{"line":8,"column":16},"end":{"line":8,"column":22}},"4":{"start":{"line":11,"column":26},"end":{"line":11,"column":49}},"5":{"start":{"line":14,"column":18},"end":{"line":14,"column":35}},"6":{"start":{"line":15,"column":19},"end":{"line":15,"column":37}},"7":{"start":{"line":18,"column":2},"end":{"line":18,"column":43}},"8":{"start":{"line":21,"column":18},"end":{"line":39,"column":1}},"9":{"start":{"line":22,"column":15},"end":{"line":22,"column":17}},"10":{"start":{"line":23,"column":16},"end":{"line":23,"column":18}},"11":{"start":{"line":26,"column":2},"end":{"line":33,"column":3}},"12":{"start":{"line":28,"column":4},"end":{"line":32,"column":5}},"13":{"start":{"line":29,"column":6},"end":{"line":29,"column":26}},"14":{"start":{"line":31,"column":6},"end":{"line":31,"column":27}},"15":{"start":{"line":35,"column":2},"end":{"line":38,"column":4}},"16":{"start":{"line":41,"column":0},"end":{"line":41,"column":27}}},"fnMap":{"0":{"name":"(anonymous_0)","decl":{"start":{"line":1,"column":18},"end":{"line":1,"column":19}},"loc":{"start":{"line":1,"column":29},"end":{"line":19,"column":1}},"line":1},"1":{"name":"(anonymous_1)","decl":{"start":{"line":21,"column":18},"end":{"line":21,"column":19}},"loc":{"start":{"line":21,"column":36},"end":{"line":39,"column":1}},"line":21}},"branchMap":{"0":{"loc":{"start":{"line":3,"column":2},"end":{"line":5,"column":3}},"type":"if","locations":[{"start":{"line":3,"column":2},"end":{"line":5,"column":3}},{"start":{"line":3,"column":2},"end":{"line":5,"column":3}}],"line":3},"1":{"loc":{"start":{"line":28,"column":4},"end":{"line":32,"column":5}},"type":"if","locations":[{"start":{"line":28,"column":4},"end":{"line":32,"column":5}},{"start":{"line":28,"column":4},"end":{"line":32,"column":5}}],"line":28}},"s":{"0":1,"1":17,"2":9,"3":8,"4":8,"5":8,"6":8,"7":8,"8":1,"9":8,"10":8,"11":8,"12":28,"13":12,"14":16,"15":8,"16":1},"f":{"0":17,"1":8},"b":{"0":[9,8],"1":[12,16]},"_coverageSchema":"332fd63041d2c1bcb487cc26dd0d5f7d97098a6c","hash":"38c9d73135ba52c5b2e8be7377ef5aed6c291399","contentHash":"da97dde9fc9a03449d19b8ee40011438_10.2.0"},"/home/joe/Documents/dev/data-structures/sorting/mergesort.js":{"path":"/home/joe/Documents/dev/data-structures/sorting/mergesort.js","statementMap":{"0":{"start":{"line":1,"column":22},"end":{"line":58,"column":1}},"1":{"start":{"line":3,"column":16},"end":{"line":33,"column":3}},"2":{"start":{"line":5,"column":19},"end":{"line":5,"column":21}},"3":{"start":{"line":8,"column":4},"end":{"line":19,"column":5}},"4":{"start":{"line":10,"column":6},"end":{"line":18,"column":7}},"5":{"start":{"line":13,"column":8},"end":{"line":13,"column":36}},"6":{"start":{"line":17,"column":8},"end":{"line":17,"column":37}},"7":{"start":{"line":22,"column":4},"end":{"line":24,"column":5}},"8":{"start":{"line":23,"column":6},"end":{"line":23,"column":34}},"9":{"start":{"line":27,"column":4},"end":{"line":29,"column":5}},"10":{"start":{"line":28,"column":6},"end":{"line":28,"column":35}},"11":{"start":{"line":32,"column":4},"end":{"line":32,"column":18}},"12":{"start":{"line":35,"column":2},"end":{"line":57,"column":4}},"13":{"start":{"line":39,"column":6},"end":{"line":41,"column":7}},"14":{"start":{"line":40,"column":8},"end":{"line":40,"column":19}},"15":{"start":{"line":44,"column":22},"end":{"line":44,"column":48}},"16":{"start":{"line":47,"column":20},"end":{"line":47,"column":41}},"17":{"start":{"line":50,"column":21},"end":{"line":50,"column":51}},"18":{"start":{"line":55,"column":6},"end":{"line":55,"column":71}},"19":{"start":{"line":60,"column":0},"end":{"line":60,"column":29}}},"fnMap":{"0":{"name":"(anonymous_0)","decl":{"start":{"line":1,"column":22},"end":{"line":1,"column":23}},"loc":{"start":{"line":1,"column":28},"end":{"line":58,"column":1}},"line":1},"1":{"name":"(anonymous_1)","decl":{"start":{"line":3,"column":16},"end":{"line":3,"column":17}},"loc":{"start":{"line":3,"column":35},"end":{"line":33,"column":3}},"line":3},"2":{"name":"(anonymous_2)","decl":{"start":{"line":36,"column":15},"end":{"line":36,"column":16}},"loc":{"start":{"line":36,"column":32},"end":{"line":56,"column":5}},"line":36}},"branchMap":{"0":{"loc":{"start":{"line":8,"column":12},"end":{"line":8,"column":47}},"type":"binary-expr","locations":[{"start":{"line":8,"column":12},"end":{"line":8,"column":27}},{"start":{"line":8,"column":31},"end":{"line":8,"column":47}}],"line":8},"1":{"loc":{"start":{"line":10,"column":6},"end":{"line":18,"column":7}},"type":"if","locations":[{"start":{"line":10,"column":6},"end":{"line":18,"column":7}},{"start":{"line":10,"column":6},"end":{"line":18,"column":7}}],"line":10},"2":{"loc":{"start":{"line":39,"column":6},"end":{"line":41,"column":7}},"type":"if","locations":[{"start":{"line":39,"column":6},"end":{"line":41,"column":7}},{"start":{"line":39,"column":6},"end":{"line":41,"column":7}}],"line":39}},"s":{"0":1,"1":1,"2":11,"3":11,"4":28,"5":15,"6":13,"7":11,"8":5,"9":11,"10":11,"11":11,"12":1,"13":23,"14":12,"15":11,"16":11,"17":11,"18":11,"19":1},"f":{"0":1,"1":11,"2":23},"b":{"0":[39,32],"1":[15,13],"2":[12,11]},"_coverageSchema":"332fd63041d2c1bcb487cc26dd0d5f7d97098a6c","hash":"02cdd41874af9e28acb9cd4217f58945edf542b0","contentHash":"1bdc7a9980df12b66b171989ed71f0bb_10.2.0"},"/home/joe/Documents/dev/data-structures/sorting/insertionsort.js":{"path":"/home/joe/Documents/dev/data-structures/sorting/insertionsort.js","statementMap":{"0":{"start":{"line":1,"column":25},"end":{"line":43,"column":1}},"1":{"start":{"line":3,"column":15},"end":{"line":12,"column":3}},"2":{"start":{"line":5,"column":16},"end":{"line":5,"column":29}},"3":{"start":{"line":8,"column":4},"end":{"line":8,"column":34}},"4":{"start":{"line":11,"column":4},"end":{"line":11,"column":24}},"5":{"start":{"line":14,"column":2},"end":{"line":42,"column":4}},"6":{"start":{"line":27,"column":6},"end":{"line":39,"column":7}},"7":{"start":{"line":29,"column":16},"end":{"line":29,"column":17}},"8":{"start":{"line":33,"column":8},"end":{"line":38,"column":9}},"9":{"start":{"line":35,"column":10},"end":{"line":35,"column":30}},"10":{"start":{"line":37,"column":10},"end":{"line":37,"column":14}},"11":{"start":{"line":40,"column":6},"end":{"line":40,"column":15}},"12":{"start":{"line":45,"column":0},"end":{"line":45,"column":33}}},"fnMap":{"0":{"name":"(anonymous_0)","decl":{"start":{"line":1,"column":25},"end":{"line":1,"column":26}},"loc":{"start":{"line":1,"column":31},"end":{"line":43,"column":1}},"line":1},"1":{"name":"(anonymous_1)","decl":{"start":{"line":3,"column":15},"end":{"line":3,"column":16}},"loc":{"start":{"line":3,"column":44},"end":{"line":12,"column":3}},"line":3},"2":{"name":"(anonymous_2)","decl":{"start":{"line":23,"column":19},"end":{"line":23,"column":20}},"loc":{"start":{"line":23,"column":28},"end":{"line":41,"column":5}},"line":23}},"branchMap":{"0":{"loc":{"start":{"line":33,"column":16},"end":{"line":33,"column":44}},"type":"binary-expr","locations":[{"start":{"line":33,"column":16},"end":{"line":33,"column":21}},{"start":{"line":33,"column":27},"end":{"line":33,"column":42}}],"line":33}},"s":{"0":1,"1":1,"2":24,"3":24,"4":24,"5":1,"6":1,"7":11,"8":11,"9":24,"10":24,"11":1,"12":1},"f":{"0":1,"1":24,"2":1},"b":{"0":[35,34]},"_coverageSchema":"332fd63041d2c1bcb487cc26dd0d5f7d97098a6c","hash":"3795cf3ab11e9dd018312f96e1a6c11866f2bdb0","contentHash":"a68e9d98e4d8cc03aef3ae2dd18eb489_10.2.0"},"/home/joe/Documents/dev/data-structures/sorting/selectionsort.js":{"path":"/home/joe/Documents/dev/data-structures/sorting/selectionsort.js","statementMap":{"0":{"start":{"line":1,"column":25},"end":{"line":31,"column":1}},"1":{"start":{"line":3,"column":15},"end":{"line":12,"column":3}},"2":{"start":{"line":5,"column":16},"end":{"line":5,"column":29}},"3":{"start":{"line":8,"column":4},"end":{"line":8,"column":34}},"4":{"start":{"line":11,"column":4},"end":{"line":11,"column":24}},"5":{"start":{"line":15,"column":2},"end":{"line":30,"column":4}},"6":{"start":{"line":17,"column":6},"end":{"line":27,"column":7}},"7":{"start":{"line":18,"column":18},"end":{"line":18,"column":19}},"8":{"start":{"line":19,"column":8},"end":{"line":23,"column":9}},"9":{"start":{"line":20,"column":10},"end":{"line":22,"column":11}},"10":{"start":{"line":21,"column":12},"end":{"line":21,"column":20}},"11":{"start":{"line":24,"column":8},"end":{"line":26,"column":9}},"12":{"start":{"line":25,"column":10},"end":{"line":25,"column":30}},"13":{"start":{"line":28,"column":6},"end":{"line":28,"column":19}},"14":{"start":{"line":33,"column":0},"end":{"line":33,"column":33}}},"fnMap":{"0":{"name":"(anonymous_0)","decl":{"start":{"line":1,"column":25},"end":{"line":1,"column":26}},"loc":{"start":{"line":1,"column":31},"end":{"line":31,"column":1}},"line":1},"1":{"name":"(anonymous_1)","decl":{"start":{"line":3,"column":15},"end":{"line":3,"column":16}},"loc":{"start":{"line":3,"column":42},"end":{"line":12,"column":3}},"line":3},"2":{"name":"(anonymous_2)","decl":{"start":{"line":16,"column":19},"end":{"line":16,"column":20}},"loc":{"start":{"line":16,"column":32},"end":{"line":29,"column":5}},"line":16}},"branchMap":{"0":{"loc":{"start":{"line":20,"column":10},"end":{"line":22,"column":11}},"type":"if","locations":[{"start":{"line":20,"column":10},"end":{"line":22,"column":11}},{"start":{"line":20,"column":10},"end":{"line":22,"column":11}}],"line":20},"1":{"loc":{"start":{"line":24,"column":8},"end":{"line":26,"column":9}},"type":"if","locations":[{"start":{"line":24,"column":8},"end":{"line":26,"column":9}},{"start":{"line":24,"column":8},"end":{"line":26,"column":9}}],"line":24}},"s":{"0":1,"1":1,"2":8,"3":8,"4":8,"5":1,"6":1,"7":11,"8":11,"9":66,"10":13,"11":11,"12":8,"13":1,"14":1},"f":{"0":1,"1":8,"2":1},"b":{"0":[13,53],"1":[8,3]},"_coverageSchema":"332fd63041d2c1bcb487cc26dd0d5f7d97098a6c","hash":"746de20b96630617bef45b45a3037c218ea72bf8","contentHash":"e56c72eb9ae9d7ba2398cdbfd746dca7_10.2.0"},"/home/joe/Documents/dev/data-structures/stack/stack.js":{"path":"/home/joe/Documents/dev/data-structures/stack/stack.js","statementMap":{"0":{"start":{"line":3,"column":4},"end":{"line":3,"column":20}},"1":{"start":{"line":7,"column":20},"end":{"line":10,"column":5}},"2":{"start":{"line":11,"column":4},"end":{"line":11,"column":23}},"3":{"start":{"line":15,"column":4},"end":{"line":19,"column":5}},"4":{"start":{"line":16,"column":20},"end":{"line":16,"column":34}},"5":{"start":{"line":17,"column":6},"end":{"line":17,"column":31}},"6":{"start":{"line":18,"column":6},"end":{"line":18,"column":19}},"7":{"start":{"line":20,"column":4},"end":{"line":20,"column":16}},"8":{"start":{"line":24,"column":0},"end":{"line":24,"column":23}}},"fnMap":{"0":{"name":"(anonymous_0)","decl":{"start":{"line":2,"column":2},"end":{"line":2,"column":3}},"loc":{"start":{"line":2,"column":16},"end":{"line":4,"column":3}},"line":2},"1":{"name":"(anonymous_1)","decl":{"start":{"line":6,"column":2},"end":{"line":6,"column":3}},"loc":{"start":{"line":6,"column":16},"end":{"line":12,"column":3}},"line":6},"2":{"name":"(anonymous_2)","decl":{"start":{"line":14,"column":2},"end":{"line":14,"column":3}},"loc":{"start":{"line":14,"column":8},"end":{"line":21,"column":3}},"line":14}},"branchMap":{"0":{"loc":{"start":{"line":15,"column":4},"end":{"line":19,"column":5}},"type":"if","locations":[{"start":{"line":15,"column":4},"end":{"line":19,"column":5}},{"start":{"line":15,"column":4},"end":{"line":19,"column":5}}],"line":15}},"s":{"0":4,"1":9,"2":9,"3":10,"4":6,"5":6,"6":6,"7":4,"8":1},"f":{"0":4,"1":9,"2":10},"b":{"0":[6,4]},"_coverageSchema":"332fd63041d2c1bcb487cc26dd0d5f7d97098a6c","hash":"8a3dabfcb883afd1d3da94cd7f4edf7f4ab6bc8b","contentHash":"f00590fe3730922a3b51285cda7e3fd3_10.2.0"},"/home/joe/Documents/dev/data-structures/trie/trie.js":{"path":"/home/joe/Documents/dev/data-structures/trie/trie.js","statementMap":{"0":{"start":{"line":19,"column":4},"end":{"line":19,"column":19}},"1":{"start":{"line":23,"column":4},"end":{"line":25,"column":5}},"2":{"start":{"line":24,"column":6},"end":{"line":24,"column":28}},"3":{"start":{"line":29,"column":19},"end":{"line":29,"column":28}},"4":{"start":{"line":30,"column":4},"end":{"line":30,"column":21}},"5":{"start":{"line":31,"column":4},"end":{"line":37,"column":5}},"6":{"start":{"line":32,"column":16},"end":{"line":32,"column":23}},"7":{"start":{"line":33,"column":6},"end":{"line":35,"column":7}},"8":{"start":{"line":34,"column":8},"end":{"line":34,"column":25}},"9":{"start":{"line":36,"column":6},"end":{"line":36,"column":29}},"10":{"start":{"line":38,"column":4},"end":{"line":38,"column":27}},"11":{"start":{"line":42,"column":19},"end":{"line":42,"column":28}},"12":{"start":{"line":43,"column":4},"end":{"line":43,"column":21}},"13":{"start":{"line":44,"column":4},"end":{"line":50,"column":5}},"14":{"start":{"line":45,"column":16},"end":{"line":45,"column":23}},"15":{"start":{"line":46,"column":6},"end":{"line":48,"column":7}},"16":{"start":{"line":47,"column":8},"end":{"line":47,"column":21}},"17":{"start":{"line":49,"column":6},"end":{"line":49,"column":29}},"18":{"start":{"line":51,"column":4},"end":{"line":51,"column":29}},"19":{"start":{"line":55,"column":0},"end":{"line":55,"column":22}}},"fnMap":{"0":{"name":"(anonymous_0)","decl":{"start":{"line":18,"column":2},"end":{"line":18,"column":3}},"loc":{"start":{"line":18,"column":16},"end":{"line":20,"column":3}},"line":18},"1":{"name":"(anonymous_1)","decl":{"start":{"line":22,"column":2},"end":{"line":22,"column":3}},"loc":{"start":{"line":22,"column":16},"end":{"line":26,"column":3}},"line":22},"2":{"name":"(anonymous_2)","decl":{"start":{"line":28,"column":2},"end":{"line":28,"column":3}},"loc":{"start":{"line":28,"column":12},"end":{"line":39,"column":3}},"line":28},"3":{"name":"(anonymous_3)","decl":{"start":{"line":41,"column":2},"end":{"line":41,"column":3}},"loc":{"start":{"line":41,"column":15},"end":{"line":52,"column":3}},"line":41}},"branchMap":{"0":{"loc":{"start":{"line":23,"column":4},"end":{"line":25,"column":5}},"type":"if","locations":[{"start":{"line":23,"column":4},"end":{"line":25,"column":5}},{"start":{"line":23,"column":4},"end":{"line":25,"column":5}}],"line":23},"1":{"loc":{"start":{"line":33,"column":6},"end":{"line":35,"column":7}},"type":"if","locations":[{"start":{"line":33,"column":6},"end":{"line":35,"column":7}},{"start":{"line":33,"column":6},"end":{"line":35,"column":7}}],"line":33},"2":{"loc":{"start":{"line":46,"column":6},"end":{"line":48,"column":7}},"type":"if","locations":[{"start":{"line":46,"column":6},"end":{"line":48,"column":7}},{"start":{"line":46,"column":6},"end":{"line":48,"column":7}}],"line":46}},"s":{"0":6,"1":141,"2":6,"3":119,"4":119,"5":113,"6":389,"7":389,"8":73,"9":389,"10":113,"11":22,"12":22,"13":22,"14":96,"15":96,"16":4,"17":92,"18":18,"19":1},"f":{"0":6,"1":141,"2":119,"3":22},"b":{"0":[6,135],"1":[73,316],"2":[4,92]},"_coverageSchema":"332fd63041d2c1bcb487cc26dd0d5f7d97098a6c","hash":"7b2b630090c61990bff0cc06af430db1b2f6bf47","contentHash":"fd54f9c6b3bba968ea8da748c40d4a71_10.2.0"}}