{"/Users/a6002304/Documents/dev/data-structures/binary-heap/binaryHeap.js":{"path":"/Users/a6002304/Documents/dev/data-structures/binary-heap/binaryHeap.js","statementMap":{"0":{"start":{"line":2,"column":2},"end":{"line":2,"column":20}},"1":{"start":{"line":3,"column":2},"end":{"line":3,"column":37}},"2":{"start":{"line":6,"column":0},"end":{"line":113,"column":2}},"3":{"start":{"line":9,"column":4},"end":{"line":9,"column":31}},"4":{"start":{"line":11,"column":4},"end":{"line":11,"column":43}},"5":{"start":{"line":16,"column":17},"end":{"line":16,"column":32}},"6":{"start":{"line":18,"column":14},"end":{"line":18,"column":32}},"7":{"start":{"line":21,"column":4},"end":{"line":24,"column":5}},"8":{"start":{"line":22,"column":6},"end":{"line":22,"column":28}},"9":{"start":{"line":23,"column":6},"end":{"line":23,"column":23}},"10":{"start":{"line":25,"column":4},"end":{"line":25,"column":18}},"11":{"start":{"line":29,"column":19},"end":{"line":29,"column":38}},"12":{"start":{"line":32,"column":4},"end":{"line":46,"column":5}},"13":{"start":{"line":33,"column":6},"end":{"line":33,"column":44}},"14":{"start":{"line":33,"column":35},"end":{"line":33,"column":44}},"15":{"start":{"line":36,"column":18},"end":{"line":36,"column":36}},"16":{"start":{"line":39,"column":6},"end":{"line":39,"column":33}},"17":{"start":{"line":39,"column":27},"end":{"line":39,"column":33}},"18":{"start":{"line":42,"column":6},"end":{"line":42,"column":28}},"19":{"start":{"line":43,"column":6},"end":{"line":43,"column":23}},"20":{"start":{"line":44,"column":6},"end":{"line":44,"column":23}},"21":{"start":{"line":45,"column":6},"end":{"line":45,"column":12}},"22":{"start":{"line":50,"column":4},"end":{"line":50,"column":31}},"23":{"start":{"line":55,"column":20},"end":{"line":55,"column":35}},"24":{"start":{"line":55,"column":45},"end":{"line":55,"column":72}},"25":{"start":{"line":57,"column":4},"end":{"line":71,"column":5}},"26":{"start":{"line":59,"column":22},"end":{"line":59,"column":49}},"27":{"start":{"line":60,"column":15},"end":{"line":60,"column":36}},"28":{"start":{"line":63,"column":6},"end":{"line":64,"column":14}},"29":{"start":{"line":64,"column":8},"end":{"line":64,"column":14}},"30":{"start":{"line":68,"column":6},"end":{"line":68,"column":38}},"31":{"start":{"line":69,"column":6},"end":{"line":69,"column":31}},"32":{"start":{"line":70,"column":6},"end":{"line":70,"column":18}},"33":{"start":{"line":76,"column":19},"end":{"line":76,"column":38}},"34":{"start":{"line":77,"column":14},"end":{"line":77,"column":29}},"35":{"start":{"line":78,"column":16},"end":{"line":78,"column":43}},"36":{"start":{"line":80,"column":4},"end":{"line":111,"column":5}},"37":{"start":{"line":83,"column":22},"end":{"line":83,"column":33}},"38":{"start":{"line":83,"column":45},"end":{"line":83,"column":56}},"39":{"start":{"line":86,"column":17},"end":{"line":86,"column":21}},"40":{"start":{"line":88,"column":6},"end":{"line":95,"column":7}},"41":{"start":{"line":90,"column":8},"end":{"line":91,"column":49}},"42":{"start":{"line":93,"column":8},"end":{"line":94,"column":25}},"43":{"start":{"line":94,"column":10},"end":{"line":94,"column":25}},"44":{"start":{"line":97,"column":6},"end":{"line":102,"column":7}},"45":{"start":{"line":98,"column":21},"end":{"line":98,"column":42}},"46":{"start":{"line":99,"column":22},"end":{"line":99,"column":48}},"47":{"start":{"line":100,"column":8},"end":{"line":101,"column":25}},"48":{"start":{"line":101,"column":10},"end":{"line":101,"column":25}},"49":{"start":{"line":105,"column":6},"end":{"line":105,"column":30}},"50":{"start":{"line":105,"column":24},"end":{"line":105,"column":30}},"51":{"start":{"line":108,"column":6},"end":{"line":108,"column":43}},"52":{"start":{"line":109,"column":6},"end":{"line":109,"column":35}},"53":{"start":{"line":110,"column":6},"end":{"line":110,"column":15}},"54":{"start":{"line":115,"column":0},"end":{"line":115,"column":28}}},"fnMap":{"0":{"name":"BinaryHeap","decl":{"start":{"line":1,"column":9},"end":{"line":1,"column":19}},"loc":{"start":{"line":1,"column":34},"end":{"line":4,"column":1}},"line":1},"1":{"name":"(anonymous_1)","decl":{"start":{"line":7,"column":8},"end":{"line":7,"column":9}},"loc":{"start":{"line":7,"column":26},"end":{"line":12,"column":3}},"line":7},"2":{"name":"(anonymous_2)","decl":{"start":{"line":14,"column":7},"end":{"line":14,"column":8}},"loc":{"start":{"line":14,"column":18},"end":{"line":26,"column":3}},"line":14},"3":{"name":"(anonymous_3)","decl":{"start":{"line":28,"column":10},"end":{"line":28,"column":11}},"loc":{"start":{"line":28,"column":25},"end":{"line":47,"column":3}},"line":28},"4":{"name":"(anonymous_4)","decl":{"start":{"line":49,"column":8},"end":{"line":49,"column":9}},"loc":{"start":{"line":49,"column":19},"end":{"line":51,"column":3}},"line":49},"5":{"name":"(anonymous_5)","decl":{"start":{"line":53,"column":12},"end":{"line":53,"column":13}},"loc":{"start":{"line":53,"column":24},"end":{"line":72,"column":3}},"line":53},"6":{"name":"(anonymous_6)","decl":{"start":{"line":74,"column":12},"end":{"line":74,"column":13}},"loc":{"start":{"line":74,"column":24},"end":{"line":112,"column":3}},"line":74}},"branchMap":{"0":{"loc":{"start":{"line":21,"column":4},"end":{"line":24,"column":5}},"type":"if","locations":[{"start":{"line":21,"column":4},"end":{"line":24,"column":5}},{"start":{"line":21,"column":4},"end":{"line":24,"column":5}}],"line":21},"1":{"loc":{"start":{"line":33,"column":6},"end":{"line":33,"column":44}},"type":"if","locations":[{"start":{"line":33,"column":6},"end":{"line":33,"column":44}},{"start":{"line":33,"column":6},"end":{"line":33,"column":44}}],"line":33},"2":{"loc":{"start":{"line":39,"column":6},"end":{"line":39,"column":33}},"type":"if","locations":[{"start":{"line":39,"column":6},"end":{"line":39,"column":33}},{"start":{"line":39,"column":6},"end":{"line":39,"column":33}}],"line":39},"3":{"loc":{"start":{"line":63,"column":6},"end":{"line":64,"column":14}},"type":"if","locations":[{"start":{"line":63,"column":6},"end":{"line":64,"column":14}},{"start":{"line":63,"column":6},"end":{"line":64,"column":14}}],"line":63},"4":{"loc":{"start":{"line":88,"column":6},"end":{"line":95,"column":7}},"type":"if","locations":[{"start":{"line":88,"column":6},"end":{"line":95,"column":7}},{"start":{"line":88,"column":6},"end":{"line":95,"column":7}}],"line":88},"5":{"loc":{"start":{"line":93,"column":8},"end":{"line":94,"column":25}},"type":"if","locations":[{"start":{"line":93,"column":8},"end":{"line":94,"column":25}},{"start":{"line":93,"column":8},"end":{"line":94,"column":25}}],"line":93},"6":{"loc":{"start":{"line":97,"column":6},"end":{"line":102,"column":7}},"type":"if","locations":[{"start":{"line":97,"column":6},"end":{"line":102,"column":7}},{"start":{"line":97,"column":6},"end":{"line":102,"column":7}}],"line":97},"7":{"loc":{"start":{"line":100,"column":8},"end":{"line":101,"column":25}},"type":"if","locations":[{"start":{"line":100,"column":8},"end":{"line":101,"column":25}},{"start":{"line":100,"column":8},"end":{"line":101,"column":25}}],"line":100},"8":{"loc":{"start":{"line":100,"column":27},"end":{"line":100,"column":65}},"type":"cond-expr","locations":[{"start":{"line":100,"column":42},"end":{"line":100,"column":51}},{"start":{"line":100,"column":54},"end":{"line":100,"column":65}}],"line":100},"9":{"loc":{"start":{"line":105,"column":6},"end":{"line":105,"column":30}},"type":"if","locations":[{"start":{"line":105,"column":6},"end":{"line":105,"column":30}},{"start":{"line":105,"column":6},"end":{"line":105,"column":30}}],"line":105}},"s":{"0":2,"1":2,"2":1,"3":17,"4":17,"5":6,"6":6,"7":6,"8":0,"9":0,"10":6,"11":0,"12":0,"13":0,"14":0,"15":0,"16":0,"17":0,"18":0,"19":0,"20":0,"21":0,"22":6,"23":17,"24":17,"25":17,"26":17,"27":17,"28":17,"29":7,"30":10,"31":10,"32":10,"33":0,"34":0,"35":0,"36":0,"37":0,"38":0,"39":0,"40":0,"41":0,"42":0,"43":0,"44":0,"45":0,"46":0,"47":0,"48":0,"49":0,"50":0,"51":0,"52":0,"53":0,"54":1},"f":{"0":2,"1":17,"2":6,"3":0,"4":6,"5":17,"6":0},"b":{"0":[0,6],"1":[0,0],"2":[0,0],"3":[7,10],"4":[0,0],"5":[0,0],"6":[0,0],"7":[0,0],"8":[0,0],"9":[0,0]},"_coverageSchema":"332fd63041d2c1bcb487cc26dd0d5f7d97098a6c","hash":"3306a7af5a2676d4c7092f1dae2a66593c473987","contentHash":"3d77214734b884af2f4ee0bf94e8eb31_11.9.0"},"/Users/a6002304/Documents/dev/data-structures/bitwise/bitwise-basics.js":{"path":"/Users/a6002304/Documents/dev/data-structures/bitwise/bitwise-basics.js","statementMap":{"0":{"start":{"line":1,"column":19},"end":{"line":3,"column":1}},"1":{"start":{"line":2,"column":2},"end":{"line":2,"column":29}},"2":{"start":{"line":5,"column":18},"end":{"line":7,"column":1}},"3":{"start":{"line":6,"column":2},"end":{"line":6,"column":29}},"4":{"start":{"line":9,"column":19},"end":{"line":11,"column":1}},"5":{"start":{"line":10,"column":2},"end":{"line":10,"column":29}},"6":{"start":{"line":13,"column":19},"end":{"line":15,"column":1}},"7":{"start":{"line":14,"column":2},"end":{"line":14,"column":32}},"8":{"start":{"line":17,"column":25},"end":{"line":19,"column":1}},"9":{"start":{"line":18,"column":2},"end":{"line":18,"column":33}},"10":{"start":{"line":21,"column":41},"end":{"line":23,"column":1}},"11":{"start":{"line":22,"column":2},"end":{"line":22,"column":33}},"12":{"start":{"line":25,"column":34},"end":{"line":27,"column":1}},"13":{"start":{"line":26,"column":2},"end":{"line":26,"column":34}},"14":{"start":{"line":29,"column":15},"end":{"line":31,"column":1}},"15":{"start":{"line":30,"column":2},"end":{"line":30,"column":18}},"16":{"start":{"line":33,"column":14},"end":{"line":35,"column":1}},"17":{"start":{"line":34,"column":2},"end":{"line":34,"column":24}},"18":{"start":{"line":37,"column":16},"end":{"line":39,"column":1}},"19":{"start":{"line":38,"column":2},"end":{"line":38,"column":33}},"20":{"start":{"line":42,"column":15},"end":{"line":44,"column":1}},"21":{"start":{"line":43,"column":2},"end":{"line":43,"column":22}},"22":{"start":{"line":46,"column":19},"end":{"line":48,"column":1}},"23":{"start":{"line":47,"column":2},"end":{"line":47,"column":13}},"24":{"start":{"line":50,"column":0},"end":{"line":63,"column":2}}},"fnMap":{"0":{"name":"(anonymous_0)","decl":{"start":{"line":1,"column":19},"end":{"line":1,"column":20}},"loc":{"start":{"line":1,"column":29},"end":{"line":3,"column":1}},"line":1},"1":{"name":"(anonymous_1)","decl":{"start":{"line":5,"column":18},"end":{"line":5,"column":19}},"loc":{"start":{"line":5,"column":28},"end":{"line":7,"column":1}},"line":5},"2":{"name":"(anonymous_2)","decl":{"start":{"line":9,"column":19},"end":{"line":9,"column":20}},"loc":{"start":{"line":9,"column":29},"end":{"line":11,"column":1}},"line":9},"3":{"name":"(anonymous_3)","decl":{"start":{"line":13,"column":19},"end":{"line":13,"column":20}},"loc":{"start":{"line":13,"column":26},"end":{"line":15,"column":1}},"line":13},"4":{"name":"(anonymous_4)","decl":{"start":{"line":17,"column":25},"end":{"line":17,"column":26}},"loc":{"start":{"line":17,"column":38},"end":{"line":19,"column":1}},"line":17},"5":{"name":"(anonymous_5)","decl":{"start":{"line":21,"column":41},"end":{"line":21,"column":42}},"loc":{"start":{"line":21,"column":54},"end":{"line":23,"column":1}},"line":21},"6":{"name":"(anonymous_6)","decl":{"start":{"line":25,"column":34},"end":{"line":25,"column":35}},"loc":{"start":{"line":25,"column":47},"end":{"line":27,"column":1}},"line":25},"7":{"name":"(anonymous_7)","decl":{"start":{"line":29,"column":15},"end":{"line":29,"column":16}},"loc":{"start":{"line":29,"column":22},"end":{"line":31,"column":1}},"line":29},"8":{"name":"(anonymous_8)","decl":{"start":{"line":33,"column":14},"end":{"line":33,"column":15}},"loc":{"start":{"line":33,"column":21},"end":{"line":35,"column":1}},"line":33},"9":{"name":"(anonymous_9)","decl":{"start":{"line":37,"column":16},"end":{"line":37,"column":17}},"loc":{"start":{"line":37,"column":25},"end":{"line":39,"column":1}},"line":37},"10":{"name":"(anonymous_10)","decl":{"start":{"line":42,"column":15},"end":{"line":42,"column":16}},"loc":{"start":{"line":42,"column":25},"end":{"line":44,"column":1}},"line":42},"11":{"name":"(anonymous_11)","decl":{"start":{"line":46,"column":19},"end":{"line":46,"column":20}},"loc":{"start":{"line":46,"column":26},"end":{"line":48,"column":1}},"line":46}},"branchMap":{},"s":{"0":1,"1":1,"2":1,"3":1,"4":1,"5":1,"6":1,"7":1,"8":1,"9":1,"10":1,"11":1,"12":1,"13":2,"14":1,"15":2,"16":1,"17":2,"18":1,"19":4,"20":1,"21":6,"22":1,"23":2,"24":1},"f":{"0":1,"1":1,"2":1,"3":1,"4":1,"5":1,"6":2,"7":2,"8":2,"9":4,"10":6,"11":2},"b":{},"_coverageSchema":"332fd63041d2c1bcb487cc26dd0d5f7d97098a6c","hash":"16fb5dff61917f8f5b657d236cc7df26c8fbc277","contentHash":"389fd42a8e4b954f3ddb2198cef1e749_11.9.0"},"/Users/a6002304/Documents/dev/data-structures/bitwise/bitwise-rgb-hex-binary.js":{"path":"/Users/a6002304/Documents/dev/data-structures/bitwise/bitwise-rgb-hex-binary.js","statementMap":{"0":{"start":{"line":2,"column":17},"end":{"line":7,"column":1}},"1":{"start":{"line":3,"column":14},"end":{"line":3,"column":34}},"2":{"start":{"line":4,"column":2},"end":{"line":6,"column":22}},"3":{"start":{"line":5,"column":4},"end":{"line":5,"column":52}},"4":{"start":{"line":10,"column":17},"end":{"line":15,"column":1}},"5":{"start":{"line":11,"column":14},"end":{"line":11,"column":34}},"6":{"start":{"line":12,"column":2},"end":{"line":14,"column":41}},"7":{"start":{"line":13,"column":4},"end":{"line":13,"column":51}},"8":{"start":{"line":18,"column":17},"end":{"line":24,"column":1}},"9":{"start":{"line":19,"column":15},"end":{"line":19,"column":33}},"10":{"start":{"line":20,"column":12},"end":{"line":20,"column":22}},"11":{"start":{"line":21,"column":12},"end":{"line":21,"column":28}},"12":{"start":{"line":22,"column":12},"end":{"line":22,"column":23}},"13":{"start":{"line":23,"column":2},"end":{"line":23,"column":19}},"14":{"start":{"line":27,"column":17},"end":{"line":32,"column":1}},"15":{"start":{"line":28,"column":12},"end":{"line":28,"column":21}},"16":{"start":{"line":29,"column":12},"end":{"line":29,"column":27}},"17":{"start":{"line":30,"column":12},"end":{"line":30,"column":22}},"18":{"start":{"line":31,"column":2},"end":{"line":31,"column":19}},"19":{"start":{"line":34,"column":0},"end":{"line":39,"column":2}}},"fnMap":{"0":{"name":"(anonymous_0)","decl":{"start":{"line":2,"column":17},"end":{"line":2,"column":18}},"loc":{"start":{"line":2,"column":32},"end":{"line":7,"column":1}},"line":2},"1":{"name":"(anonymous_1)","decl":{"start":{"line":4,"column":10},"end":{"line":4,"column":11}},"loc":{"start":{"line":4,"column":17},"end":{"line":6,"column":3}},"line":4},"2":{"name":"(anonymous_2)","decl":{"start":{"line":10,"column":17},"end":{"line":10,"column":18}},"loc":{"start":{"line":10,"column":32},"end":{"line":15,"column":1}},"line":10},"3":{"name":"(anonymous_3)","decl":{"start":{"line":12,"column":10},"end":{"line":12,"column":11}},"loc":{"start":{"line":12,"column":19},"end":{"line":14,"column":3}},"line":12},"4":{"name":"(anonymous_4)","decl":{"start":{"line":18,"column":17},"end":{"line":18,"column":18}},"loc":{"start":{"line":18,"column":28},"end":{"line":24,"column":1}},"line":18},"5":{"name":"(anonymous_5)","decl":{"start":{"line":27,"column":17},"end":{"line":27,"column":18}},"loc":{"start":{"line":27,"column":28},"end":{"line":32,"column":1}},"line":27}},"branchMap":{},"s":{"0":1,"1":3,"2":3,"3":3,"4":1,"5":3,"6":3,"7":3,"8":1,"9":3,"10":3,"11":3,"12":3,"13":3,"14":1,"15":3,"16":3,"17":3,"18":3,"19":1},"f":{"0":3,"1":3,"2":3,"3":3,"4":3,"5":3},"b":{},"_coverageSchema":"332fd63041d2c1bcb487cc26dd0d5f7d97098a6c","hash":"698717f73a176f9a72115ebb0a91d31a27a47c7f","contentHash":"5511b9fe0e9e6faf0cf6f1dcd79bcc6f_11.9.0"},"/Users/a6002304/Documents/dev/data-structures/complex-array/complex-array.js":{"path":"/Users/a6002304/Documents/dev/data-structures/complex-array/complex-array.js","statementMap":{"0":{"start":{"line":3,"column":4},"end":{"line":13,"column":5}},"1":{"start":{"line":5,"column":6},"end":{"line":5,"column":39}},"2":{"start":{"line":6,"column":6},"end":{"line":6,"column":49}},"3":{"start":{"line":7,"column":6},"end":{"line":7,"column":49}},"4":{"start":{"line":9,"column":6},"end":{"line":9,"column":33}},"5":{"start":{"line":11,"column":6},"end":{"line":11,"column":44}},"6":{"start":{"line":12,"column":6},"end":{"line":12,"column":55}},"7":{"start":{"line":15,"column":4},"end":{"line":15,"column":35}},"8":{"start":{"line":19,"column":23},"end":{"line":19,"column":25}},"9":{"start":{"line":21,"column":4},"end":{"line":25,"column":7}},"10":{"start":{"line":22,"column":6},"end":{"line":24,"column":8}},"11":{"start":{"line":27,"column":4},"end":{"line":27,"column":40}},"12":{"start":{"line":31,"column":14},"end":{"line":31,"column":25}},"13":{"start":{"line":33,"column":18},"end":{"line":35,"column":7}},"14":{"start":{"line":37,"column":4},"end":{"line":41,"column":5}},"15":{"start":{"line":38,"column":6},"end":{"line":38,"column":32}},"16":{"start":{"line":39,"column":6},"end":{"line":39,"column":32}},"17":{"start":{"line":40,"column":6},"end":{"line":40,"column":28}},"18":{"start":{"line":46,"column":4},"end":{"line":50,"column":7}},"19":{"start":{"line":47,"column":6},"end":{"line":47,"column":26}},"20":{"start":{"line":48,"column":6},"end":{"line":48,"column":32}},"21":{"start":{"line":49,"column":6},"end":{"line":49,"column":32}},"22":{"start":{"line":52,"column":4},"end":{"line":52,"column":16}},"23":{"start":{"line":56,"column":4},"end":{"line":58,"column":7}},"24":{"start":{"line":57,"column":6},"end":{"line":57,"column":23}},"25":{"start":{"line":62,"column":17},"end":{"line":62,"column":48}},"26":{"start":{"line":64,"column":4},"end":{"line":66,"column":6}},"27":{"start":{"line":65,"column":6},"end":{"line":65,"column":73}},"28":{"start":{"line":68,"column":4},"end":{"line":68,"column":16}},"29":{"start":{"line":72,"column":0},"end":{"line":72,"column":30}}},"fnMap":{"0":{"name":"(anonymous_0)","decl":{"start":{"line":2,"column":2},"end":{"line":2,"column":3}},"loc":{"start":{"line":2,"column":47},"end":{"line":16,"column":3}},"line":2},"1":{"name":"(anonymous_1)","decl":{"start":{"line":18,"column":2},"end":{"line":18,"column":3}},"loc":{"start":{"line":18,"column":13},"end":{"line":28,"column":3}},"line":18},"2":{"name":"(anonymous_2)","decl":{"start":{"line":21,"column":17},"end":{"line":21,"column":18}},"loc":{"start":{"line":21,"column":31},"end":{"line":25,"column":5}},"line":21},"3":{"name":"(anonymous_3)","decl":{"start":{"line":30,"column":2},"end":{"line":30,"column":3}},"loc":{"start":{"line":30,"column":20},"end":{"line":42,"column":3}},"line":30},"4":{"name":"(anonymous_4)","decl":{"start":{"line":45,"column":2},"end":{"line":45,"column":3}},"loc":{"start":{"line":45,"column":14},"end":{"line":53,"column":3}},"line":45},"5":{"name":"(anonymous_5)","decl":{"start":{"line":46,"column":17},"end":{"line":46,"column":18}},"loc":{"start":{"line":46,"column":34},"end":{"line":50,"column":5}},"line":46},"6":{"name":"(anonymous_6)","decl":{"start":{"line":55,"column":2},"end":{"line":55,"column":3}},"loc":{"start":{"line":55,"column":14},"end":{"line":59,"column":3}},"line":55},"7":{"name":"(anonymous_7)","decl":{"start":{"line":56,"column":38},"end":{"line":56,"column":39}},"loc":{"start":{"line":56,"column":49},"end":{"line":58,"column":5}},"line":56},"8":{"name":"(anonymous_8)","decl":{"start":{"line":61,"column":2},"end":{"line":61,"column":3}},"loc":{"start":{"line":61,"column":14},"end":{"line":69,"column":3}},"line":61},"9":{"name":"(anonymous_9)","decl":{"start":{"line":64,"column":17},"end":{"line":64,"column":18}},"loc":{"start":{"line":64,"column":31},"end":{"line":66,"column":5}},"line":64}},"branchMap":{"0":{"loc":{"start":{"line":2,"column":21},"end":{"line":2,"column":45}},"type":"default-arg","locations":[{"start":{"line":2,"column":33},"end":{"line":2,"column":45}}],"line":2},"1":{"loc":{"start":{"line":3,"column":4},"end":{"line":13,"column":5}},"type":"if","locations":[{"start":{"line":3,"column":4},"end":{"line":13,"column":5}},{"start":{"line":3,"column":4},"end":{"line":13,"column":5}}],"line":3}},"s":{"0":178,"1":11,"2":11,"3":11,"4":167,"5":167,"6":167,"7":178,"8":42,"9":42,"10":3010,"11":42,"12":75,"13":75,"14":75,"15":5966,"16":5966,"17":5966,"18":9,"19":1445,"20":1445,"21":1445,"22":9,"23":1,"24":2,"25":2,"26":2,"27":4,"28":2,"29":1},"f":{"0":178,"1":42,"2":3010,"3":75,"4":9,"5":1445,"6":1,"7":2,"8":2,"9":4},"b":{"0":[50],"1":[11,167]},"_coverageSchema":"332fd63041d2c1bcb487cc26dd0d5f7d97098a6c","hash":"e214c2e74bd9f97743d074be1ac309eb70fda151","contentHash":"e627a7f233c533c0c041c37afb0f2b48_11.9.0"},"/Users/a6002304/Documents/dev/data-structures/fast-fourier-transforms/fft.js":{"path":"/Users/a6002304/Documents/dev/data-structures/fast-fourier-transforms/fft.js","statementMap":{"0":{"start":{"line":1,"column":25},"end":{"line":1,"column":66}},"1":{"start":{"line":4,"column":11},"end":{"line":4,"column":18}},"2":{"start":{"line":5,"column":16},"end":{"line":5,"column":28}},"3":{"start":{"line":8,"column":2},"end":{"line":8,"column":41}},"4":{"start":{"line":12,"column":2},"end":{"line":12,"column":44}},"5":{"start":{"line":16,"column":2},"end":{"line":16,"column":58}},"6":{"start":{"line":21,"column":4},"end":{"line":21,"column":28}},"7":{"start":{"line":25,"column":4},"end":{"line":25,"column":27}},"8":{"start":{"line":32,"column":4},"end":{"line":32,"column":45}},"9":{"start":{"line":37,"column":2},"end":{"line":37,"column":75}},"10":{"start":{"line":41,"column":12},"end":{"line":41,"column":24}},"11":{"start":{"line":43,"column":2},"end":{"line":47,"column":3}},"12":{"start":{"line":44,"column":4},"end":{"line":44,"column":41}},"13":{"start":{"line":46,"column":4},"end":{"line":46,"column":43}},"14":{"start":{"line":51,"column":12},"end":{"line":51,"column":24}},"15":{"start":{"line":53,"column":2},"end":{"line":55,"column":3}},"16":{"start":{"line":54,"column":4},"end":{"line":54,"column":17}},"17":{"start":{"line":57,"column":17},"end":{"line":57,"column":53}},"18":{"start":{"line":61,"column":12},"end":{"line":61,"column":30}},"19":{"start":{"line":62,"column":12},"end":{"line":62,"column":17}},"20":{"start":{"line":63,"column":24},"end":{"line":63,"column":40}},"21":{"start":{"line":64,"column":25},"end":{"line":64,"column":61}},"22":{"start":{"line":68,"column":2},"end":{"line":95,"column":3}},"23":{"start":{"line":69,"column":4},"end":{"line":72,"column":5}},"24":{"start":{"line":70,"column":6},"end":{"line":70,"column":55}},"25":{"start":{"line":71,"column":6},"end":{"line":71,"column":55}},"26":{"start":{"line":74,"column":4},"end":{"line":76,"column":5}},"27":{"start":{"line":75,"column":6},"end":{"line":75,"column":56}},"28":{"start":{"line":78,"column":20},"end":{"line":78,"column":38}},"29":{"start":{"line":79,"column":20},"end":{"line":79,"column":59}},"30":{"start":{"line":80,"column":14},"end":{"line":80,"column":15}},"31":{"start":{"line":81,"column":14},"end":{"line":81,"column":15}},"32":{"start":{"line":83,"column":4},"end":{"line":94,"column":5}},"33":{"start":{"line":84,"column":20},"end":{"line":84,"column":48}},"34":{"start":{"line":85,"column":20},"end":{"line":85,"column":48}},"35":{"start":{"line":87,"column":6},"end":{"line":87,"column":50}},"36":{"start":{"line":88,"column":6},"end":{"line":88,"column":50}},"37":{"start":{"line":90,"column":6},"end":{"line":93,"column":8}},"38":{"start":{"line":99,"column":2},"end":{"line":102,"column":3}},"39":{"start":{"line":100,"column":4},"end":{"line":100,"column":51}},"40":{"start":{"line":101,"column":4},"end":{"line":101,"column":51}},"41":{"start":{"line":104,"column":2},"end":{"line":104,"column":15}},"42":{"start":{"line":108,"column":12},"end":{"line":108,"column":24}},"43":{"start":{"line":110,"column":17},"end":{"line":110,"column":46}},"44":{"start":{"line":111,"column":19},"end":{"line":111,"column":30}},"45":{"start":{"line":112,"column":19},"end":{"line":112,"column":30}},"46":{"start":{"line":115,"column":14},"end":{"line":115,"column":15}},"47":{"start":{"line":116,"column":2},"end":{"line":143,"column":3}},"48":{"start":{"line":117,"column":20},"end":{"line":117,"column":38}},"49":{"start":{"line":118,"column":20},"end":{"line":118,"column":59}},"50":{"start":{"line":119,"column":4},"end":{"line":141,"column":5}},"51":{"start":{"line":120,"column":16},"end":{"line":120,"column":17}},"52":{"start":{"line":121,"column":16},"end":{"line":121,"column":17}},"53":{"start":{"line":122,"column":6},"end":{"line":140,"column":7}},"54":{"start":{"line":123,"column":24},"end":{"line":123,"column":37}},"55":{"start":{"line":124,"column":24},"end":{"line":124,"column":39}},"56":{"start":{"line":126,"column":23},"end":{"line":126,"column":40}},"57":{"start":{"line":127,"column":23},"end":{"line":127,"column":40}},"58":{"start":{"line":128,"column":24},"end":{"line":128,"column":73}},"59":{"start":{"line":129,"column":24},"end":{"line":129,"column":73}},"60":{"start":{"line":131,"column":8},"end":{"line":131,"column":57}},"61":{"start":{"line":132,"column":8},"end":{"line":132,"column":57}},"62":{"start":{"line":133,"column":8},"end":{"line":133,"column":57}},"63":{"start":{"line":134,"column":8},"end":{"line":134,"column":57}},"64":{"start":{"line":136,"column":8},"end":{"line":139,"column":10}},"65":{"start":{"line":142,"column":4},"end":{"line":142,"column":16}},"66":{"start":{"line":145,"column":2},"end":{"line":145,"column":16}},"67":{"start":{"line":149,"column":26},"end":{"line":149,"column":27}},"68":{"start":{"line":151,"column":2},"end":{"line":156,"column":3}},"69":{"start":{"line":152,"column":4},"end":{"line":152,"column":28}},"70":{"start":{"line":153,"column":4},"end":{"line":153,"column":35}},"71":{"start":{"line":154,"column":4},"end":{"line":154,"column":16}},"72":{"start":{"line":155,"column":4},"end":{"line":155,"column":12}},"73":{"start":{"line":157,"column":2},"end":{"line":157,"column":27}},"74":{"start":{"line":161,"column":12},"end":{"line":161,"column":24}},"75":{"start":{"line":162,"column":16},"end":{"line":162,"column":25}},"76":{"start":{"line":164,"column":2},"end":{"line":173,"column":3}},"77":{"start":{"line":165,"column":16},"end":{"line":165,"column":37}},"78":{"start":{"line":167,"column":4},"end":{"line":167,"column":31}},"79":{"start":{"line":167,"column":22},"end":{"line":167,"column":31}},"80":{"start":{"line":169,"column":4},"end":{"line":169,"column":72}},"81":{"start":{"line":170,"column":4},"end":{"line":170,"column":72}},"82":{"start":{"line":172,"column":4},"end":{"line":172,"column":19}},"83":{"start":{"line":175,"column":2},"end":{"line":175,"column":15}},"84":{"start":{"line":179,"column":17},"end":{"line":179,"column":29}},"85":{"start":{"line":180,"column":15},"end":{"line":180,"column":16}},"86":{"start":{"line":182,"column":2},"end":{"line":185,"column":3}},"87":{"start":{"line":183,"column":4},"end":{"line":183,"column":40}},"88":{"start":{"line":183,"column":26},"end":{"line":183,"column":40}},"89":{"start":{"line":184,"column":4},"end":{"line":184,"column":16}},"90":{"start":{"line":186,"column":2},"end":{"line":186,"column":11}},"91":{"start":{"line":189,"column":0},"end":{"line":194,"column":1}}},"fnMap":{"0":{"name":"FFT","decl":{"start":{"line":7,"column":9},"end":{"line":7,"column":12}},"loc":{"start":{"line":7,"column":20},"end":{"line":9,"column":1}},"line":7},"1":{"name":"InvFFT","decl":{"start":{"line":11,"column":9},"end":{"line":11,"column":15}},"loc":{"start":{"line":11,"column":23},"end":{"line":13,"column":1}},"line":11},"2":{"name":"frequencyMap","decl":{"start":{"line":15,"column":9},"end":{"line":15,"column":21}},"loc":{"start":{"line":15,"column":39},"end":{"line":17,"column":1}},"line":15},"3":{"name":"(anonymous_3)","decl":{"start":{"line":20,"column":2},"end":{"line":20,"column":3}},"loc":{"start":{"line":20,"column":8},"end":{"line":22,"column":3}},"line":20},"4":{"name":"(anonymous_4)","decl":{"start":{"line":24,"column":2},"end":{"line":24,"column":3}},"loc":{"start":{"line":24,"column":11},"end":{"line":26,"column":3}},"line":24},"5":{"name":"(anonymous_5)","decl":{"start":{"line":31,"column":2},"end":{"line":31,"column":3}},"loc":{"start":{"line":31,"column":25},"end":{"line":33,"column":3}},"line":31},"6":{"name":"ensureComplexArray","decl":{"start":{"line":36,"column":9},"end":{"line":36,"column":27}},"loc":{"start":{"line":36,"column":35},"end":{"line":38,"column":1}},"line":36},"7":{"name":"fft","decl":{"start":{"line":40,"column":9},"end":{"line":40,"column":12}},"loc":{"start":{"line":40,"column":29},"end":{"line":48,"column":1}},"line":40},"8":{"name":"FFT_Recursive","decl":{"start":{"line":50,"column":9},"end":{"line":50,"column":22}},"loc":{"start":{"line":50,"column":39},"end":{"line":105,"column":1}},"line":50},"9":{"name":"FFT_2_Iterative","decl":{"start":{"line":107,"column":9},"end":{"line":107,"column":24}},"loc":{"start":{"line":107,"column":41},"end":{"line":146,"column":1}},"line":107},"10":{"name":"BitReverseIndex","decl":{"start":{"line":148,"column":9},"end":{"line":148,"column":24}},"loc":{"start":{"line":148,"column":35},"end":{"line":158,"column":1}},"line":148},"11":{"name":"BitReverseComplexArray","decl":{"start":{"line":160,"column":9},"end":{"line":160,"column":31}},"loc":{"start":{"line":160,"column":39},"end":{"line":176,"column":1}},"line":160},"12":{"name":"LowestOddFactor","decl":{"start":{"line":178,"column":9},"end":{"line":178,"column":24}},"loc":{"start":{"line":178,"column":28},"end":{"line":187,"column":1}},"line":178}},"branchMap":{"0":{"loc":{"start":{"line":37,"column":9},"end":{"line":37,"column":74}},"type":"binary-expr","locations":[{"start":{"line":37,"column":9},"end":{"line":37,"column":38}},{"start":{"line":37,"column":42},"end":{"line":37,"column":47}},{"start":{"line":37,"column":51},"end":{"line":37,"column":74}}],"line":37},"1":{"loc":{"start":{"line":43,"column":2},"end":{"line":47,"column":3}},"type":"if","locations":[{"start":{"line":43,"column":2},"end":{"line":47,"column":3}},{"start":{"line":43,"column":2},"end":{"line":47,"column":3}}],"line":43},"2":{"loc":{"start":{"line":53,"column":2},"end":{"line":55,"column":3}},"type":"if","locations":[{"start":{"line":53,"column":2},"end":{"line":55,"column":3}},{"start":{"line":53,"column":2},"end":{"line":55,"column":3}}],"line":53},"3":{"loc":{"start":{"line":74,"column":4},"end":{"line":76,"column":5}},"type":"if","locations":[{"start":{"line":74,"column":4},"end":{"line":76,"column":5}},{"start":{"line":74,"column":4},"end":{"line":76,"column":5}}],"line":74},"4":{"loc":{"start":{"line":79,"column":21},"end":{"line":79,"column":37}},"type":"cond-expr","locations":[{"start":{"line":79,"column":31},"end":{"line":79,"column":33}},{"start":{"line":79,"column":36},"end":{"line":79,"column":37}}],"line":79},"5":{"loc":{"start":{"line":118,"column":21},"end":{"line":118,"column":37}},"type":"cond-expr","locations":[{"start":{"line":118,"column":31},"end":{"line":118,"column":33}},{"start":{"line":118,"column":36},"end":{"line":118,"column":37}}],"line":118},"6":{"loc":{"start":{"line":167,"column":4},"end":{"line":167,"column":31}},"type":"if","locations":[{"start":{"line":167,"column":4},"end":{"line":167,"column":31}},{"start":{"line":167,"column":4},"end":{"line":167,"column":31}}],"line":167},"7":{"loc":{"start":{"line":183,"column":4},"end":{"line":183,"column":40}},"type":"if","locations":[{"start":{"line":183,"column":4},"end":{"line":183,"column":40}},{"start":{"line":183,"column":4},"end":{"line":183,"column":40}}],"line":183}},"s":{"0":1,"1":1,"2":1,"3":10,"4":7,"5":0,"6":14,"7":11,"8":4,"9":17,"10":82,"11":82,"12":63,"13":19,"14":63,"15":63,"16":0,"17":63,"18":63,"19":63,"20":63,"21":63,"22":63,"23":994,"24":3637,"25":3637,"26":994,"27":57,"28":994,"29":994,"30":994,"31":994,"32":994,"33":28213,"34":28213,"35":28213,"36":28213,"37":28213,"38":63,"39":3637,"40":3637,"41":63,"42":19,"43":19,"44":19,"45":19,"46":19,"47":19,"48":45,"49":45,"50":45,"51":565,"52":565,"53":565,"54":2376,"55":2376,"56":2376,"57":2376,"58":2376,"59":2376,"60":2376,"61":2376,"62":2376,"63":2376,"64":2376,"65":45,"66":19,"67":584,"68":584,"69":4752,"70":4752,"71":4752,"72":4752,"73":584,"74":19,"75":19,"76":19,"77":584,"78":584,"79":258,"80":326,"81":326,"82":326,"83":19,"84":63,"85":63,"86":63,"87":68,"88":13,"89":55,"90":50,"91":1},"f":{"0":10,"1":7,"2":0,"3":14,"4":11,"5":4,"6":17,"7":82,"8":63,"9":19,"10":584,"11":19,"12":63},"b":{"0":[17,7,10],"1":[63,19],"2":[0,63],"3":[57,937],"4":[12,982],"5":[18,27],"6":[258,326],"7":[13,55]},"_coverageSchema":"332fd63041d2c1bcb487cc26dd0d5f7d97098a6c","hash":"d57b90c81bb3698f97138e313faeaa9aecca41d9","contentHash":"b768311be55b0bb6d0de22db969931ee_11.9.0"},"/Users/a6002304/Documents/dev/data-structures/graph/graphNode.js":{"path":"/Users/a6002304/Documents/dev/data-structures/graph/graphNode.js","statementMap":{"0":{"start":{"line":3,"column":4},"end":{"line":3,"column":21}},"1":{"start":{"line":4,"column":4},"end":{"line":4,"column":23}},"2":{"start":{"line":5,"column":4},"end":{"line":5,"column":24}},"3":{"start":{"line":9,"column":4},"end":{"line":14,"column":5}},"4":{"start":{"line":10,"column":6},"end":{"line":10,"column":50}},"5":{"start":{"line":11,"column":11},"end":{"line":14,"column":5}},"6":{"start":{"line":12,"column":6},"end":{"line":12,"column":27}},"7":{"start":{"line":13,"column":6},"end":{"line":13,"column":28}},"8":{"start":{"line":15,"column":4},"end":{"line":15,"column":26}},"9":{"start":{"line":19,"column":4},"end":{"line":19,"column":26}},"10":{"start":{"line":23,"column":4},"end":{"line":23,"column":22}},"11":{"start":{"line":27,"column":4},"end":{"line":27,"column":21}},"12":{"start":{"line":31,"column":0},"end":{"line":31,"column":22}}},"fnMap":{"0":{"name":"(anonymous_0)","decl":{"start":{"line":2,"column":2},"end":{"line":2,"column":3}},"loc":{"start":{"line":2,"column":27},"end":{"line":6,"column":3}},"line":2},"1":{"name":"(anonymous_1)","decl":{"start":{"line":8,"column":2},"end":{"line":8,"column":3}},"loc":{"start":{"line":8,"column":20},"end":{"line":16,"column":3}},"line":8},"2":{"name":"(anonymous_2)","decl":{"start":{"line":18,"column":2},"end":{"line":18,"column":3}},"loc":{"start":{"line":18,"column":17},"end":{"line":20,"column":3}},"line":18},"3":{"name":"(anonymous_3)","decl":{"start":{"line":22,"column":2},"end":{"line":22,"column":3}},"loc":{"start":{"line":22,"column":13},"end":{"line":24,"column":3}},"line":22},"4":{"name":"(anonymous_4)","decl":{"start":{"line":26,"column":2},"end":{"line":26,"column":3}},"loc":{"start":{"line":26,"column":13},"end":{"line":28,"column":3}},"line":26}},"branchMap":{"0":{"loc":{"start":{"line":9,"column":4},"end":{"line":14,"column":5}},"type":"if","locations":[{"start":{"line":9,"column":4},"end":{"line":14,"column":5}},{"start":{"line":9,"column":4},"end":{"line":14,"column":5}}],"line":9},"1":{"loc":{"start":{"line":9,"column":8},"end":{"line":9,"column":56}},"type":"binary-expr","locations":[{"start":{"line":9,"column":8},"end":{"line":9,"column":35}},{"start":{"line":9,"column":39},"end":{"line":9,"column":56}}],"line":9},"2":{"loc":{"start":{"line":11,"column":11},"end":{"line":14,"column":5}},"type":"if","locations":[{"start":{"line":11,"column":11},"end":{"line":14,"column":5}},{"start":{"line":11,"column":11},"end":{"line":14,"column":5}}],"line":11},"3":{"loc":{"start":{"line":11,"column":15},"end":{"line":11,"column":63}},"type":"binary-expr","locations":[{"start":{"line":11,"column":15},"end":{"line":11,"column":42}},{"start":{"line":11,"column":46},"end":{"line":11,"column":63}}],"line":11}},"s":{"0":114,"1":114,"2":114,"3":35,"4":1,"5":34,"6":31,"7":31,"8":4,"9":30,"10":28,"11":0,"12":1},"f":{"0":114,"1":35,"2":30,"3":28,"4":0},"b":{"0":[1,34],"1":[35,1],"2":[31,3],"3":[34,34]},"_coverageSchema":"332fd63041d2c1bcb487cc26dd0d5f7d97098a6c","hash":"b852117fd5f3e155687f47b0c99684ec7428746c","contentHash":"1c8c3214a9dd9c5bd3f71a6895a6cba2_11.9.0"},"/Users/a6002304/Documents/dev/data-structures/graph-traversing/breadth-first-search.js":{"path":"/Users/a6002304/Documents/dev/data-structures/graph-traversing/breadth-first-search.js","statementMap":{"0":{"start":{"line":12,"column":12},"end":{"line":43,"column":1}},"1":{"start":{"line":14,"column":15},"end":{"line":14,"column":17}},"2":{"start":{"line":15,"column":2},"end":{"line":15,"column":19}},"3":{"start":{"line":18,"column":22},"end":{"line":18,"column":29}},"4":{"start":{"line":19,"column":21},"end":{"line":19,"column":23}},"5":{"start":{"line":22,"column":2},"end":{"line":39,"column":3}},"6":{"start":{"line":25,"column":20},"end":{"line":25,"column":32}},"7":{"start":{"line":28,"column":4},"end":{"line":28,"column":34}},"8":{"start":{"line":31,"column":4},"end":{"line":38,"column":7}},"9":{"start":{"line":34,"column":6},"end":{"line":37,"column":7}},"10":{"start":{"line":35,"column":8},"end":{"line":35,"column":31}},"11":{"start":{"line":36,"column":8},"end":{"line":36,"column":24}},"12":{"start":{"line":42,"column":2},"end":{"line":42,"column":20}},"13":{"start":{"line":45,"column":0},"end":{"line":45,"column":21}}},"fnMap":{"0":{"name":"(anonymous_0)","decl":{"start":{"line":12,"column":12},"end":{"line":12,"column":13}},"loc":{"start":{"line":12,"column":23},"end":{"line":43,"column":1}},"line":12},"1":{"name":"(anonymous_1)","decl":{"start":{"line":31,"column":30},"end":{"line":31,"column":31}},"loc":{"start":{"line":31,"column":40},"end":{"line":38,"column":5}},"line":31}},"branchMap":{"0":{"loc":{"start":{"line":34,"column":6},"end":{"line":37,"column":7}},"type":"if","locations":[{"start":{"line":34,"column":6},"end":{"line":37,"column":7}},{"start":{"line":34,"column":6},"end":{"line":37,"column":7}}],"line":34}},"s":{"0":1,"1":6,"2":6,"3":6,"4":6,"5":6,"6":14,"7":14,"8":14,"9":8,"10":8,"11":8,"12":6,"13":1},"f":{"0":6,"1":8},"b":{"0":[8,0]},"_coverageSchema":"332fd63041d2c1bcb487cc26dd0d5f7d97098a6c","hash":"de32f81a5c1c0976723208b1e1d4eabedcf8cb52","contentHash":"82b4e159f0460f2cb683ab4a47a65e72_11.9.0"},"/Users/a6002304/Documents/dev/data-structures/graph-traversing/depth-first-search-imperative.js":{"path":"/Users/a6002304/Documents/dev/data-structures/graph-traversing/depth-first-search-imperative.js","statementMap":{"0":{"start":{"line":1,"column":12},"end":{"line":22,"column":1}},"1":{"start":{"line":2,"column":16},"end":{"line":2,"column":23}},"2":{"start":{"line":3,"column":18},"end":{"line":3,"column":20}},"3":{"start":{"line":4,"column":17},"end":{"line":4,"column":22}},"4":{"start":{"line":6,"column":2},"end":{"line":17,"column":3}},"5":{"start":{"line":7,"column":4},"end":{"line":7,"column":27}},"6":{"start":{"line":8,"column":4},"end":{"line":10,"column":5}},"7":{"start":{"line":9,"column":6},"end":{"line":9,"column":22}},"8":{"start":{"line":11,"column":4},"end":{"line":16,"column":5}},"9":{"start":{"line":12,"column":6},"end":{"line":12,"column":29}},"10":{"start":{"line":13,"column":6},"end":{"line":15,"column":9}},"11":{"start":{"line":14,"column":8},"end":{"line":14,"column":22}},"12":{"start":{"line":19,"column":2},"end":{"line":21,"column":3}},"13":{"start":{"line":20,"column":4},"end":{"line":20,"column":17}},"14":{"start":{"line":24,"column":0},"end":{"line":24,"column":21}}},"fnMap":{"0":{"name":"(anonymous_0)","decl":{"start":{"line":1,"column":12},"end":{"line":1,"column":13}},"loc":{"start":{"line":1,"column":34},"end":{"line":22,"column":1}},"line":1},"1":{"name":"(anonymous_1)","decl":{"start":{"line":13,"column":33},"end":{"line":13,"column":34}},"loc":{"start":{"line":13,"column":40},"end":{"line":15,"column":7}},"line":13}},"branchMap":{"0":{"loc":{"start":{"line":8,"column":4},"end":{"line":10,"column":5}},"type":"if","locations":[{"start":{"line":8,"column":4},"end":{"line":10,"column":5}},{"start":{"line":8,"column":4},"end":{"line":10,"column":5}}],"line":8},"1":{"loc":{"start":{"line":11,"column":4},"end":{"line":16,"column":5}},"type":"if","locations":[{"start":{"line":11,"column":4},"end":{"line":16,"column":5}},{"start":{"line":11,"column":4},"end":{"line":16,"column":5}}],"line":11},"2":{"loc":{"start":{"line":19,"column":2},"end":{"line":21,"column":3}},"type":"if","locations":[{"start":{"line":19,"column":2},"end":{"line":21,"column":3}},{"start":{"line":19,"column":2},"end":{"line":21,"column":3}}],"line":19}},"s":{"0":1,"1":9,"2":9,"3":9,"4":9,"5":28,"6":28,"7":7,"8":21,"9":21,"10":21,"11":23,"12":2,"13":2,"14":1},"f":{"0":9,"1":23},"b":{"0":[7,21],"1":[21,0],"2":[2,0]},"_coverageSchema":"332fd63041d2c1bcb487cc26dd0d5f7d97098a6c","hash":"d3ea94d1af4149c5299d8821e883fd369c5776e9","contentHash":"fa0498bf014b2ba04bebbefd0ec94ffa_11.9.0"},"/Users/a6002304/Documents/dev/data-structures/graph-traversing/depth-first-search-recursive.js":{"path":"/Users/a6002304/Documents/dev/data-structures/graph-traversing/depth-first-search-recursive.js","statementMap":{"0":{"start":{"line":8,"column":12},"end":{"line":35,"column":1}},"1":{"start":{"line":9,"column":2},"end":{"line":11,"column":3}},"2":{"start":{"line":10,"column":4},"end":{"line":10,"column":37}},"3":{"start":{"line":14,"column":2},"end":{"line":16,"column":3}},"4":{"start":{"line":15,"column":4},"end":{"line":15,"column":17}},"5":{"start":{"line":19,"column":20},"end":{"line":19,"column":40}},"6":{"start":{"line":22,"column":2},"end":{"line":32,"column":3}},"7":{"start":{"line":23,"column":4},"end":{"line":23,"column":25}},"8":{"start":{"line":26,"column":4},"end":{"line":26,"column":34}},"9":{"start":{"line":29,"column":4},"end":{"line":31,"column":5}},"10":{"start":{"line":30,"column":6},"end":{"line":30,"column":19}},"11":{"start":{"line":34,"column":2},"end":{"line":34,"column":15}},"12":{"start":{"line":37,"column":0},"end":{"line":37,"column":21}}},"fnMap":{"0":{"name":"(anonymous_0)","decl":{"start":{"line":8,"column":12},"end":{"line":8,"column":13}},"loc":{"start":{"line":8,"column":34},"end":{"line":35,"column":1}},"line":8}},"branchMap":{"0":{"loc":{"start":{"line":9,"column":2},"end":{"line":11,"column":3}},"type":"if","locations":[{"start":{"line":9,"column":2},"end":{"line":11,"column":3}},{"start":{"line":9,"column":2},"end":{"line":11,"column":3}}],"line":9},"1":{"loc":{"start":{"line":9,"column":6},"end":{"line":9,"column":26}},"type":"binary-expr","locations":[{"start":{"line":9,"column":6},"end":{"line":9,"column":16}},{"start":{"line":9,"column":20},"end":{"line":9,"column":26}}],"line":9},"2":{"loc":{"start":{"line":14,"column":2},"end":{"line":16,"column":3}},"type":"if","locations":[{"start":{"line":14,"column":2},"end":{"line":16,"column":3}},{"start":{"line":14,"column":2},"end":{"line":16,"column":3}}],"line":14},"3":{"loc":{"start":{"line":29,"column":4},"end":{"line":31,"column":5}},"type":"if","locations":[{"start":{"line":29,"column":4},"end":{"line":31,"column":5}},{"start":{"line":29,"column":4},"end":{"line":31,"column":5}}],"line":29}},"s":{"0":1,"1":28,"2":0,"3":28,"4":7,"5":21,"6":21,"7":19,"8":19,"9":19,"10":11,"11":10,"12":1},"f":{"0":28},"b":{"0":[0,28],"1":[28,28],"2":[7,21],"3":[11,8]},"_coverageSchema":"332fd63041d2c1bcb487cc26dd0d5f7d97098a6c","hash":"841393790a6713378aaaaf0b7cd6c07ddc533c28","contentHash":"4a93c189967ab2e15f2bde135908329a_11.9.0"},"/Users/a6002304/Documents/dev/data-structures/hash-table/hash-table.js":{"path":"/Users/a6002304/Documents/dev/data-structures/hash-table/hash-table.js","statementMap":{"0":{"start":{"line":3,"column":4},"end":{"line":3,"column":23}},"1":{"start":{"line":4,"column":4},"end":{"line":4,"column":27}},"2":{"start":{"line":8,"column":17},"end":{"line":8,"column":49}},"3":{"start":{"line":11,"column":4},"end":{"line":15,"column":5}},"4":{"start":{"line":12,"column":6},"end":{"line":12,"column":48}},"5":{"start":{"line":14,"column":6},"end":{"line":14,"column":31}},"6":{"start":{"line":17,"column":4},"end":{"line":22,"column":5}},"7":{"start":{"line":18,"column":21},"end":{"line":18,"column":43}},"8":{"start":{"line":19,"column":6},"end":{"line":21,"column":7}},"9":{"start":{"line":20,"column":8},"end":{"line":20,"column":57}},"10":{"start":{"line":23,"column":4},"end":{"line":23,"column":43}},"11":{"start":{"line":24,"column":4},"end":{"line":24,"column":22}},"12":{"start":{"line":28,"column":17},"end":{"line":28,"column":49}},"13":{"start":{"line":29,"column":4},"end":{"line":31,"column":5}},"14":{"start":{"line":30,"column":6},"end":{"line":30,"column":34}},"15":{"start":{"line":32,"column":4},"end":{"line":37,"column":5}},"16":{"start":{"line":33,"column":21},"end":{"line":33,"column":43}},"17":{"start":{"line":34,"column":6},"end":{"line":36,"column":7}},"18":{"start":{"line":35,"column":8},"end":{"line":35,"column":22}},"19":{"start":{"line":41,"column":17},"end":{"line":41,"column":49}},"20":{"start":{"line":42,"column":4},"end":{"line":44,"column":5}},"21":{"start":{"line":43,"column":6},"end":{"line":43,"column":34}},"22":{"start":{"line":45,"column":4},"end":{"line":50,"column":5}},"23":{"start":{"line":46,"column":6},"end":{"line":49,"column":7}},"24":{"start":{"line":47,"column":8},"end":{"line":47,"column":44}},"25":{"start":{"line":48,"column":8},"end":{"line":48,"column":32}},"26":{"start":{"line":55,"column":16},"end":{"line":63,"column":1}},"27":{"start":{"line":56,"column":13},"end":{"line":56,"column":14}},"28":{"start":{"line":57,"column":2},"end":{"line":61,"column":3}},"29":{"start":{"line":58,"column":4},"end":{"line":58,"column":52}},"30":{"start":{"line":59,"column":4},"end":{"line":59,"column":17}},"31":{"start":{"line":60,"column":4},"end":{"line":60,"column":26}},"32":{"start":{"line":62,"column":2},"end":{"line":62,"column":20}},"33":{"start":{"line":65,"column":0},"end":{"line":65,"column":27}}},"fnMap":{"0":{"name":"(anonymous_0)","decl":{"start":{"line":2,"column":2},"end":{"line":2,"column":3}},"loc":{"start":{"line":2,"column":16},"end":{"line":5,"column":3}},"line":2},"1":{"name":"(anonymous_1)","decl":{"start":{"line":7,"column":2},"end":{"line":7,"column":3}},"loc":{"start":{"line":7,"column":21},"end":{"line":25,"column":3}},"line":7},"2":{"name":"(anonymous_2)","decl":{"start":{"line":27,"column":2},"end":{"line":27,"column":3}},"loc":{"start":{"line":27,"column":16},"end":{"line":38,"column":3}},"line":27},"3":{"name":"(anonymous_3)","decl":{"start":{"line":40,"column":2},"end":{"line":40,"column":3}},"loc":{"start":{"line":40,"column":14},"end":{"line":51,"column":3}},"line":40},"4":{"name":"(anonymous_4)","decl":{"start":{"line":55,"column":16},"end":{"line":55,"column":17}},"loc":{"start":{"line":55,"column":30},"end":{"line":63,"column":1}},"line":55}},"branchMap":{"0":{"loc":{"start":{"line":11,"column":4},"end":{"line":15,"column":5}},"type":"if","locations":[{"start":{"line":11,"column":4},"end":{"line":15,"column":5}},{"start":{"line":11,"column":4},"end":{"line":15,"column":5}}],"line":11},"1":{"loc":{"start":{"line":19,"column":6},"end":{"line":21,"column":7}},"type":"if","locations":[{"start":{"line":19,"column":6},"end":{"line":21,"column":7}},{"start":{"line":19,"column":6},"end":{"line":21,"column":7}}],"line":19},"2":{"loc":{"start":{"line":29,"column":4},"end":{"line":31,"column":5}},"type":"if","locations":[{"start":{"line":29,"column":4},"end":{"line":31,"column":5}},{"start":{"line":29,"column":4},"end":{"line":31,"column":5}}],"line":29},"3":{"loc":{"start":{"line":34,"column":6},"end":{"line":36,"column":7}},"type":"if","locations":[{"start":{"line":34,"column":6},"end":{"line":36,"column":7}},{"start":{"line":34,"column":6},"end":{"line":36,"column":7}}],"line":34},"4":{"loc":{"start":{"line":42,"column":4},"end":{"line":44,"column":5}},"type":"if","locations":[{"start":{"line":42,"column":4},"end":{"line":44,"column":5}},{"start":{"line":42,"column":4},"end":{"line":44,"column":5}}],"line":42},"5":{"loc":{"start":{"line":46,"column":6},"end":{"line":49,"column":7}},"type":"if","locations":[{"start":{"line":46,"column":6},"end":{"line":49,"column":7}},{"start":{"line":46,"column":6},"end":{"line":49,"column":7}}],"line":46}},"s":{"0":6,"1":6,"2":20,"3":20,"4":8,"5":12,"6":20,"7":9,"8":9,"9":4,"10":16,"11":16,"12":7,"13":7,"14":3,"15":4,"16":5,"17":5,"18":4,"19":7,"20":7,"21":3,"22":4,"23":5,"24":4,"25":4,"26":1,"27":34,"28":34,"29":120,"30":120,"31":120,"32":34,"33":1},"f":{"0":6,"1":20,"2":7,"3":7,"4":34},"b":{"0":[8,12],"1":[4,5],"2":[3,4],"3":[4,1],"4":[3,4],"5":[4,1]},"_coverageSchema":"332fd63041d2c1bcb487cc26dd0d5f7d97098a6c","hash":"7e588ee398509357014c98c1785be26908675f15","contentHash":"653d3ef012273f2d0bcdda233cbeb177_11.9.0"},"/Users/a6002304/Documents/dev/data-structures/linked-list/linkedList.js":{"path":"/Users/a6002304/Documents/dev/data-structures/linked-list/linkedList.js","statementMap":{"0":{"start":{"line":8,"column":4},"end":{"line":8,"column":21}},"1":{"start":{"line":9,"column":4},"end":{"line":9,"column":21}},"2":{"start":{"line":14,"column":4},"end":{"line":14,"column":21}},"3":{"start":{"line":19,"column":4},"end":{"line":19,"column":21}},"4":{"start":{"line":24,"column":4},"end":{"line":27,"column":6}},"5":{"start":{"line":32,"column":17},"end":{"line":32,"column":38}},"6":{"start":{"line":35,"column":4},"end":{"line":39,"column":5}},"7":{"start":{"line":36,"column":6},"end":{"line":36,"column":23}},"8":{"start":{"line":38,"column":6},"end":{"line":38,"column":33}},"9":{"start":{"line":41,"column":4},"end":{"line":41,"column":21}},"10":{"start":{"line":42,"column":4},"end":{"line":42,"column":16}},"11":{"start":{"line":51,"column":19},"end":{"line":51,"column":33}},"12":{"start":{"line":52,"column":18},"end":{"line":52,"column":19}},"13":{"start":{"line":55,"column":4},"end":{"line":57,"column":5}},"14":{"start":{"line":56,"column":6},"end":{"line":56,"column":19}},"15":{"start":{"line":60,"column":4},"end":{"line":70,"column":5}},"16":{"start":{"line":63,"column":6},"end":{"line":65,"column":7}},"17":{"start":{"line":64,"column":8},"end":{"line":64,"column":21}},"18":{"start":{"line":68,"column":6},"end":{"line":68,"column":31}},"19":{"start":{"line":69,"column":6},"end":{"line":69,"column":16}},"20":{"start":{"line":72,"column":4},"end":{"line":72,"column":20}},"21":{"start":{"line":81,"column":21},"end":{"line":81,"column":38}},"22":{"start":{"line":82,"column":21},"end":{"line":82,"column":42}},"23":{"start":{"line":85,"column":4},"end":{"line":87,"column":5}},"24":{"start":{"line":86,"column":6},"end":{"line":86,"column":19}},"25":{"start":{"line":90,"column":4},"end":{"line":101,"column":5}},"26":{"start":{"line":91,"column":6},"end":{"line":91,"column":32}},"27":{"start":{"line":94,"column":11},"end":{"line":101,"column":5}},"28":{"start":{"line":95,"column":6},"end":{"line":95,"column":27}},"29":{"start":{"line":96,"column":6},"end":{"line":96,"column":36}},"30":{"start":{"line":100,"column":6},"end":{"line":100,"column":36}},"31":{"start":{"line":111,"column":21},"end":{"line":111,"column":38}},"32":{"start":{"line":112,"column":21},"end":{"line":112,"column":42}},"33":{"start":{"line":113,"column":17},"end":{"line":113,"column":38}},"34":{"start":{"line":116,"column":4},"end":{"line":118,"column":5}},"35":{"start":{"line":117,"column":6},"end":{"line":117,"column":19}},"36":{"start":{"line":120,"column":4},"end":{"line":130,"column":5}},"37":{"start":{"line":121,"column":6},"end":{"line":121,"column":23}},"38":{"start":{"line":122,"column":6},"end":{"line":122,"column":27}},"39":{"start":{"line":125,"column":6},"end":{"line":127,"column":7}},"40":{"start":{"line":126,"column":8},"end":{"line":126,"column":25}},"41":{"start":{"line":128,"column":6},"end":{"line":128,"column":27}},"42":{"start":{"line":129,"column":6},"end":{"line":129,"column":27}},"43":{"start":{"line":131,"column":4},"end":{"line":131,"column":16}},"44":{"start":{"line":135,"column":0},"end":{"line":135,"column":28}}},"fnMap":{"0":{"name":"(anonymous_0)","decl":{"start":{"line":7,"column":2},"end":{"line":7,"column":3}},"loc":{"start":{"line":7,"column":16},"end":{"line":10,"column":3}},"line":7},"1":{"name":"(anonymous_1)","decl":{"start":{"line":13,"column":2},"end":{"line":13,"column":3}},"loc":{"start":{"line":13,"column":12},"end":{"line":15,"column":3}},"line":13},"2":{"name":"(anonymous_2)","decl":{"start":{"line":18,"column":2},"end":{"line":18,"column":3}},"loc":{"start":{"line":18,"column":12},"end":{"line":20,"column":3}},"line":18},"3":{"name":"(anonymous_3)","decl":{"start":{"line":23,"column":2},"end":{"line":23,"column":3}},"loc":{"start":{"line":23,"column":19},"end":{"line":28,"column":3}},"line":23},"4":{"name":"(anonymous_4)","decl":{"start":{"line":31,"column":2},"end":{"line":31,"column":3}},"loc":{"start":{"line":31,"column":15},"end":{"line":43,"column":3}},"line":31},"5":{"name":"(anonymous_5)","decl":{"start":{"line":50,"column":2},"end":{"line":50,"column":3}},"loc":{"start":{"line":50,"column":15},"end":{"line":73,"column":3}},"line":50},"6":{"name":"(anonymous_6)","decl":{"start":{"line":80,"column":2},"end":{"line":80,"column":3}},"loc":{"start":{"line":80,"column":18},"end":{"line":102,"column":3}},"line":80},"7":{"name":"(anonymous_7)","decl":{"start":{"line":110,"column":2},"end":{"line":110,"column":3}},"loc":{"start":{"line":110,"column":25},"end":{"line":132,"column":3}},"line":110}},"branchMap":{"0":{"loc":{"start":{"line":35,"column":4},"end":{"line":39,"column":5}},"type":"if","locations":[{"start":{"line":35,"column":4},"end":{"line":39,"column":5}},{"start":{"line":35,"column":4},"end":{"line":39,"column":5}}],"line":35},"1":{"loc":{"start":{"line":55,"column":4},"end":{"line":57,"column":5}},"type":"if","locations":[{"start":{"line":55,"column":4},"end":{"line":57,"column":5}},{"start":{"line":55,"column":4},"end":{"line":57,"column":5}}],"line":55},"2":{"loc":{"start":{"line":63,"column":6},"end":{"line":65,"column":7}},"type":"if","locations":[{"start":{"line":63,"column":6},"end":{"line":65,"column":7}},{"start":{"line":63,"column":6},"end":{"line":65,"column":7}}],"line":63},"3":{"loc":{"start":{"line":85,"column":4},"end":{"line":87,"column":5}},"type":"if","locations":[{"start":{"line":85,"column":4},"end":{"line":87,"column":5}},{"start":{"line":85,"column":4},"end":{"line":87,"column":5}}],"line":85},"4":{"loc":{"start":{"line":90,"column":4},"end":{"line":101,"column":5}},"type":"if","locations":[{"start":{"line":90,"column":4},"end":{"line":101,"column":5}},{"start":{"line":90,"column":4},"end":{"line":101,"column":5}}],"line":90},"5":{"loc":{"start":{"line":94,"column":11},"end":{"line":101,"column":5}},"type":"if","locations":[{"start":{"line":94,"column":11},"end":{"line":101,"column":5}},{"start":{"line":94,"column":11},"end":{"line":101,"column":5}}],"line":94},"6":{"loc":{"start":{"line":116,"column":4},"end":{"line":118,"column":5}},"type":"if","locations":[{"start":{"line":116,"column":4},"end":{"line":118,"column":5}},{"start":{"line":116,"column":4},"end":{"line":118,"column":5}}],"line":116},"7":{"loc":{"start":{"line":120,"column":4},"end":{"line":130,"column":5}},"type":"if","locations":[{"start":{"line":120,"column":4},"end":{"line":130,"column":5}},{"start":{"line":120,"column":4},"end":{"line":130,"column":5}}],"line":120},"8":{"loc":{"start":{"line":125,"column":6},"end":{"line":127,"column":7}},"type":"if","locations":[{"start":{"line":125,"column":6},"end":{"line":127,"column":7}},{"start":{"line":125,"column":6},"end":{"line":127,"column":7}}],"line":125}},"s":{"0":37,"1":37,"2":126,"3":45,"4":60,"5":54,"6":54,"7":20,"8":34,"9":54,"10":54,"11":60,"12":60,"13":60,"14":4,"15":56,"16":93,"17":13,"18":80,"19":80,"20":43,"21":8,"22":8,"23":8,"24":4,"25":4,"26":1,"27":3,"28":1,"29":1,"30":2,"31":6,"32":6,"33":6,"34":6,"35":2,"36":4,"37":1,"38":1,"39":3,"40":1,"41":3,"42":3,"43":4,"44":1},"f":{"0":37,"1":126,"2":45,"3":60,"4":54,"5":60,"6":8,"7":6},"b":{"0":[20,34],"1":[4,56],"2":[13,80],"3":[4,4],"4":[1,3],"5":[1,2],"6":[2,4],"7":[1,3],"8":[1,2]},"_coverageSchema":"332fd63041d2c1bcb487cc26dd0d5f7d97098a6c","hash":"0c4f3b98b1b1ca71e57729b291a6d5b415964b6a","contentHash":"3b7a73bd8af12be5b71e75f69d7c4ce8_11.9.0"},"/Users/a6002304/Documents/dev/data-structures/list/list.js":{"path":"/Users/a6002304/Documents/dev/data-structures/list/list.js","statementMap":{"0":{"start":{"line":9,"column":4},"end":{"line":9,"column":23}},"1":{"start":{"line":10,"column":4},"end":{"line":10,"column":21}},"2":{"start":{"line":27,"column":4},"end":{"line":29,"column":5}},"3":{"start":{"line":28,"column":6},"end":{"line":28,"column":41}},"4":{"start":{"line":38,"column":18},"end":{"line":38,"column":27}},"5":{"start":{"line":39,"column":17},"end":{"line":39,"column":18}},"6":{"start":{"line":41,"column":4},"end":{"line":44,"column":5}},"7":{"start":{"line":42,"column":6},"end":{"line":42,"column":29}},"8":{"start":{"line":43,"column":6},"end":{"line":43,"column":18}},"9":{"start":{"line":46,"column":4},"end":{"line":46,"column":18}},"10":{"start":{"line":55,"column":4},"end":{"line":55,"column":21}},"11":{"start":{"line":64,"column":4},"end":{"line":64,"column":60}},"12":{"start":{"line":64,"column":36},"end":{"line":64,"column":40}},"13":{"start":{"line":88,"column":4},"end":{"line":92,"column":5}},"14":{"start":{"line":89,"column":6},"end":{"line":89,"column":39}},"15":{"start":{"line":89,"column":28},"end":{"line":89,"column":38}},"16":{"start":{"line":91,"column":6},"end":{"line":91,"column":33}},"17":{"start":{"line":91,"column":28},"end":{"line":91,"column":32}},"18":{"start":{"line":94,"column":4},"end":{"line":96,"column":5}},"19":{"start":{"line":95,"column":6},"end":{"line":95,"column":27}},"20":{"start":{"line":98,"column":4},"end":{"line":104,"column":5}},"21":{"start":{"line":99,"column":6},"end":{"line":99,"column":30}},"22":{"start":{"line":100,"column":6},"end":{"line":100,"column":34}},"23":{"start":{"line":102,"column":6},"end":{"line":102,"column":35}},"24":{"start":{"line":103,"column":6},"end":{"line":103,"column":43}},"25":{"start":{"line":106,"column":4},"end":{"line":109,"column":5}},"26":{"start":{"line":107,"column":6},"end":{"line":107,"column":70}},"27":{"start":{"line":108,"column":6},"end":{"line":108,"column":37}},"28":{"start":{"line":111,"column":4},"end":{"line":111,"column":23}},"29":{"start":{"line":127,"column":16},"end":{"line":127,"column":17}},"30":{"start":{"line":129,"column":4},"end":{"line":133,"column":7}},"31":{"start":{"line":130,"column":6},"end":{"line":130,"column":31}},"32":{"start":{"line":131,"column":6},"end":{"line":131,"column":17}},"33":{"start":{"line":132,"column":6},"end":{"line":132,"column":18}},"34":{"start":{"line":143,"column":23},"end":{"line":143,"column":33}},"35":{"start":{"line":145,"column":4},"end":{"line":148,"column":7}},"36":{"start":{"line":146,"column":31},"end":{"line":146,"column":55}},"37":{"start":{"line":147,"column":6},"end":{"line":147,"column":44}},"38":{"start":{"line":150,"column":4},"end":{"line":150,"column":22}},"39":{"start":{"line":160,"column":23},"end":{"line":160,"column":24}},"40":{"start":{"line":161,"column":22},"end":{"line":161,"column":31}},"41":{"start":{"line":163,"column":4},"end":{"line":165,"column":5}},"42":{"start":{"line":164,"column":6},"end":{"line":164,"column":52}},"43":{"start":{"line":167,"column":4},"end":{"line":173,"column":5}},"44":{"start":{"line":168,"column":6},"end":{"line":170,"column":7}},"45":{"start":{"line":169,"column":8},"end":{"line":169,"column":54}},"46":{"start":{"line":171,"column":6},"end":{"line":171,"column":24}},"47":{"start":{"line":172,"column":6},"end":{"line":172,"column":37}},"48":{"start":{"line":175,"column":4},"end":{"line":175,"column":23}},"49":{"start":{"line":185,"column":20},"end":{"line":185,"column":38}},"50":{"start":{"line":186,"column":17},"end":{"line":186,"column":31}},"51":{"start":{"line":188,"column":4},"end":{"line":192,"column":5}},"52":{"start":{"line":189,"column":6},"end":{"line":189,"column":26}},"53":{"start":{"line":191,"column":6},"end":{"line":191,"column":26}},"54":{"start":{"line":194,"column":4},"end":{"line":194,"column":16}},"55":{"start":{"line":206,"column":4},"end":{"line":217,"column":5}},"56":{"start":{"line":208,"column":6},"end":{"line":208,"column":45}},"57":{"start":{"line":210,"column":27},"end":{"line":210,"column":46}},"58":{"start":{"line":211,"column":6},"end":{"line":213,"column":7}},"59":{"start":{"line":212,"column":8},"end":{"line":212,"column":54}},"60":{"start":{"line":215,"column":23},"end":{"line":215,"column":40}},"61":{"start":{"line":216,"column":6},"end":{"line":216,"column":52}},"62":{"start":{"line":219,"column":4},"end":{"line":219,"column":21}},"63":{"start":{"line":229,"column":4},"end":{"line":232,"column":5}},"64":{"start":{"line":230,"column":6},"end":{"line":230,"column":21}},"65":{"start":{"line":231,"column":6},"end":{"line":231,"column":23}},"66":{"start":{"line":233,"column":4},"end":{"line":236,"column":5}},"67":{"start":{"line":234,"column":6},"end":{"line":234,"column":33}},"68":{"start":{"line":235,"column":6},"end":{"line":235,"column":40}},"69":{"start":{"line":238,"column":4},"end":{"line":238,"column":52}},"70":{"start":{"line":239,"column":4},"end":{"line":239,"column":16}},"71":{"start":{"line":250,"column":4},"end":{"line":252,"column":5}},"72":{"start":{"line":251,"column":6},"end":{"line":251,"column":13}},"73":{"start":{"line":253,"column":24},"end":{"line":253,"column":41}},"74":{"start":{"line":255,"column":4},"end":{"line":260,"column":5}},"75":{"start":{"line":256,"column":6},"end":{"line":256,"column":43}},"76":{"start":{"line":257,"column":6},"end":{"line":257,"column":57}},"77":{"start":{"line":259,"column":6},"end":{"line":259,"column":56}},"78":{"start":{"line":270,"column":26},"end":{"line":277,"column":5}},"79":{"start":{"line":271,"column":6},"end":{"line":275,"column":7}},"80":{"start":{"line":272,"column":8},"end":{"line":272,"column":20}},"81":{"start":{"line":273,"column":13},"end":{"line":275,"column":7}},"82":{"start":{"line":274,"column":8},"end":{"line":274,"column":20}},"83":{"start":{"line":276,"column":6},"end":{"line":276,"column":45}},"84":{"start":{"line":279,"column":4},"end":{"line":279,"column":43}},"85":{"start":{"line":288,"column":24},"end":{"line":288,"column":26}},"86":{"start":{"line":289,"column":4},"end":{"line":289,"column":51}},"87":{"start":{"line":289,"column":26},"end":{"line":289,"column":49}},"88":{"start":{"line":290,"column":4},"end":{"line":290,"column":23}},"89":{"start":{"line":295,"column":0},"end":{"line":295,"column":22}}},"fnMap":{"0":{"name":"(anonymous_0)","decl":{"start":{"line":8,"column":2},"end":{"line":8,"column":3}},"loc":{"start":{"line":8,"column":34},"end":{"line":11,"column":3}},"line":8},"1":{"name":"(anonymous_1)","decl":{"start":{"line":26,"column":2},"end":{"line":26,"column":3}},"loc":{"start":{"line":26,"column":28},"end":{"line":30,"column":3}},"line":26},"2":{"name":"(anonymous_2)","decl":{"start":{"line":37,"column":2},"end":{"line":37,"column":3}},"loc":{"start":{"line":37,"column":14},"end":{"line":47,"column":3}},"line":37},"3":{"name":"(anonymous_3)","decl":{"start":{"line":54,"column":2},"end":{"line":54,"column":3}},"loc":{"start":{"line":54,"column":12},"end":{"line":56,"column":3}},"line":54},"4":{"name":"(anonymous_4)","decl":{"start":{"line":63,"column":2},"end":{"line":63,"column":3}},"loc":{"start":{"line":63,"column":12},"end":{"line":65,"column":3}},"line":63},"5":{"name":"(anonymous_5)","decl":{"start":{"line":64,"column":23},"end":{"line":64,"column":24}},"loc":{"start":{"line":64,"column":36},"end":{"line":64,"column":40}},"line":64},"6":{"name":"(anonymous_6)","decl":{"start":{"line":83,"column":2},"end":{"line":83,"column":3}},"loc":{"start":{"line":83,"column":58},"end":{"line":112,"column":3}},"line":83},"7":{"name":"(anonymous_7)","decl":{"start":{"line":89,"column":20},"end":{"line":89,"column":21}},"loc":{"start":{"line":89,"column":28},"end":{"line":89,"column":38}},"line":89},"8":{"name":"(anonymous_8)","decl":{"start":{"line":91,"column":20},"end":{"line":91,"column":21}},"loc":{"start":{"line":91,"column":28},"end":{"line":91,"column":32}},"line":91},"9":{"name":"(anonymous_9)","decl":{"start":{"line":126,"column":2},"end":{"line":126,"column":3}},"loc":{"start":{"line":126,"column":22},"end":{"line":134,"column":3}},"line":126},"10":{"name":"(anonymous_10)","decl":{"start":{"line":129,"column":16},"end":{"line":129,"column":17}},"loc":{"start":{"line":129,"column":30},"end":{"line":133,"column":5}},"line":129},"11":{"name":"(anonymous_11)","decl":{"start":{"line":142,"column":2},"end":{"line":142,"column":3}},"loc":{"start":{"line":142,"column":18},"end":{"line":151,"column":3}},"line":142},"12":{"name":"(anonymous_12)","decl":{"start":{"line":145,"column":17},"end":{"line":145,"column":18}},"loc":{"start":{"line":145,"column":35},"end":{"line":148,"column":5}},"line":145},"13":{"name":"(anonymous_13)","decl":{"start":{"line":159,"column":2},"end":{"line":159,"column":3}},"loc":{"start":{"line":159,"column":19},"end":{"line":176,"column":3}},"line":159},"14":{"name":"(anonymous_14)","decl":{"start":{"line":184,"column":2},"end":{"line":184,"column":3}},"loc":{"start":{"line":184,"column":21},"end":{"line":195,"column":3}},"line":184},"15":{"name":"(anonymous_15)","decl":{"start":{"line":205,"column":2},"end":{"line":205,"column":3}},"loc":{"start":{"line":205,"column":21},"end":{"line":220,"column":3}},"line":205},"16":{"name":"(anonymous_16)","decl":{"start":{"line":228,"column":2},"end":{"line":228,"column":3}},"loc":{"start":{"line":228,"column":24},"end":{"line":240,"column":3}},"line":228},"17":{"name":"(anonymous_17)","decl":{"start":{"line":249,"column":2},"end":{"line":249,"column":3}},"loc":{"start":{"line":249,"column":48},"end":{"line":261,"column":3}},"line":249},"18":{"name":"(anonymous_18)","decl":{"start":{"line":269,"column":2},"end":{"line":269,"column":3}},"loc":{"start":{"line":269,"column":14},"end":{"line":280,"column":3}},"line":269},"19":{"name":"(anonymous_19)","decl":{"start":{"line":270,"column":26},"end":{"line":270,"column":27}},"loc":{"start":{"line":270,"column":43},"end":{"line":277,"column":5}},"line":270},"20":{"name":"(anonymous_20)","decl":{"start":{"line":287,"column":2},"end":{"line":287,"column":3}},"loc":{"start":{"line":287,"column":14},"end":{"line":291,"column":3}},"line":287},"21":{"name":"(anonymous_21)","decl":{"start":{"line":289,"column":17},"end":{"line":289,"column":18}},"loc":{"start":{"line":289,"column":26},"end":{"line":289,"column":49}},"line":289}},"branchMap":{"0":{"loc":{"start":{"line":8,"column":21},"end":{"line":8,"column":32}},"type":"default-arg","locations":[{"start":{"line":8,"column":28},"end":{"line":8,"column":32}}],"line":8},"1":{"loc":{"start":{"line":27,"column":4},"end":{"line":29,"column":5}},"type":"if","locations":[{"start":{"line":27,"column":4},"end":{"line":29,"column":5}},{"start":{"line":27,"column":4},"end":{"line":29,"column":5}}],"line":27},"2":{"loc":{"start":{"line":83,"column":36},"end":{"line":83,"column":56}},"type":"default-arg","locations":[{"start":{"line":83,"column":52},"end":{"line":83,"column":56}}],"line":83},"3":{"loc":{"start":{"line":88,"column":4},"end":{"line":92,"column":5}},"type":"if","locations":[{"start":{"line":88,"column":4},"end":{"line":92,"column":5}},{"start":{"line":88,"column":4},"end":{"line":92,"column":5}}],"line":88},"4":{"loc":{"start":{"line":94,"column":4},"end":{"line":96,"column":5}},"type":"if","locations":[{"start":{"line":94,"column":4},"end":{"line":96,"column":5}},{"start":{"line":94,"column":4},"end":{"line":96,"column":5}}],"line":94},"5":{"loc":{"start":{"line":98,"column":4},"end":{"line":104,"column":5}},"type":"if","locations":[{"start":{"line":98,"column":4},"end":{"line":104,"column":5}},{"start":{"line":98,"column":4},"end":{"line":104,"column":5}}],"line":98},"6":{"loc":{"start":{"line":163,"column":4},"end":{"line":165,"column":5}},"type":"if","locations":[{"start":{"line":163,"column":4},"end":{"line":165,"column":5}},{"start":{"line":163,"column":4},"end":{"line":165,"column":5}}],"line":163},"7":{"loc":{"start":{"line":167,"column":11},"end":{"line":167,"column":52}},"type":"binary-expr","locations":[{"start":{"line":167,"column":11},"end":{"line":167,"column":37}},{"start":{"line":167,"column":41},"end":{"line":167,"column":52}}],"line":167},"8":{"loc":{"start":{"line":168,"column":6},"end":{"line":170,"column":7}},"type":"if","locations":[{"start":{"line":168,"column":6},"end":{"line":170,"column":7}},{"start":{"line":168,"column":6},"end":{"line":170,"column":7}}],"line":168},"9":{"loc":{"start":{"line":188,"column":4},"end":{"line":192,"column":5}},"type":"if","locations":[{"start":{"line":188,"column":4},"end":{"line":192,"column":5}},{"start":{"line":188,"column":4},"end":{"line":192,"column":5}}],"line":188},"10":{"loc":{"start":{"line":206,"column":4},"end":{"line":217,"column":5}},"type":"if","locations":[{"start":{"line":206,"column":4},"end":{"line":217,"column":5}},{"start":{"line":206,"column":4},"end":{"line":217,"column":5}}],"line":206},"11":{"loc":{"start":{"line":211,"column":6},"end":{"line":213,"column":7}},"type":"if","locations":[{"start":{"line":211,"column":6},"end":{"line":213,"column":7}},{"start":{"line":211,"column":6},"end":{"line":213,"column":7}}],"line":211},"12":{"loc":{"start":{"line":229,"column":4},"end":{"line":232,"column":5}},"type":"if","locations":[{"start":{"line":229,"column":4},"end":{"line":232,"column":5}},{"start":{"line":229,"column":4},"end":{"line":232,"column":5}}],"line":229},"13":{"loc":{"start":{"line":233,"column":4},"end":{"line":236,"column":5}},"type":"if","locations":[{"start":{"line":233,"column":4},"end":{"line":236,"column":5}},{"start":{"line":233,"column":4},"end":{"line":236,"column":5}}],"line":233},"14":{"loc":{"start":{"line":250,"column":4},"end":{"line":252,"column":5}},"type":"if","locations":[{"start":{"line":250,"column":4},"end":{"line":252,"column":5}},{"start":{"line":250,"column":4},"end":{"line":252,"column":5}}],"line":250},"15":{"loc":{"start":{"line":255,"column":4},"end":{"line":260,"column":5}},"type":"if","locations":[{"start":{"line":255,"column":4},"end":{"line":260,"column":5}},{"start":{"line":255,"column":4},"end":{"line":260,"column":5}}],"line":255},"16":{"loc":{"start":{"line":271,"column":6},"end":{"line":275,"column":7}},"type":"if","locations":[{"start":{"line":271,"column":6},"end":{"line":275,"column":7}},{"start":{"line":271,"column":6},"end":{"line":275,"column":7}}],"line":271},"17":{"loc":{"start":{"line":273,"column":13},"end":{"line":275,"column":7}},"type":"if","locations":[{"start":{"line":273,"column":13},"end":{"line":275,"column":7}},{"start":{"line":273,"column":13},"end":{"line":275,"column":7}}],"line":273}},"s":{"0":172,"1":172,"2":41,"3":2,"4":3,"5":3,"6":3,"7":5,"8":5,"9":3,"10":1,"11":169,"12":306,"13":177,"14":8,"15":36,"16":169,"17":306,"18":177,"19":37,"20":140,"21":137,"22":137,"23":3,"24":3,"25":140,"26":339,"27":339,"28":140,"29":5,"30":5,"31":22,"32":22,"33":22,"34":2,"35":2,"36":9,"37":9,"38":2,"39":11,"40":11,"41":11,"42":2,"43":9,"44":23,"45":4,"46":19,"47":19,"48":5,"49":168,"50":168,"51":168,"52":131,"53":37,"54":168,"55":5,"56":1,"57":4,"58":1,"59":0,"60":1,"61":1,"62":2,"63":4,"64":1,"65":1,"66":3,"67":0,"68":0,"69":3,"70":3,"71":9,"72":3,"73":6,"74":6,"75":3,"76":3,"77":3,"78":8,"79":30,"80":4,"81":26,"82":4,"83":22,"84":8,"85":1,"86":1,"87":4,"88":1,"89":1},"f":{"0":172,"1":41,"2":3,"3":1,"4":169,"5":306,"6":177,"7":36,"8":306,"9":5,"10":22,"11":2,"12":9,"13":11,"14":168,"15":5,"16":4,"17":9,"18":8,"19":30,"20":1,"21":4},"b":{"0":[170],"1":[2,39],"2":[8],"3":[8,169],"4":[37,140],"5":[137,3],"6":[2,9],"7":[28,23],"8":[4,19],"9":[131,37],"10":[1,4],"11":[0,1],"12":[1,3],"13":[0,3],"14":[3,6],"15":[3,3],"16":[4,26],"17":[4,22]},"_coverageSchema":"332fd63041d2c1bcb487cc26dd0d5f7d97098a6c","hash":"e49e1b6b8652b170d8022aa0e795ae6886b7911d","contentHash":"11545a551be74fc62545d23af09b2e67_11.9.0"},"/Users/a6002304/Documents/dev/data-structures/queue/queue.js":{"path":"/Users/a6002304/Documents/dev/data-structures/queue/queue.js","statementMap":{"0":{"start":{"line":3,"column":4},"end":{"line":3,"column":22}},"1":{"start":{"line":4,"column":4},"end":{"line":4,"column":21}},"2":{"start":{"line":8,"column":20},"end":{"line":11,"column":5}},"3":{"start":{"line":12,"column":4},"end":{"line":18,"column":5}},"4":{"start":{"line":13,"column":6},"end":{"line":13,"column":26}},"5":{"start":{"line":14,"column":6},"end":{"line":14,"column":29}},"6":{"start":{"line":16,"column":6},"end":{"line":16,"column":31}},"7":{"start":{"line":17,"column":6},"end":{"line":17,"column":26}},"8":{"start":{"line":22,"column":4},"end":{"line":26,"column":5}},"9":{"start":{"line":23,"column":20},"end":{"line":23,"column":36}},"10":{"start":{"line":24,"column":6},"end":{"line":24,"column":35}},"11":{"start":{"line":25,"column":6},"end":{"line":25,"column":19}},"12":{"start":{"line":27,"column":4},"end":{"line":27,"column":16}},"13":{"start":{"line":31,"column":4},"end":{"line":33,"column":5}},"14":{"start":{"line":32,"column":6},"end":{"line":32,"column":18}},"15":{"start":{"line":34,"column":4},"end":{"line":34,"column":17}},"16":{"start":{"line":38,"column":0},"end":{"line":38,"column":23}}},"fnMap":{"0":{"name":"(anonymous_0)","decl":{"start":{"line":2,"column":2},"end":{"line":2,"column":3}},"loc":{"start":{"line":2,"column":16},"end":{"line":5,"column":3}},"line":2},"1":{"name":"(anonymous_1)","decl":{"start":{"line":7,"column":2},"end":{"line":7,"column":3}},"loc":{"start":{"line":7,"column":19},"end":{"line":19,"column":3}},"line":7},"2":{"name":"(anonymous_2)","decl":{"start":{"line":21,"column":2},"end":{"line":21,"column":3}},"loc":{"start":{"line":21,"column":12},"end":{"line":28,"column":3}},"line":21},"3":{"name":"(anonymous_3)","decl":{"start":{"line":30,"column":2},"end":{"line":30,"column":3}},"loc":{"start":{"line":30,"column":12},"end":{"line":35,"column":3}},"line":30}},"branchMap":{"0":{"loc":{"start":{"line":12,"column":4},"end":{"line":18,"column":5}},"type":"if","locations":[{"start":{"line":12,"column":4},"end":{"line":18,"column":5}},{"start":{"line":12,"column":4},"end":{"line":18,"column":5}}],"line":12},"1":{"loc":{"start":{"line":22,"column":4},"end":{"line":26,"column":5}},"type":"if","locations":[{"start":{"line":22,"column":4},"end":{"line":26,"column":5}},{"start":{"line":22,"column":4},"end":{"line":26,"column":5}}],"line":22},"2":{"loc":{"start":{"line":31,"column":4},"end":{"line":33,"column":5}},"type":"if","locations":[{"start":{"line":31,"column":4},"end":{"line":33,"column":5}},{"start":{"line":31,"column":4},"end":{"line":33,"column":5}}],"line":31}},"s":{"0":6,"1":6,"2":10,"3":10,"4":4,"5":4,"6":6,"7":6,"8":10,"9":6,"10":6,"11":6,"12":4,"13":2,"14":1,"15":1,"16":1},"f":{"0":6,"1":10,"2":10,"3":2},"b":{"0":[4,6],"1":[6,4],"2":[1,1]},"_coverageSchema":"332fd63041d2c1bcb487cc26dd0d5f7d97098a6c","hash":"f58aff906573e75671c3cf57b3b159e6da4b0f73","contentHash":"32788d5afaa93c329c1a0f6084077c75_11.9.0"},"/Users/a6002304/Documents/dev/data-structures/queue/priority-queue.js":{"path":"/Users/a6002304/Documents/dev/data-structures/queue/priority-queue.js","statementMap":{"0":{"start":{"line":8,"column":4},"end":{"line":8,"column":21}},"1":{"start":{"line":12,"column":4},"end":{"line":15,"column":7}},"2":{"start":{"line":16,"column":4},"end":{"line":16,"column":16}},"3":{"start":{"line":20,"column":4},"end":{"line":22,"column":5}},"4":{"start":{"line":21,"column":6},"end":{"line":21,"column":18}},"5":{"start":{"line":23,"column":4},"end":{"line":23,"column":35}},"6":{"start":{"line":27,"column":4},"end":{"line":29,"column":7}},"7":{"start":{"line":28,"column":6},"end":{"line":28,"column":37}},"8":{"start":{"line":33,"column":4},"end":{"line":33,"column":31}},"9":{"start":{"line":37,"column":0},"end":{"line":37,"column":31}}},"fnMap":{"0":{"name":"(anonymous_0)","decl":{"start":{"line":7,"column":2},"end":{"line":7,"column":3}},"loc":{"start":{"line":7,"column":16},"end":{"line":9,"column":3}},"line":7},"1":{"name":"(anonymous_1)","decl":{"start":{"line":11,"column":2},"end":{"line":11,"column":3}},"loc":{"start":{"line":11,"column":25},"end":{"line":17,"column":3}},"line":11},"2":{"name":"(anonymous_2)","decl":{"start":{"line":19,"column":2},"end":{"line":19,"column":3}},"loc":{"start":{"line":19,"column":12},"end":{"line":24,"column":3}},"line":19},"3":{"name":"(anonymous_3)","decl":{"start":{"line":26,"column":2},"end":{"line":26,"column":3}},"loc":{"start":{"line":26,"column":9},"end":{"line":30,"column":3}},"line":26},"4":{"name":"(anonymous_4)","decl":{"start":{"line":27,"column":21},"end":{"line":27,"column":22}},"loc":{"start":{"line":27,"column":31},"end":{"line":29,"column":5}},"line":27},"5":{"name":"(anonymous_5)","decl":{"start":{"line":32,"column":2},"end":{"line":32,"column":3}},"loc":{"start":{"line":32,"column":12},"end":{"line":34,"column":3}},"line":32}},"branchMap":{"0":{"loc":{"start":{"line":20,"column":4},"end":{"line":22,"column":5}},"type":"if","locations":[{"start":{"line":20,"column":4},"end":{"line":22,"column":5}},{"start":{"line":20,"column":4},"end":{"line":22,"column":5}}],"line":20}},"s":{"0":11,"1":34,"2":34,"3":19,"4":5,"5":14,"6":34,"7":157,"8":7,"9":1},"f":{"0":11,"1":34,"2":19,"3":34,"4":157,"5":7},"b":{"0":[5,14]},"_coverageSchema":"332fd63041d2c1bcb487cc26dd0d5f7d97098a6c","hash":"8ce7f6724a91d2cbe46d968e0c636f6abbb2a450","contentHash":"bad9da6ead9d1eb200444b503b34d887_11.9.0"},"/Users/a6002304/Documents/dev/data-structures/rabin-karp/rk.js":{"path":"/Users/a6002304/Documents/dev/data-structures/rabin-karp/rk.js","statementMap":{"0":{"start":{"line":1,"column":18},"end":{"line":1,"column":21}},"1":{"start":{"line":8,"column":19},"end":{"line":15,"column":1}},"2":{"start":{"line":9,"column":13},"end":{"line":9,"column":14}},"3":{"start":{"line":10,"column":2},"end":{"line":13,"column":3}},"4":{"start":{"line":11,"column":22},"end":{"line":11,"column":39}},"5":{"start":{"line":12,"column":4},"end":{"line":12,"column":40}},"6":{"start":{"line":14,"column":2},"end":{"line":14,"column":14}},"7":{"start":{"line":17,"column":23},"end":{"line":27,"column":1}},"8":{"start":{"line":18,"column":16},"end":{"line":18,"column":20}},"9":{"start":{"line":20,"column":2},"end":{"line":25,"column":3}},"10":{"start":{"line":21,"column":4},"end":{"line":24,"column":5}},"11":{"start":{"line":22,"column":6},"end":{"line":22,"column":22}},"12":{"start":{"line":23,"column":6},"end":{"line":23,"column":12}},"13":{"start":{"line":26,"column":2},"end":{"line":26,"column":17}},"14":{"start":{"line":35,"column":24},"end":{"line":59,"column":1}},"15":{"start":{"line":36,"column":18},"end":{"line":36,"column":20}},"16":{"start":{"line":38,"column":18},"end":{"line":38,"column":48}},"17":{"start":{"line":39,"column":23},"end":{"line":39,"column":54}},"18":{"start":{"line":40,"column":36},"end":{"line":40,"column":60}},"19":{"start":{"line":42,"column":21},"end":{"line":42,"column":52}},"20":{"start":{"line":44,"column":2},"end":{"line":56,"column":3}},"21":{"start":{"line":45,"column":4},"end":{"line":51,"column":5}},"22":{"start":{"line":48,"column":6},"end":{"line":50,"column":7}},"23":{"start":{"line":49,"column":8},"end":{"line":49,"column":24}},"24":{"start":{"line":54,"column":22},"end":{"line":54,"column":53}},"25":{"start":{"line":55,"column":4},"end":{"line":55,"column":92}},"26":{"start":{"line":58,"column":2},"end":{"line":58,"column":17}},"27":{"start":{"line":61,"column":12},"end":{"line":61,"column":25}},"28":{"start":{"line":62,"column":15},"end":{"line":62,"column":22}},"29":{"start":{"line":63,"column":16},"end":{"line":63,"column":44}},"30":{"start":{"line":64,"column":0},"end":{"line":64,"column":21}},"31":{"start":{"line":66,"column":0},"end":{"line":66,"column":33}}},"fnMap":{"0":{"name":"(anonymous_0)","decl":{"start":{"line":8,"column":19},"end":{"line":8,"column":20}},"loc":{"start":{"line":8,"column":40},"end":{"line":15,"column":1}},"line":8},"1":{"name":"(anonymous_1)","decl":{"start":{"line":17,"column":23},"end":{"line":17,"column":24}},"loc":{"start":{"line":17,"column
[...]
:4},"end":{"line":27,"column":25}},"9":{"start":{"line":30,"column":4},"end":{"line":41,"column":5}},"10":{"start":{"line":34,"column":6},"end":{"line":40,"column":7}},"11":{"start":{"line":38,"column":8},"end":{"line":38,"column":30}},"12":{"start":{"line":39,"column":8},"end":{"line":39,"column":16}},"13":{"start":{"line":45,"column":4},"end":{"line":45,"column":27}},"14":{"start":{"line":48,"column":4},"end":{"line":48,"column":17}},"15":{"start":{"line":52,"column":2},"end":{"line":92,"column":4}},"16":{"start":{"line":61,"column":18},"end":{"line":61,"column":22}},"17":{"start":{"line":64,"column":6},"end":{"line":66,"column":7}},"18":{"start":{"line":65,"column":8},"end":{"line":65,"column":16}},"19":{"start":{"line":69,"column":6},"end":{"line":71,"column":7}},"20":{"start":{"line":70,"column":8},"end":{"line":70,"column":32}},"21":{"start":{"line":74,"column":6},"end":{"line":87,"column":7}},"22":{"start":{"line":77,"column":8},"end":{"line":77,"column":59}},"23":{"start":{"line":80,"column":26},"end":{"line":80,"column":62}},"24":{"start":{"line":83,"column":8},"end":{"line":83,"column":52}},"25":{"start":{"line":86,"column":8},"end":{"line":86,"column":53}},"26":{"start":{"line":90,"column":6},"end":{"line":90,"column":19}},"27":{"start":{"line":95,"column":0},"end":{"line":95,"column":29}}},"fnMap":{"0":{"name":"(anonymous_0)","decl":{"start":{"line":1,"column":21},"end":{"line":1,"column":22}},"loc":{"start":{"line":1,"column":27},"end":{"line":93,"column":1}},"line":1},"1":{"name":"(anonymous_1)","decl":{"start":{"line":5,"column":15},"end":{"line":5,"column":16}},"loc":{"start":{"line":5,"column":44},"end":{"line":15,"column":3}},"line":5},"2":{"name":"(anonymous_2)","decl":{"start":{"line":18,"column":20},"end":{"line":18,"column":21}},"loc":{"start":{"line":18,"column":46},"end":{"line":49,"column":3}},"line":18},"3":{"name":"(anonymous_3)","decl":{"start":{"line":58,"column":15},"end":{"line":58,"column":16}},"loc":{"start":{"line":58,"column":44},"end":{"line":91,"column":5}},"line":58}},"branchMap":{"0":{"loc":{"start":{"line":34,"column":6},"end":{"line":40,"column":7}},"type":"if","locations":[{"start":{"line":34,"column":6},"end":{"line":40,"column":7}},{"start":{"line":34,"column":6},"end":{"line":40,"column":7}}],"line":34},"1":{"loc":{"start":{"line":64,"column":6},"end":{"line":66,"column":7}},"type":"if","locations":[{"start":{"line":64,"column":6},"end":{"line":66,"column":7}},{"start":{"line":64,"column":6},"end":{"line":66,"column":7}}],"line":64},"2":{"loc":{"start":{"line":69,"column":6},"end":{"line":71,"column":7}},"type":"if","locations":[{"start":{"line":69,"column":6},"end":{"line":71,"column":7}},{"start":{"line":69,"column":6},"end":{"line":71,"column":7}}],"line":69},"3":{"loc":{"start":{"line":74,"column":6},"end":{"line":87,"column":7}},"type":"if","locations":[{"start":{"line":74,"column":6},"end":{"line":87,"column":7}},{"start":{"line":74,"column":6},"end":{"line":87,"column":7}}],"line":74}},"s":{"0":1,"1":1,"2":38,"3":38,"4":38,"5":1,"6":6,"7":6,"8":6,"9":6,"10":34,"11":26,"12":26,"13":6,"14":6,"15":1,"16":13,"17":13,"18":1,"19":13,"20":1,"21":13,"22":6,"23":6,"24":6,"25":6,"26":13,"27":1},"f":{"0":1,"1":38,"2":6,"3":13},"b":{"0":[26,8],"1":[1,12],"2":[1,12],"3":[6,7]},"_coverageSchema":"332fd63041d2c1bcb487cc26dd0d5f7d97098a6c","hash":"9a626585618894277e633392b27b539d1da300f1","contentHash":"2e03aa017116154b4c0a4e594f10e4f9_11.9.0"},"/Users/a6002304/Documents/dev/data-structures/sorting/quick-recursive.js":{"path":"/Users/a6002304/Documents/dev/data-structures/sorting/quick-recursive.js","statementMap":{"0":{"start":{"line":1,"column":18},"end":{"line":19,"column":1}},"1":{"start":{"line":3,"column":2},"end":{"line":5,"column":3}},"2":{"start":{"line":4,"column":4},"end":{"line":4,"column":15}},"3":{"start":{"line":8,"column":16},"end":{"line":8,"column":22}},"4":{"start":{"line":11,"column":26},"end":{"line":11,"column":49}},"5":{"start":{"line":14,"column":18},"end":{"line":14,"column":35}},"6":{"start":{"line":15,"column":19},"end":{"line":15,"column":37}},"7":{"start":{"line":18,"column":2},"end":{"line":18,"column":43}},"8":{"start":{"line":21,"column":18},"end":{"line":39,"column":1}},"9":{"start":{"line":22,"column":15},"end":{"line":22,"column":17}},"10":{"start":{"line":23,"column":16},"end":{"line":23,"column":18}},"11":{"start":{"line":26,"column":2},"end":{"line":33,"column":3}},"12":{"start":{"line":28,"column":4},"end":{"line":32,"column":5}},"13":{"start":{"line":29,"column":6},"end":{"line":29,"column":26}},"14":{"start":{"line":31,"column":6},"end":{"line":31,"column":27}},"15":{"start":{"line":35,"column":2},"end":{"line":38,"column":4}},"16":{"start":{"line":41,"column":0},"end":{"line":41,"column":27}}},"fnMap":{"0":{"name":"(anonymous_0)","decl":{"start":{"line":1,"column":18},"end":{"line":1,"column":19}},"loc":{"start":{"line":1,"column":29},"end":{"line":19,"column":1}},"line":1},"1":{"name":"(anonymous_1)","decl":{"start":{"line":21,"column":18},"end":{"line":21,"column":19}},"loc":{"start":{"line":21,"column":36},"end":{"line":39,"column":1}},"line":21}},"branchMap":{"0":{"loc":{"start":{"line":3,"column":2},"end":{"line":5,"column":3}},"type":"if","locations":[{"start":{"line":3,"column":2},"end":{"line":5,"column":3}},{"start":{"line":3,"column":2},"end":{"line":5,"column":3}}],"line":3},"1":{"loc":{"start":{"line":28,"column":4},"end":{"line":32,"column":5}},"type":"if","locations":[{"start":{"line":28,"column":4},"end":{"line":32,"column":5}},{"start":{"line":28,"column":4},"end":{"line":32,"column":5}}],"line":28}},"s":{"0":1,"1":17,"2":9,"3":8,"4":8,"5":8,"6":8,"7":8,"8":1,"9":8,"10":8,"11":8,"12":28,"13":12,"14":16,"15":8,"16":1},"f":{"0":17,"1":8},"b":{"0":[9,8],"1":[12,16]},"_coverageSchema":"332fd63041d2c1bcb487cc26dd0d5f7d97098a6c","hash":"bd93d7f651ad02dbcf182a11a91574c34b903580","contentHash":"7a62e113864ebcfc0d82d41edf838618_11.9.0"},"/Users/a6002304/Documents/dev/data-structures/sorting/mergesort.js":{"path":"/Users/a6002304/Documents/dev/data-structures/sorting/mergesort.js","statementMap":{"0":{"start":{"line":1,"column":22},"end":{"line":58,"column":1}},"1":{"start":{"line":3,"column":16},"end":{"line":33,"column":3}},"2":{"start":{"line":5,"column":19},"end":{"line":5,"column":21}},"3":{"start":{"line":8,"column":4},"end":{"line":19,"column":5}},"4":{"start":{"line":10,"column":6},"end":{"line":18,"column":7}},"5":{"start":{"line":13,"column":8},"end":{"line":13,"column":36}},"6":{"start":{"line":17,"column":8},"end":{"line":17,"column":37}},"7":{"start":{"line":22,"column":4},"end":{"line":24,"column":5}},"8":{"start":{"line":23,"column":6},"end":{"line":23,"column":34}},"9":{"start":{"line":27,"column":4},"end":{"line":29,"column":5}},"10":{"start":{"line":28,"column":6},"end":{"line":28,"column":35}},"11":{"start":{"line":32,"column":4},"end":{"line":32,"column":18}},"12":{"start":{"line":35,"column":2},"end":{"line":57,"column":4}},"13":{"start":{"line":39,"column":6},"end":{"line":41,"column":7}},"14":{"start":{"line":40,"column":8},"end":{"line":40,"column":19}},"15":{"start":{"line":44,"column":22},"end":{"line":44,"column":48}},"16":{"start":{"line":47,"column":20},"end":{"line":47,"column":41}},"17":{"start":{"line":50,"column":21},"end":{"line":50,"column":51}},"18":{"start":{"line":55,"column":6},"end":{"line":55,"column":71}},"19":{"start":{"line":60,"column":0},"end":{"line":60,"column":29}}},"fnMap":{"0":{"name":"(anonymous_0)","decl":{"start":{"line":1,"column":22},"end":{"line":1,"column":23}},"loc":{"start":{"line":1,"column":28},"end":{"line":58,"column":1}},"line":1},"1":{"name":"(anonymous_1)","decl":{"start":{"line":3,"column":16},"end":{"line":3,"column":17}},"loc":{"start":{"line":3,"column":35},"end":{"line":33,"column":3}},"line":3},"2":{"name":"(anonymous_2)","decl":{"start":{"line":36,"column":15},"end":{"line":36,"column":16}},"loc":{"start":{"line":36,"column":32},"end":{"line":56,"column":5}},"line":36}},"branchMap":{"0":{"loc":{"start":{"line":8,"column":12},"end":{"line":8,"column":47}},"type":"binary-expr","locations":[{"start":{"line":8,"column":12},"end":{"line":8,"column":27}},{"start":{"line":8,"column":31},"end":{"line":8,"column":47}}],"line":8},"1":{"loc":{"start":{"line":10,"column":6},"end":{"line":18,"column":7}},"type":"if","locations":[{"start":{"line":10,"column":6},"end":{"line":18,"column":7}},{"start":{"line":10,"column":6},"end":{"line":18,"column":7}}],"line":10},"2":{"loc":{"start":{"line":39,"column":6},"end":{"line":41,"column":7}},"type":"if","locations":[{"start":{"line":39,"column":6},"end":{"line":41,"column":7}},{"start":{"line":39,"column":6},"end":{"line":41,"column":7}}],"line":39}},"s":{"0":1,"1":1,"2":11,"3":11,"4":28,"5":15,"6":13,"7":11,"8":5,"9":11,"10":11,"11":11,"12":1,"13":23,"14":12,"15":11,"16":11,"17":11,"18":11,"19":1},"f":{"0":1,"1":11,"2":23},"b":{"0":[39,32],"1":[15,13],"2":[12,11]},"_coverageSchema":"332fd63041d2c1bcb487cc26dd0d5f7d97098a6c","hash":"4671be529c7c5b30f6c611b012d6f1ecb8825c4a","contentHash":"0b93d4983abe417cb1551b623838fc1f_11.9.0"},"/Users/a6002304/Documents/dev/data-structures/sorting/insertionsort.js":{"path":"/Users/a6002304/Documents/dev/data-structures/sorting/insertionsort.js","statementMap":{"0":{"start":{"line":1,"column":25},"end":{"line":43,"column":1}},"1":{"start":{"line":3,"column":15},"end":{"line":12,"column":3}},"2":{"start":{"line":5,"column":16},"end":{"line":5,"column":29}},"3":{"start":{"line":8,"column":4},"end":{"line":8,"column":34}},"4":{"start":{"line":11,"column":4},"end":{"line":11,"column":24}},"5":{"start":{"line":14,"column":2},"end":{"line":42,"column":4}},"6":{"start":{"line":27,"column":6},"end":{"line":39,"column":7}},"7":{"start":{"line":29,"column":16},"end":{"line":29,"column":17}},"8":{"start":{"line":33,"column":8},"end":{"line":38,"column":9}},"9":{"start":{"line":35,"column":10},"end":{"line":35,"column":30}},"10":{"start":{"line":37,"column":10},"end":{"line":37,"column":14}},"11":{"start":{"line":40,"column":6},"end":{"line":40,"column":15}},"12":{"start":{"line":45,"column":0},"end":{"line":45,"column":33}}},"fnMap":{"0":{"name":"(anonymous_0)","decl":{"start":{"line":1,"column":25},"end":{"line":1,"column":26}},"loc":{"start":{"line":1,"column":31},"end":{"line":43,"column":1}},"line":1},"1":{"name":"(anonymous_1)","decl":{"start":{"line":3,"column":15},"end":{"line":3,"column":16}},"loc":{"start":{"line":3,"column":44},"end":{"line":12,"column":3}},"line":3},"2":{"name":"(anonymous_2)","decl":{"start":{"line":23,"column":19},"end":{"line":23,"column":20}},"loc":{"start":{"line":23,"column":28},"end":{"line":41,"column":5}},"line":23}},"branchMap":{"0":{"loc":{"start":{"line":33,"column":16},"end":{"line":33,"column":44}},"type":"binary-expr","locations":[{"start":{"line":33,"column":16},"end":{"line":33,"column":21}},{"start":{"line":33,"column":27},"end":{"line":33,"column":42}}],"line":33}},"s":{"0":1,"1":1,"2":24,"3":24,"4":24,"5":1,"6":1,"7":11,"8":11,"9":24,"10":24,"11":1,"12":1},"f":{"0":1,"1":24,"2":1},"b":{"0":[35,34]},"_coverageSchema":"332fd63041d2c1bcb487cc26dd0d5f7d97098a6c","hash":"b37f4b7a2f1bbda54814fcaf5ae44216e0cd8ee5","contentHash":"5c23790da52de7aa8157115003611ff7_11.9.0"},"/Users/a6002304/Documents/dev/data-structures/sorting/selectionsort.js":{"path":"/Users/a6002304/Documents/dev/data-structures/sorting/selectionsort.js","statementMap":{"0":{"start":{"line":1,"column":25},"end":{"line":31,"column":1}},"1":{"start":{"line":3,"column":15},"end":{"line":12,"column":3}},"2":{"start":{"line":5,"column":16},"end":{"line":5,"column":29}},"3":{"start":{"line":8,"column":4},"end":{"line":8,"column":34}},"4":{"start":{"line":11,"column":4},"end":{"line":11,"column":24}},"5":{"start":{"line":15,"column":2},"end":{"line":30,"column":4}},"6":{"start":{"line":17,"column":6},"end":{"line":27,"column":7}},"7":{"start":{"line":18,"column":18},"end":{"line":18,"column":19}},"8":{"start":{"line":19,"column":8},"end":{"line":23,"column":9}},"9":{"start":{"line":20,"column":10},"end":{"line":22,"column":11}},"10":{"start":{"line":21,"column":12},"end":{"line":21,"column":20}},"11":{"start":{"line":24,"column":8},"end":{"line":26,"column":9}},"12":{"start":{"line":25,"column":10},"end":{"line":25,"column":30}},"13":{"start":{"line":28,"column":6},"end":{"line":28,"column":19}},"14":{"start":{"line":33,"column":0},"end":{"line":33,"column":33}}},"fnMap":{"0":{"name":"(anonymous_0)","decl":{"start":{"line":1,"column":25},"end":{"line":1,"column":26}},"loc":{"start":{"line":1,"column":31},"end":{"line":31,"column":1}},"line":1},"1":{"name":"(anonymous_1)","decl":{"start":{"line":3,"column":15},"end":{"line":3,"column":16}},"loc":{"start":{"line":3,"column":42},"end":{"line":12,"column":3}},"line":3},"2":{"name":"(anonymous_2)","decl":{"start":{"line":16,"column":19},"end":{"line":16,"column":20}},"loc":{"start":{"line":16,"column":32},"end":{"line":29,"column":5}},"line":16}},"branchMap":{"0":{"loc":{"start":{"line":20,"column":10},"end":{"line":22,"column":11}},"type":"if","locations":[{"start":{"line":20,"column":10},"end":{"line":22,"column":11}},{"start":{"line":20,"column":10},"end":{"line":22,"column":11}}],"line":20},"1":{"loc":{"start":{"line":24,"column":8},"end":{"line":26,"column":9}},"type":"if","locations":[{"start":{"line":24,"column":8},"end":{"line":26,"column":9}},{"start":{"line":24,"column":8},"end":{"line":26,"column":9}}],"line":24}},"s":{"0":1,"1":1,"2":8,"3":8,"4":8,"5":1,"6":1,"7":11,"8":11,"9":66,"10":13,"11":11,"12":8,"13":1,"14":1},"f":{"0":1,"1":8,"2":1},"b":{"0":[13,53],"1":[8,3]},"_coverageSchema":"332fd63041d2c1bcb487cc26dd0d5f7d97098a6c","hash":"3c93752e7e5cbf1d46e03cc3df09f51fd0afe201","contentHash":"056b808c77932ae9798755c90494c0e5_11.9.0"},"/Users/a6002304/Documents/dev/data-structures/stack/stack.js":{"path":"/Users/a6002304/Documents/dev/data-structures/stack/stack.js","statementMap":{"0":{"start":{"line":3,"column":4},"end":{"line":3,"column":20}},"1":{"start":{"line":7,"column":20},"end":{"line":10,"column":5}},"2":{"start":{"line":11,"column":4},"end":{"line":11,"column":23}},"3":{"start":{"line":15,"column":4},"end":{"line":19,"column":5}},"4":{"start":{"line":16,"column":20},"end":{"line":16,"column":34}},"5":{"start":{"line":17,"column":6},"end":{"line":17,"column":31}},"6":{"start":{"line":18,"column":6},"end":{"line":18,"column":19}},"7":{"start":{"line":20,"column":4},"end":{"line":20,"column":16}},"8":{"start":{"line":24,"column":0},"end":{"line":24,"column":23}}},"fnMap":{"0":{"name":"(anonymous_0)","decl":{"start":{"line":2,"column":2},"end":{"line":2,"column":3}},"loc":{"start":{"line":2,"column":16},"end":{"line":4,"column":3}},"line":2},"1":{"name":"(anonymous_1)","decl":{"start":{"line":6,"column":2},"end":{"line":6,"column":3}},"loc":{"start":{"line":6,"column":16},"end":{"line":12,"column":3}},"line":6},"2":{"name":"(anonymous_2)","decl":{"start":{"line":14,"column":2},"end":{"line":14,"column":3}},"loc":{"start":{"line":14,"column":8},"end":{"line":21,"column":3}},"line":14}},"branchMap":{"0":{"loc":{"start":{"line":15,"column":4},"end":{"line":19,"column":5}},"type":"if","locations":[{"start":{"line":15,"column":4},"end":{"line":19,"column":5}},{"start":{"line":15,"column":4},"end":{"line":19,"column":5}}],"line":15}},"s":{"0":4,"1":9,"2":9,"3":10,"4":6,"5":6,"6":6,"7":4,"8":1},"f":{"0":4,"1":9,"2":10},"b":{"0":[6,4]},"_coverageSchema":"332fd63041d2c1bcb487cc26dd0d5f7d97098a6c","hash":"830ec1deeda0a06d19a1eb04953915700cabd5b2","contentHash":"cde13dc6498dcca9d6ccecfb55f6e809_11.9.0"},"/Users/a6002304/Documents/dev/data-structures/trie/trie.js":{"path":"/Users/a6002304/Documents/dev/data-structures/trie/trie.js","statementMap":{"0":{"start":{"line":3,"column":4},"end":{"line":3,"column":24}},"1":{"start":{"line":4,"column":4},"end":{"line":4,"column":23}},"2":{"start":{"line":5,"column":4},"end":{"line":5,"column":23}},"3":{"start":{"line":9,"column":17},"end":{"line":13,"column":1}},"4":{"start":{"line":10,"column":2},"end":{"line":12,"column":3}},"5":{"start":{"line":11,"column":4},"end":{"line":11,"column":56}},"6":{"start":{"line":17,"column":4},"end":{"line":17,"column":19}},"7":{"start":{"line":18,"column":4},"end":{"line":18,"column":33}},"8":{"start":{"line":22,"column":4},"end":{"line":22,"column":19}},"9":{"start":{"line":23,"column":19},"end":{"line":23,"column":28}},"10":{"start":{"line":25,"column":4},"end":{"line":35,"column":5}},"11":{"start":{"line":26,"column":21},"end":{"line":26,"column":28}},"12":{"start":{"line":27,"column":21},"end":{"line":27,"column":46}},"13":{"start":{"line":29,"column":6},"end":{"line":31,"column":7}},"14":{"start":{"line":30,"column":8},"end":{"line":30,"column":40}},"15":{"start":{"line":32,"column":6},"end":{"line":32,"column":43}},"16":{"start":{"line":33,"column":6},"end":{"line":33,"column":26}},"17":{"start":{"line":36,"column":4},"end":{"line":39,"column":5}},"18":{"start":{"line":37,"column":6},"end":{"line":37,"column":19}},"19":{"start":{"line":38,"column":6},"end":{"line":38,"column":29}},"20":{"start":{"line":43,"column":4},"end":{"line":43,"column":19}},"21":{"start":{"line":44,"column":19},"end":{"line":44,"column":28}},"22":{"start":{"line":46,"column":4},"end":{"line":52,"column":5}},"23":{"start":{"line":47,"column":21},"end":{"line":47,"column":28}},"24":{"start":{"line":48,"column":6},"end":{"line":50,"column":7}},"25":{"start":{"line":49,"column":8},"end":{"line":49,"column":21}},"26":{"start":{"line":51,"column":6},"end":{"line":51,"column":43}},"27":{"start":{"line":53,"column":4},"end":{"line":53,"column":29}},"28":{"start":{"line":57,"column":0},"end":{"line":57,"column":22}}},"fnMap":{"0":{"name":"(anonymous_0)","decl":{"start":{"line":2,"column":2},"end":{"line":2,"column":3}},"loc":{"start":{"line":2,"column":21},"end":{"line":6,"column":3}},"line":2},"1":{"name":"(anonymous_1)","decl":{"start":{"line":9,"column":17},"end":{"line":9,"column":18}},"loc":{"start":{"line":9,"column":29},"end":{"line":13,"column":1}},"line":9},"2":{"name":"(anonymous_2)","decl":{"start":{"line":16,"column":2},"end":{"line":16,"column":3}},"loc":{"start":{"line":16,"column":16},"end":{"line":19,"column":3}},"line":16},"3":{"name":"(anonymous_3)","decl":{"start":{"line":21,"column":2},"end":{"line":21,"column":3}},"loc":{"start":{"line":21,"column":12},"end":{"line":40,"column":3}},"line":21},"4":{"name":"(anonymous_4)","decl":{"start":{"line":42,"column":2},"end":{"line":42,"column":3}},"loc":{"start":{"line":42,"column":15},"end":{"line":54,"column":3}},"line":42}},"branchMap":{"0":{"loc":{"start":{"line":10,"column":2},"end":{"line":12,"column":3}},"type":"if","locations":[{"start":{"line":10,"column":2},"end":{"line":12,"column":3}},{"start":{"line":10,"column":2},"end":{"line":12,"column":3}}],"line":10},"1":{"loc":{"start":{"line":29,"column":6},"end":{"line":31,"column":7}},"type":"if","locations":[{"start":{"line":29,"column":6},"end":{"line":31,"column":7}},{"start":{"line":29,"column":6},"end":{"line":31,"column":7}}],"line":29},"2":{"loc":{"start":{"line":36,"column":4},"end":{"line":39,"column":5}},"type":"if","locations":[{"start":{"line":36,"column":4},"end":{"line":39,"column":5}},{"start":{"line":36,"column":4},"end":{"line":39,"column":5}}],"line":36},"3":{"loc":{"start":{"line":48,"column":6},"end":{"line":50,"column":7}},"type":"if","locations":[{"start":{"line":48,"column":6},"end":{"line":50,"column":7}},{"start":{"line":48,"column":6},"end":{"line":50,"column":7}}],"line":48}},"s":{"0":79,"1":79,"2":79,"3":1,"4":141,"5":6,"6":6,"7":6,"8":119,"9":113,"10":113,"11":389,"12":389,"13":389,"14":73,"15":389,"16":389,"17":113,"18":12,"19":12,"20":22,"21":22,"22":22,"23":96,"24":96,"25":4,"26":92,"27":18,"28":1},"f":{"0":79,"1":141,"2":6,"3":119,"4":22},"b":{"0":[6,135],"1":[73,316],"2":[12,101],"3":[4,92]},"_coverageSchema":"332fd63041d2c1bcb487cc26dd0d5f7d97098a6c","hash":"68245e45c8fc5581f0761c32059bf1bb95cd6e2a","contentHash":"c335397827f9b247f3ab1ed038340edd_11.9.0"}}